[START OF SIMULATION]
call r0, r0, 0x0020
[F] R0 = (PC + 4) >> 2 = 0x00000000, PC = (R0 + 0x0020) << 2 = 0x00000080
addi r1, r0, 41
[F] FR = 0x00000000, R1 = R0 + 0x0029 = 0x00000029
addi r2, r0, 11
[F] FR = 0x00000000, R2 = R0 + 0x000B = 0x0000000B
ldw r3, r0, 0x0028
[F] R3 = MEM[(R0 + 0x0028) << 2] = 0x00000000
addi r31, r0, 63
[F] FR = 0x00000000, R31 = R0 + 0x003F = 0x0000003F
addi r31, r31, 19
[F] FR = 0x00000000, R31 = R31 + 0x0013 = 0x00000052
call r30, r0, 0x0004
[F] R30 = (PC + 4) >> 2 = 0x00000026, PC = (R0 + 0x0004) << 2 = 0x00000010
cmpi r2, 1
[F] FR = 0x00000004
add r4, r1, r2
[U] FR = 0x00000004, R4 = R1 + R2 = 0x00000034
bgt 0x0000000A
[S] PC = 0x00000028
ldw r5, r4, 0x0000
[F] R5 = MEM[(R4 + 0x0000) << 2] = 0x00000000
cmpi r5, 0
[F] FR = 0x00000001
bne 0x0000001F
[S] PC = 0x00000034
push r31, r30
[U] MEM[R31--] = R30 = 0x00000026
push r31, r2
[U] MEM[R31--] = R2 = 0x0000000B
subi r2, r2, 2
[F] FR = 0x00000001, R2 = R2 - 0x0002 = 0x00000009
call r30, r0, 0x0004
[F] R30 = (PC + 4) >> 2 = 0x00000011, PC = (R0 + 0x0004) << 2 = 0x00000010
cmpi r2, 1
[F] FR = 0x00000004
add r4, r1, r2
[U] FR = 0x00000004, R4 = R1 + R2 = 0x00000032
bgt 0x0000000A
[S] PC = 0x00000028
ldw r5, r4, 0x0000
[F] R5 = MEM[(R4 + 0x0000) << 2] = 0x00000000
cmpi r5, 0
[F] FR = 0x00000001
bne 0x0000001F
[S] PC = 0x00000034
push r31, r30
[U] MEM[R31--] = R30 = 0x00000011
push r31, r2
[U] MEM[R31--] = R2 = 0x00000009
subi r2, r2, 2
[F] FR = 0x00000001, R2 = R2 - 0x0002 = 0x00000007
call r30, r0, 0x0004
[F] R30 = (PC + 4) >> 2 = 0x00000011, PC = (R0 + 0x0004) << 2 = 0x00000010
cmpi r2, 1
[F] FR = 0x00000004
add r4, r1, r2
[U] FR = 0x00000004, R4 = R1 + R2 = 0x00000030
bgt 0x0000000A
[S] PC = 0x00000028
ldw r5, r4, 0x0000
[F] R5 = MEM[(R4 + 0x0000) << 2] = 0x00000000
cmpi r5, 0
[F] FR = 0x00000001
bne 0x0000001F
[S] PC = 0x00000034
push r31, r30
[U] MEM[R31--] = R30 = 0x00000011
push r31, r2
[U] MEM[R31--] = R2 = 0x00000007
subi r2, r2, 2
[F] FR = 0x00000001, R2 = R2 - 0x0002 = 0x00000005
call r30, r0, 0x0004
[F] R30 = (PC + 4) >> 2 = 0x00000011, PC = (R0 + 0x0004) << 2 = 0x00000010
cmpi r2, 1
[F] FR = 0x00000004
add r4, r1, r2
[U] FR = 0x00000004, R4 = R1 + R2 = 0x0000002E
bgt 0x0000000A
[S] PC = 0x00000028
ldw r5, r4, 0x0000
[F] R5 = MEM[(R4 + 0x0000) << 2] = 0x00000000
cmpi r5, 0
[F] FR = 0x00000001
bne 0x0000001F
[S] PC = 0x00000034
push r31, r30
[U] MEM[R31--] = R30 = 0x00000011
push r31, r2
[U] MEM[R31--] = R2 = 0x00000005
subi r2, r2, 2
[F] FR = 0x00000001, R2 = R2 - 0x0002 = 0x00000003
call r30, r0, 0x0004
[F] R30 = (PC + 4) >> 2 = 0x00000011, PC = (R0 + 0x0004) << 2 = 0x00000010
cmpi r2, 1
[F] FR = 0x00000004
add r4, r1, r2
[U] FR = 0x00000004, R4 = R1 + R2 = 0x0000002C
bgt 0x0000000A
[S] PC = 0x00000028
ldw r5, r4, 0x0000
[F] R5 = MEM[(R4 + 0x0000) << 2] = 0x00000000
cmpi r5, 0
[F] FR = 0x00000001
bne 0x0000001F
[S] PC = 0x00000034
push r31, r30
[U] MEM[R31--] = R30 = 0x00000011
push r31, r2
[U] MEM[R31--] = R2 = 0x00000003
subi r2, r2, 2
[F] FR = 0x00000001, R2 = R2 - 0x0002 = 0x00000001
call r30, r0, 0x0004
[F] R30 = (PC + 4) >> 2 = 0x00000011, PC = (R0 + 0x0004) << 2 = 0x00000010
cmpi r2, 1
[F] FR = 0x00000001
add r4, r1, r2
[U] FR = 0x00000001, R4 = R1 + R2 = 0x0000002A
bgt 0x0000000A
[S] PC = 0x0000001C
stw r4, 0x0000, r2
[F] MEM[(R4 + 0x0000) << 2] = R2 = 0x00000001
add r3, r2, r0
[U] FR = 0x00000001, R3 = R2 + R0 = 0x00000001
bun 0x0000001F
[S] PC = 0x0000007C
ret r30
[F] PC = R30 << 2 = 0x00000044
pop r2, r31
[U] R2 = MEM[++R31] = 0x00000003
push r31, r2
[U] MEM[R31--] = R2 = 0x00000003
subi r2, r2, 1
[F] FR = 0x00000001, R2 = R2 - 0x0001 = 0x00000002
call r30, r0, 0x0004
[F] R30 = (PC + 4) >> 2 = 0x00000015, PC = (R0 + 0x0004) << 2 = 0x00000010
cmpi r2, 1
[F] FR = 0x00000004
add r4, r1, r2
[U] FR = 0x00000004, R4 = R1 + R2 = 0x0000002B
bgt 0x0000000A
[S] PC = 0x00000028
ldw r5, r4, 0x0000
[F] R5 = MEM[(R4 + 0x0000) << 2] = 0x00000000
cmpi r5, 0
[F] FR = 0x00000001
bne 0x0000001F
[S] PC = 0x00000034
push r31, r30
[U] MEM[R31--] = R30 = 0x00000015
push r31, r2
[U] MEM[R31--] = R2 = 0x00000002
subi r2, r2, 2
[F] FR = 0x00000001, R2 = R2 - 0x0002 = 0x00000000
call r30, r0, 0x0004
[F] R30 = (PC + 4) >> 2 = 0x00000011, PC = (R0 + 0x0004) << 2 = 0x00000010
cmpi r2, 1
[F] FR = 0x00000002
add r4, r1, r2
[U] FR = 0x00000002, R4 = R1 + R2 = 0x00000029
bgt 0x0000000A
[S] PC = 0x0000001C
stw r4, 0x0000, r2
[F] MEM[(R4 + 0x0000) << 2] = R2 = 0x00000000
add r3, r2, r0
[U] FR = 0x00000002, R3 = R2 + R0 = 0x00000000
bun 0x0000001F
[S] PC = 0x0000007C
ret r30
[F] PC = R30 << 2 = 0x00000044
pop r2, r31
[U] R2 = MEM[++R31] = 0x00000002
push r31, r2
[U] MEM[R31--] = R2 = 0x00000002
subi r2, r2, 1
[F] FR = 0x00000002, R2 = R2 - 0x0001 = 0x00000001
call r30, r0, 0x0004
[F] R30 = (PC + 4) >> 2 = 0x00000015, PC = (R0 + 0x0004) << 2 = 0x00000010
cmpi r2, 1
[F] FR = 0x00000001
add r4, r1, r2
[U] FR = 0x00000001, R4 = R1 + R2 = 0x0000002A
bgt 0x0000000A
[S] PC = 0x0000001C
stw r4, 0x0000, r2
[F] MEM[(R4 + 0x0000) << 2] = R2 = 0x00000001
add r3, r2, r0
[U] FR = 0x00000001, R3 = R2 + R0 = 0x00000001
bun 0x0000001F
[S] PC = 0x0000007C
ret r30
[F] PC = R30 << 2 = 0x00000054
pop r2, r31
[U] R2 = MEM[++R31] = 0x00000002
pop r30, r31
[U] R30 = MEM[++R31] = 0x00000015
add r4, r1, r2
[U] FR = 0x00000001, R4 = R1 + R2 = 0x0000002B
subi r4, r4, 2
[F] FR = 0x00000001, R4 = R4 - 0x0002 = 0x00000029
ldw r5, r4, 0x0000
[F] R5 = MEM[(R4 + 0x0000) << 2] = 0x00000000
addi r4, r4, 1
[F] FR = 0x00000001, R4 = R4 + 0x0001 = 0x0000002A
ldw r6, r4, 0x0000
[F] R6 = MEM[(R4 + 0x0000) << 2] = 0x00000001
add r3, r5, r6
[U] FR = 0x00000001, R3 = R5 + R6 = 0x00000001
addi r4, r4, 1
[F] FR = 0x00000001, R4 = R4 + 0x0001 = 0x0000002B
stw r4, 0x0000, r3
[F] MEM[(R4 + 0x0000) << 2] = R3 = 0x00000001
ret r30
[F] PC = R30 << 2 = 0x00000054
pop r2, r31
[U] R2 = MEM[++R31] = 0x00000003
pop r30, r31
[U] R30 = MEM[++R31] = 0x00000011
add r4, r1, r2
[U] FR = 0x00000001, R4 = R1 + R2 = 0x0000002C
subi r4, r4, 2
[F] FR = 0x00000001, R4 = R4 - 0x0002 = 0x0000002A
ldw r5, r4, 0x0000
[F] R5 = MEM[(R4 + 0x0000) << 2] = 0x00000001
addi r4, r4, 1
[F] FR = 0x00000001, R4 = R4 + 0x0001 = 0x0000002B
ldw r6, r4, 0x0000
[F] R6 = MEM[(R4 + 0x0000) << 2] = 0x00000001
add r3, r5, r6
[U] FR = 0x00000001, R3 = R5 + R6 = 0x00000002
addi r4, r4, 1
[F] FR = 0x00000001, R4 = R4 + 0x0001 = 0x0000002C
stw r4, 0x0000, r3
[F] MEM[(R4 + 0x0000) << 2] = R3 = 0x00000002
ret r30
[F] PC = R30 << 2 = 0x00000044
pop r2, r31
[U] R2 = MEM[++R31] = 0x00000005
push r31, r2
[U] MEM[R31--] = R2 = 0x00000005
subi r2, r2, 1
[F] FR = 0x00000001, R2 = R2 - 0x0001 = 0x00000004
call r30, r0, 0x0004
[F] R30 = (PC + 4) >> 2 = 0x00000015, PC = (R0 + 0x0004) << 2 = 0x00000010
cmpi r2, 1
[F] FR = 0x00000004
add r4, r1, r2
[U] FR = 0x00000004, R4 = R1 + R2 = 0x0000002D
bgt 0x0000000A
[S] PC = 0x00000028
ldw r5, r4, 0x0000
[F] R5 = MEM[(R4 + 0x0000) << 2] = 0x00000000
cmpi r5, 0
[F] FR = 0x00000001
bne 0x0000001F
[S] PC = 0x00000034
push r31, r30
[U] MEM[R31--] = R30 = 0x00000015
push r31, r2
[U] MEM[R31--] = R2 = 0x00000004
subi r2, r2, 2
[F] FR = 0x00000001, R2 = R2 - 0x0002 = 0x00000002
call r30, r0, 0x0004
[F] R30 = (PC + 4) >> 2 = 0x00000011, PC = (R0 + 0x0004) << 2 = 0x00000010
cmpi r2, 1
[F] FR = 0x00000004
add r4, r1, r2
[U] FR = 0x00000004, R4 = R1 + R2 = 0x0000002B
bgt 0x0000000A
[S] PC = 0x00000028
ldw r5, r4, 0x0000
[F] R5 = MEM[(R4 + 0x0000) << 2] = 0x00000001
cmpi r5, 0
[F] FR = 0x00000004
bne 0x0000001F
[S] PC = 0x0000007C
ret r30
[F] PC = R30 << 2 = 0x00000044
pop r2, r31
[U] R2 = MEM[++R31] = 0x00000004
push r31, r2
[U] MEM[R31--] = R2 = 0x00000004
subi r2, r2, 1
[F] FR = 0x00000004, R2 = R2 - 0x0001 = 0x00000003
call r30, r0, 0x0004
[F] R30 = (PC + 4) >> 2 = 0x00000015, PC = (R0 + 0x0004) << 2 = 0x00000010
cmpi r2, 1
[F] FR = 0x00000004
add r4, r1, r2
[U] FR = 0x00000004, R4 = R1 + R2 = 0x0000002C
bgt 0x0000000A
[S] PC = 0x00000028
ldw r5, r4, 0x0000
[F] R5 = MEM[(R4 + 0x0000) << 2] = 0x00000002
cmpi r5, 0
[F] FR = 0x00000004
bne 0x0000001F
[S] PC = 0x0000007C
ret r30
[F] PC = R30 << 2 = 0x00000054
pop r2, r31
[U] R2 = MEM[++R31] = 0x00000004
pop r30, r31
[U] R30 = MEM[++R31] = 0x00000015
add r4, r1, r2
[U] FR = 0x00000004, R4 = R1 + R2 = 0x0000002D
subi r4, r4, 2
[F] FR = 0x00000004, R4 = R4 - 0x0002 = 0x0000002B
ldw r5, r4, 0x0000
[F] R5 = MEM[(R4 + 0x0000) << 2] = 0x00000001
addi r4, r4, 1
[F] FR = 0x00000004, R4 = R4 + 0x0001 = 0x0000002C
ldw r6, r4, 0x0000
[F] R6 = MEM[(R4 + 0x0000) << 2] = 0x00000002
add r3, r5, r6
[U] FR = 0x00000004, R3 = R5 + R6 = 0x00000003
addi r4, r4, 1
[F] FR = 0x00000004, R4 = R4 + 0x0001 = 0x0000002D
stw r4, 0x0000, r3
[F] MEM[(R4 + 0x0000) << 2] = R3 = 0x00000003
ret r30
[F] PC = R30 << 2 = 0x00000054
pop r2, r31
[U] R2 = MEM[++R31] = 0x00000005
pop r30, r31
[U] R30 = MEM[++R31] = 0x00000011
add r4, r1, r2
[U] FR = 0x00000004, R4 = R1 + R2 = 0x0000002E
subi r4, r4, 2
[F] FR = 0x00000004, R4 = R4 - 0x0002 = 0x0000002C
ldw r5, r4, 0x0000
[F] R5 = MEM[(R4 + 0x0000) << 2] = 0x00000002
addi r4, r4, 1
[F] FR = 0x00000004, R4 = R4 + 0x0001 = 0x0000002D
ldw r6, r4, 0x0000
[F] R6 = MEM[(R4 + 0x0000) << 2] = 0x00000003
add r3, r5, r6
[U] FR = 0x00000004, R3 = R5 + R6 = 0x00000005
addi r4, r4, 1
[F] FR = 0x00000004, R4 = R4 + 0x0001 = 0x0000002E
stw r4, 0x0000, r3
[F] MEM[(R4 + 0x0000) << 2] = R3 = 0x00000005
ret r30
[F] PC = R30 << 2 = 0x00000044
pop r2, r31
[U] R2 = MEM[++R31] = 0x00000007
push r31, r2
[U] MEM[R31--] = R2 = 0x00000007
subi r2, r2, 1
[F] FR = 0x00000004, R2 = R2 - 0x0001 = 0x00000006
call r30, r0, 0x0004
[F] R30 = (PC + 4) >> 2 = 0x00000015, PC = (R0 + 0x0004) << 2 = 0x00000010
cmpi r2, 1
[F] FR = 0x00000004
add r4, r1, r2
[U] FR = 0x00000004, R4 = R1 + R2 = 0x0000002F
bgt 0x0000000A
[S] PC = 0x00000028
ldw r5, r4, 0x0000
[F] R5 = MEM[(R4 + 0x0000) << 2] = 0x00000000
cmpi r5, 0
[F] FR = 0x00000001
bne 0x0000001F
[S] PC = 0x00000034
push r31, r30
[U] MEM[R31--] = R30 = 0x00000015
push r31, r2
[U] MEM[R31--] = R2 = 0x00000006
subi r2, r2, 2
[F] FR = 0x00000001, R2 = R2 - 0x0002 = 0x00000004
call r30, r0, 0x0004
[F] R30 = (PC + 4) >> 2 = 0x00000011, PC = (R0 + 0x0004) << 2 = 0x00000010
cmpi r2, 1
[F] FR = 0x00000004
add r4, r1, r2
[U] FR = 0x00000004, R4 = R1 + R2 = 0x0000002D
bgt 0x0000000A
[S] PC = 0x00000028
ldw r5, r4, 0x0000
[F] R5 = MEM[(R4 + 0x0000) << 2] = 0x00000003
cmpi r5, 0
[F] FR = 0x00000004
bne 0x0000001F
[S] PC = 0x0000007C
ret r30
[F] PC = R30 << 2 = 0x00000044
pop r2, r31
[U] R2 = MEM[++R31] = 0x00000006
push r31, r2
[U] MEM[R31--] = R2 = 0x00000006
subi r2, r2, 1
[F] FR = 0x00000004, R2 = R2 - 0x0001 = 0x00000005
call r30, r0, 0x0004
[F] R30 = (PC + 4) >> 2 = 0x00000015, PC = (R0 + 0x0004) << 2 = 0x00000010
cmpi r2, 1
[F] FR = 0x00000004
add r4, r1, r2
[U] FR = 0x00000004, R4 = R1 + R2 = 0x0000002E
bgt 0x0000000A
[S] PC = 0x00000028
ldw r5, r4, 0x0000
[F] R5 = MEM[(R4 + 0x0000) << 2] = 0x00000005
cmpi r5, 0
[F] FR = 0x00000004
bne 0x0000001F
[S] PC = 0x0000007C
ret r30
[F] PC = R30 << 2 = 0x00000054
pop r2, r31
[U] R2 = MEM[++R31] = 0x00000006
pop r30, r31
[U] R30 = MEM[++R31] = 0x00000015
add r4, r1, r2
[U] FR = 0x00000004, R4 = R1 + R2 = 0x0000002F
subi r4, r4, 2
[F] FR = 0x00000004, R4 = R4 - 0x0002 = 0x0000002D
ldw r5, r4, 0x0000
[F] R5 = MEM[(R4 + 0x0000) << 2] = 0x00000003
addi r4, r4, 1
[F] FR = 0x00000004, R4 = R4 + 0x0001 = 0x0000002E
ldw r6, r4, 0x0000
[F] R6 = MEM[(R4 + 0x0000) << 2] = 0x00000005
add r3, r5, r6
[U] FR = 0x00000004, R3 = R5 + R6 = 0x00000008
addi r4, r4, 1
[F] FR = 0x00000004, R4 = R4 + 0x0001 = 0x0000002F
stw r4, 0x0000, r3
[F] MEM[(R4 + 0x0000) << 2] = R3 = 0x00000008
ret r30
[F] PC = R30 << 2 = 0x00000054
pop r2, r31
[U] R2 = MEM[++R31] = 0x00000007
pop r30, r31
[U] R30 = MEM[++R31] = 0x00000011
add r4, r1, r2
[U] FR = 0x00000004, R4 = R1 + R2 = 0x00000030
subi r4, r4, 2
[F] FR = 0x00000004, R4 = R4 - 0x0002 = 0x0000002E
ldw r5, r4, 0x0000
[F] R5 = MEM[(R4 + 0x0000) << 2] = 0x00000005
addi r4, r4, 1
[F] FR = 0x00000004, R4 = R4 + 0x0001 = 0x0000002F
ldw r6, r4, 0x0000
[F] R6 = MEM[(R4 + 0x0000) << 2] = 0x00000008
add r3, r5, r6
[U] FR = 0x00000004, R3 = R5 + R6 = 0x0000000D
addi r4, r4, 1
[F] FR = 0x00000004, R4 = R4 + 0x0001 = 0x00000030
stw r4, 0x0000, r3
[F] MEM[(R4 + 0x0000) << 2] = R3 = 0x0000000D
ret r30
[F] PC = R30 << 2 = 0x00000044
pop r2, r31
[U] R2 = MEM[++R31] = 0x00000009
push r31, r2
[U] MEM[R31--] = R2 = 0x00000009
subi r2, r2, 1
[F] FR = 0x00000004, R2 = R2 - 0x0001 = 0x00000008
call r30, r0, 0x0004
[F] R30 = (PC + 4) >> 2 = 0x00000015, PC = (R0 + 0x0004) << 2 = 0x00000010
cmpi r2, 1
[F] FR = 0x00000004
add r4, r1, r2
[U] FR = 0x00000004, R4 = R1 + R2 = 0x00000031
bgt 0x0000000A
[S] PC = 0x00000028
ldw r5, r4, 0x0000
[F] R5 = MEM[(R4 + 0x0000) << 2] = 0x00000000
cmpi r5, 0
[F] FR = 0x00000001
bne 0x0000001F
[S] PC = 0x00000034
push r31, r30
[U] MEM[R31--] = R30 = 0x00000015
push r31, r2
[U] MEM[R31--] = R2 = 0x00000008
subi r2, r2, 2
[F] FR = 0x00000001, R2 = R2 - 0x0002 = 0x00000006
call r30, r0, 0x0004
[F] R30 = (PC + 4) >> 2 = 0x00000011, PC = (R0 + 0x0004) << 2 = 0x00000010
cmpi r2, 1
[F] FR = 0x00000004
add r4, r1, r2
[U] FR = 0x00000004, R4 = R1 + R2 = 0x0000002F
bgt 0x0000000A
[S] PC = 0x00000028
ldw r5, r4, 0x0000
[F] R5 = MEM[(R4 + 0x0000) << 2] = 0x00000008
cmpi r5, 0
[F] FR = 0x00000004
bne 0x0000001F
[S] PC = 0x0000007C
ret r30
[F] PC = R30 << 2 = 0x00000044
pop r2, r31
[U] R2 = MEM[++R31] = 0x00000008
push r31, r2
[U] MEM[R31--] = R2 = 0x00000008
subi r2, r2, 1
[F] FR = 0x00000004, R2 = R2 - 0x0001 = 0x00000007
call r30, r0, 0x0004
[F] R30 = (PC + 4) >> 2 = 0x00000015, PC = (R0 + 0x0004) << 2 = 0x00000010
cmpi r2, 1
[F] FR = 0x00000004
add r4, r1, r2
[U] FR = 0x00000004, R4 = R1 + R2 = 0x00000030
bgt 0x0000000A
[S] PC = 0x00000028
ldw r5, r4, 0x0000
[F] R5 = MEM[(R4 + 0x0000) << 2] = 0x0000000D
cmpi r5, 0
[F] FR = 0x00000004
bne 0x0000001F
[S] PC = 0x0000007C
ret r30
[F] PC = R30 << 2 = 0x00000054
pop r2, r31
[U] R2 = MEM[++R31] = 0x00000008
pop r30, r31
[U] R30 = MEM[++R31] = 0x00000015
add r4, r1, r2
[U] FR = 0x00000004, R4 = R1 + R2 = 0x00000031
subi r4, r4, 2
[F] FR = 0x00000004, R4 = R4 - 0x0002 = 0x0000002F
ldw r5, r4, 0x0000
[F] R5 = MEM[(R4 + 0x0000) << 2] = 0x00000008
addi r4, r4, 1
[F] FR = 0x00000004, R4 = R4 + 0x0001 = 0x00000030
ldw r6, r4, 0x0000
[F] R6 = MEM[(R4 + 0x0000) << 2] = 0x0000000D
add r3, r5, r6
[U] FR = 0x00000004, R3 = R5 + R6 = 0x00000015
addi r4, r4, 1
[F] FR = 0x00000004, R4 = R4 + 0x0001 = 0x00000031
stw r4, 0x0000, r3
[F] MEM[(R4 + 0x0000) << 2] = R3 = 0x00000015
ret r30
[F] PC = R30 << 2 = 0x00000054
pop r2, r31
[U] R2 = MEM[++R31] = 0x00000009
pop r30, r31
[U] R30 = MEM[++R31] = 0x00000011
add r4, r1, r2
[U] FR = 0x00000004, R4 = R1 + R2 = 0x00000032
subi r4, r4, 2
[F] FR = 0x00000004, R4 = R4 - 0x0002 = 0x00000030
ldw r5, r4, 0x0000
[F] R5 = MEM[(R4 + 0x0000) << 2] = 0x0000000D
addi r4, r4, 1
[F] FR = 0x00000004, R4 = R4 + 0x0001 = 0x00000031
ldw r6, r4, 0x0000
[F] R6 = MEM[(R4 + 0x0000) << 2] = 0x00000015
add r3, r5, r6
[U] FR = 0x00000004, R3 = R5 + R6 = 0x00000022
addi r4, r4, 1
[F] FR = 0x00000004, R4 = R4 + 0x0001 = 0x00000032
stw r4, 0x0000, r3
[F] MEM[(R4 + 0x0000) << 2] = R3 = 0x00000022
ret r30
[F] PC = R30 << 2 = 0x00000044
pop r2, r31
[U] R2 = MEM[++R31] = 0x0000000B
push r31, r2
[U] MEM[R31--] = R2 = 0x0000000B
subi r2, r2, 1
[F] FR = 0x00000004, R2 = R2 - 0x0001 = 0x0000000A
call r30, r0, 0x0004
[F] R30 = (PC + 4) >> 2 = 0x00000015, PC = (R0 + 0x0004) << 2 = 0x00000010
cmpi r2, 1
[F] FR = 0x00000004
add r4, r1, r2
[U] FR = 0x00000004, R4 = R1 + R2 = 0x00000033
bgt 0x0000000A
[S] PC = 0x00000028
ldw r5, r4, 0x0000
[F] R5 = MEM[(R4 + 0x0000) << 2] = 0x00000000
cmpi r5, 0
[F] FR = 0x00000001
bne 0x0000001F
[S] PC = 0x00000034
push r31, r30
[U] MEM[R31--] = R30 = 0x00000015
push r31, r2
[U] MEM[R31--] = R2 = 0x0000000A
subi r2, r2, 2
[F] FR = 0x00000001, R2 = R2 - 0x0002 = 0x00000008
call r30, r0, 0x0004
[F] R30 = (PC + 4) >> 2 = 0x00000011, PC = (R0 + 0x0004) << 2 = 0x00000010
cmpi r2, 1
[F] FR = 0x00000004
add r4, r1, r2
[U] FR = 0x00000004, R4 = R1 + R2 = 0x00000031
bgt 0x0000000A
[S] PC = 0x00000028
ldw r5, r4, 0x0000
[F] R5 = MEM[(R4 + 0x0000) << 2] = 0x00000015
cmpi r5, 0
[F] FR = 0x00000004
bne 0x0000001F
[S] PC = 0x0000007C
ret r30
[F] PC = R30 << 2 = 0x00000044
pop r2, r31
[U] R2 = MEM[++R31] = 0x0000000A
push r31, r2
[U] MEM[R31--] = R2 = 0x0000000A
subi r2, r2, 1
[F] FR = 0x00000004, R2 = R2 - 0x0001 = 0x00000009
call r30, r0, 0x0004
[F] R30 = (PC + 4) >> 2 = 0x00000015, PC = (R0 + 0x0004) << 2 = 0x00000010
cmpi r2, 1
[F] FR = 0x00000004
add r4, r1, r2
[U] FR = 0x00000004, R4 = R1 + R2 = 0x00000032
bgt 0x0000000A
[S] PC = 0x00000028
ldw r5, r4, 0x0000
[F] R5 = MEM[(R4 + 0x0000) << 2] = 0x00000022
cmpi r5, 0
[F] FR = 0x00000004
bne 0x0000001F
[S] PC = 0x0000007C
ret r30
[F] PC = R30 << 2 = 0x00000054
pop r2, r31
[U] R2 = MEM[++R31] = 0x0000000A
pop r30, r31
[U] R30 = MEM[++R31] = 0x00000015
add r4, r1, r2
[U] FR = 0x00000004, R4 = R1 + R2 = 0x00000033
subi r4, r4, 2
[F] FR = 0x00000004, R4 = R4 - 0x0002 = 0x00000031
ldw r5, r4, 0x0000
[F] R5 = MEM[(R4 + 0x0000) << 2] = 0x00000015
addi r4, r4, 1
[F] FR = 0x00000004, R4 = R4 + 0x0001 = 0x00000032
ldw r6, r4, 0x0000
[F] R6 = MEM[(R4 + 0x0000) << 2] = 0x00000022
add r3, r5, r6
[U] FR = 0x00000004, R3 = R5 + R6 = 0x00000037
addi r4, r4, 1
[F] FR = 0x00000004, R4 = R4 + 0x0001 = 0x00000033
stw r4, 0x0000, r3
[F] MEM[(R4 + 0x0000) << 2] = R3 = 0x00000037
ret r30
[F] PC = R30 << 2 = 0x00000054
pop r2, r31
[U] R2 = MEM[++R31] = 0x0000000B
pop r30, r31
[U] R30 = MEM[++R31] = 0x00000026
add r4, r1, r2
[U] FR = 0x00000004, R4 = R1 + R2 = 0x00000034
subi r4, r4, 2
[F] FR = 0x00000004, R4 = R4 - 0x0002 = 0x00000032
ldw r5, r4, 0x0000
[F] R5 = MEM[(R4 + 0x0000) << 2] = 0x00000022
addi r4, r4, 1
[F] FR = 0x00000004, R4 = R4 + 0x0001 = 0x00000033
ldw r6, r4, 0x0000
[F] R6 = MEM[(R4 + 0x0000) << 2] = 0x00000037
add r3, r5, r6
[U] FR = 0x00000004, R3 = R5 + R6 = 0x00000059
addi r4, r4, 1
[F] FR = 0x00000004, R4 = R4 + 0x0001 = 0x00000034
stw r4, 0x0000, r3
[F] MEM[(R4 + 0x0000) << 2] = R3 = 0x00000059
ret r30
[F] PC = R30 << 2 = 0x00000098
stw r0, 0x0028, r3
[F] MEM[(R0 + 0x0028) << 2] = R3 = 0x00000059
int 0
[S] CR = 0x00000000, PC = 0x00000000
[END OF SIMULATION]

