[START OF SIMULATION]
bun 0x00000004
[S] PC = 0x00000010
addi r1, r0, 10
[F] FR = 0x00000000, R1 = R0 + 0x000A = 0x0000000A
divi r3, r1, 2
[F] FR = 0x00000000, ER = 0x00000000, R3 = R1 / 0x0002 = 0x00000005
bnz 0x00000008
[S] PC = 0x00000020
addi r11, r0, 1
[F] FR = 0x00000000, R11 = R0 + 0x0001 = 0x00000001
divi r4, r1, 0
[F] FR = 0x00000008, ER = 0x00000000, R4 = R1 / 0x0000 = 0x00000000
bnz 0x0000000D
[S] PC = 0x0000002C
addi r12, r0, 1
[F] FR = 0x00000008, R12 = R0 + 0x0001 = 0x00000001
bun 0x0000000E
[S] PC = 0x00000038
int 0
[S] CR = 0x00000000, PC = 0x00000000
[END OF SIMULATION]
