[START OF SIMULATION]
call r0, r0, 0x0005
[F] R0 = (PC + 4) >> 2 = 0x00000000, PC = (R0 + 0x0005) << 2 = 0x00000014
addi r1, r0, 64
[F] FR = 0x00000000, R1 = R0 + 0x0040 = 0x00000040
or fr, fr, r1
[U] FR = FR | R1 = 0x00000040
ldw r1, r0, 0x0010
[F] R1 = MEM[(R0 + 0x0010) << 2] = 0x00002020
addi r1, r0, 100
[F] FR = 0x00000040, R1 = R0 + 0x0064 = 0x00000064
addi r2, r0, 1
[F] FR = 0x00000040, R2 = R0 + 0x0001 = 0x00000001
shl r2, r2, 30
[U] ER = 0x00000000, R2 = R2 << 31 = 0x80000000
or r1, r1, r2
[U] R1 = R1 | R2 = 0x80000064
ldw r2, r0, 0x0010
[F] R2 = MEM[(R0 + 0x0010) << 2] = 0x00002020
stw r2, 0x0000, r1
[F] MEM[(R2 + 0x0000) << 2] = R1 = 0x80000064
bun 0x0000000E
[S] PC = 0x00000038
bun 0x0000000E
[S] PC = 0x00000038
bun 0x0000000E
[S] PC = 0x00000038
bun 0x0000000E
[S] PC = 0x00000038
bun 0x0000000E
[S] PC = 0x00000038
bun 0x0000000E
[S] PC = 0x00000038
bun 0x0000000E
[S] PC = 0x00000038
bun 0x0000000E
[S] PC = 0x00000038
bun 0x0000000E
[S] PC = 0x00000038
bun 0x0000000E
[S] PC = 0x00000038
bun 0x0000000E
[S] PC = 0x00000038
bun 0x0000000E
[S] PC = 0x00000038
bun 0x0000000E
[S] PC = 0x00000038
bun 0x0000000E
[S] PC = 0x00000038
bun 0x0000000E
[S] PC = 0x00000038
bun 0x0000000E
[S] PC = 0x00000038
bun 0x0000000E
[S] PC = 0x00000038
bun 0x0000000E
[S] PC = 0x00000038
bun 0x0000000E
[S] PC = 0x00000038
bun 0x0000000E
[S] PC = 0x00000038
bun 0x0000000E
[S] PC = 0x00000038
bun 0x0000000E
[S] PC = 0x00000038
bun 0x0000000E
[S] PC = 0x00000038
bun 0x0000000E
[S] PC = 0x00000038
bun 0x0000000E
[S] PC = 0x00000038
bun 0x0000000E
[S] PC = 0x00000038
bun 0x0000000E
[S] PC = 0x00000038
bun 0x0000000E
[S] PC = 0x00000038
bun 0x0000000E
[S] PC = 0x00000038
bun 0x0000000E
[S] PC = 0x00000038
bun 0x0000000E
[S] PC = 0x00000038
bun 0x0000000E
[S] PC = 0x00000038
bun 0x0000000E
[S] PC = 0x00000038
bun 0x0000000E
[S] PC = 0x00000038
bun 0x0000000E
[S] PC = 0x00000038
bun 0x0000000E
[S] PC = 0x00000038
bun 0x0000000E
[S] PC = 0x00000038
bun 0x0000000E
[S] PC = 0x00000038
bun 0x0000000E
[S] PC = 0x00000038
bun 0x0000000E
[S] PC = 0x00000038
bun 0x0000000E
[S] PC = 0x00000038
bun 0x0000000E
[S] PC = 0x00000038
bun 0x0000000E
[S] PC = 0x00000038
bun 0x0000000E
[S] PC = 0x00000038
bun 0x0000000E
[S] PC = 0x00000038
bun 0x0000000E
[S] PC = 0x00000038
bun 0x0000000E
[S] PC = 0x00000038
bun 0x0000000E
[S] PC = 0x00000038
bun 0x0000000E
[S] PC = 0x00000038
bun 0x0000000E
[S] PC = 0x00000038
bun 0x0000000E
[S] PC = 0x00000038
bun 0x0000000E
[S] PC = 0x00000038
bun 0x0000000E
[S] PC = 0x00000038
bun 0x0000000E
[S] PC = 0x00000038
bun 0x0000000E
[S] PC = 0x00000038
bun 0x0000000E
[S] PC = 0x00000038
bun 0x0000000E
[S] PC = 0x00000038
bun 0x0000000E
[S] PC = 0x00000038
bun 0x0000000E
[S] PC = 0x00000038
bun 0x0000000E
[S] PC = 0x00000038
bun 0x0000000E
[S] PC = 0x00000038
bun 0x0000000E
[S] PC = 0x00000038
bun 0x0000000E
[S] PC = 0x00000038
bun 0x0000000E
[S] PC = 0x00000038
bun 0x0000000E
[S] PC = 0x00000038
bun 0x0000000E
[S] PC = 0x00000038
bun 0x0000000E
[S] PC = 0x00000038
bun 0x0000000E
[S] PC = 0x00000038
bun 0x0000000E
[S] PC = 0x00000038
bun 0x0000000E
[S] PC = 0x00000038
bun 0x0000000E
[S] PC = 0x00000038
bun 0x0000000E
[S] PC = 0x00000038
bun 0x0000000E
[S] PC = 0x00000038
bun 0x0000000E
[S] PC = 0x00000038
bun 0x0000000E
[S] PC = 0x00000038
bun 0x0000000E
[S] PC = 0x00000038
bun 0x0000000E
[S] PC = 0x00000038
bun 0x0000000E
[S] PC = 0x00000038
bun 0x0000000E
[S] PC = 0x00000038
bun 0x0000000E
[S] PC = 0x00000038
bun 0x0000000E
[S] PC = 0x00000038
bun 0x0000000E
[S] PC = 0x00000038
bun 0x0000000E
[S] PC = 0x00000038
bun 0x0000000E
[S] PC = 0x00000038
bun 0x0000000E
[S] PC = 0x00000038
bun 0x0000000E
[S] PC = 0x00000038
bun 0x0000000E
[S] PC = 0x00000038
bun 0x0000000E
[S] PC = 0x00000038
bun 0x0000000E
[S] PC = 0x00000038
bun 0x0000000E
[S] PC = 0x00000038
bun 0x0000000E
[S] PC = 0x00000038
bun 0x0000000E
[S] PC = 0x00000038
bun 0x0000000E
[S] PC = 0x00000038
bun 0x0000000E
[S] PC = 0x00000038
bun 0x0000000E
[S] PC = 0x00000038
bun 0x0000000E
[S] PC = 0x00000038
bun 0x0000000E
[S] PC = 0x00000038
bun 0x0000000E
[S] PC = 0x00000038
bun 0x0000000E
[S] PC = 0x00000038
bun 0x0000000E
[S] PC = 0x00000038
[HARDWARE INTERRUPTION 1]
isr r31, r30, 0x0004
[F] R31 = IPC >> 2 = 0x0000000E, R30 = CR = 0xE1AC04DA, PC = 0x00000010
int 100
[S] CR = 0x00000064, PC = 0x0000000C
[SOFTWARE INTERRUPTION]
int 0
[S] CR = 0x00000000, PC = 0x00000000
[END OF SIMULATION]

