[START OF SIMULATION]
[CACHE I LINE 0 READ MISS @ 0x00000000]
[SET 0: INVALID, AGE 0, DATA 0x00000000 0x00000000 0x00000000 0x00000000]
[SET 1: INVALID, AGE 0, DATA 0x00000000 0x00000000 0x00000000 0x00000000]
bun 0x00000004
[S] PC = 0x00000010
[CACHE I LINE 1 READ MISS @ 0x00000010]
[SET 0: INVALID, AGE 0, DATA 0x00000000 0x00000000 0x00000000 0x00000000]
[SET 1: INVALID, AGE 0, DATA 0x00000000 0x00000000 0x00000000 0x00000000]
[CACHE D LINE 3 READ MISS @ 0x00000038]
[SET 0: INVALID, AGE 0, DATA 0x00000000 0x00000000 0x00000000 0x00000000]
[SET 1: INVALID, AGE 0, DATA 0x00000000 0x00000000 0x00000000 0x00000000]
ldw r1, r0, 0x000E
[F] R1 = MEM[(R0 + 0x000E) << 2] = 0x00000001
[CACHE I LINE 1 READ HIT @ 0x00000014]
[SET 0: VALID, AGE 0, DATA 0x50003820 0x50003C40 0x04000460 0x20000062]
[SET 1: INVALID, AGE 0, DATA 0x00000000 0x00000000 0x00000000 0x00000000]
[CACHE D LINE 3 READ HIT @ 0x0000003C]
[SET 0: VALID, AGE 0, DATA 0x58003801 0xFC000000 0x00000001 0x0000000A]
[SET 1: INVALID, AGE 0, DATA 0x00000000 0x00000000 0x00000000 0x00000000]
ldw r2, r0, 0x000F
[F] R2 = MEM[(R0 + 0x000F) << 2] = 0x0000000A
[CACHE I LINE 1 READ HIT @ 0x00000018]
[SET 0: VALID, AGE 0, DATA 0x50003820 0x50003C40 0x04000460 0x20000062]
[SET 1: INVALID, AGE 0, DATA 0x00000000 0x00000000 0x00000000 0x00000000]
addi r3, r0, 1
[F] FR = 0x00000000, R3 = R0 + 0x0001 = 0x00000001
[CACHE I LINE 1 READ HIT @ 0x0000001C]
[SET 0: VALID, AGE 0, DATA 0x50003820 0x50003C40 0x04000460 0x20000062]
[SET 1: INVALID, AGE 0, DATA 0x00000000 0x00000000 0x00000000 0x00000000]
cmp r3, r2
[U] FR = 0x00000002
[CACHE I LINE 2 READ MISS @ 0x00000020]
[SET 0: INVALID, AGE 0, DATA 0x00000000 0x00000000 0x00000000 0x00000000]
[SET 1: INVALID, AGE 0, DATA 0x00000000 0x00000000 0x00000000 0x00000000]
bgt 0x0000000C
[S] PC = 0x00000024
[CACHE I LINE 2 READ HIT @ 0x00000024]
[SET 0: VALID, AGE 0, DATA 0x7400000C 0x10000423 0x04000463 0x68000007]
[SET 1: INVALID, AGE 0, DATA 0x00000000 0x00000000 0x00000000 0x00000000]
mul r1, r1, r3
[U] FR = 0x00000002, ER = 0x00000000, R1 = R1 * R3 = 0x00000001
[CACHE I LINE 2 READ HIT @ 0x00000028]
[SET 0: VALID, AGE 0, DATA 0x7400000C 0x10000423 0x04000463 0x68000007]
[SET 1: INVALID, AGE 0, DATA 0x00000000 0x00000000 0x00000000 0x00000000]
addi r3, r3, 1
[F] FR = 0x00000002, R3 = R3 + 0x0001 = 0x00000002
[CACHE I LINE 2 READ HIT @ 0x0000002C]
[SET 0: VALID, AGE 0, DATA 0x7400000C 0x10000423 0x04000463 0x68000007]
[SET 1: INVALID, AGE 0, DATA 0x00000000 0x00000000 0x00000000 0x00000000]
bun 0x00000007
[S] PC = 0x0000001C
[CACHE I LINE 1 READ HIT @ 0x0000001C]
[SET 0: VALID, AGE 0, DATA 0x50003820 0x50003C40 0x04000460 0x20000062]
[SET 1: INVALID, AGE 0, DATA 0x00000000 0x00000000 0x00000000 0x00000000]
cmp r3, r2
[U] FR = 0x00000002
[CACHE I LINE 2 READ HIT @ 0x00000020]
[SET 0: VALID, AGE 0, DATA 0x7400000C 0x10000423 0x04000463 0x68000007]
[SET 1: INVALID, AGE 0, DATA 0x00000000 0x00000000 0x00000000 0x00000000]
bgt 0x0000000C
[S] PC = 0x00000024
[CACHE I LINE 2 READ HIT @ 0x00000024]
[SET 0: VALID, AGE 0, DATA 0x7400000C 0x10000423 0x04000463 0x68000007]
[SET 1: INVALID, AGE 0, DATA 0x00000000 0x00000000 0x00000000 0x00000000]
mul r1, r1, r3
[U] FR = 0x00000002, ER = 0x00000000, R1 = R1 * R3 = 0x00000002
[CACHE I LINE 2 READ HIT @ 0x00000028]
[SET 0: VALID, AGE 0, DATA 0x7400000C 0x10000423 0x04000463 0x68000007]
[SET 1: INVALID, AGE 0, DATA 0x00000000 0x00000000 0x00000000 0x00000000]
addi r3, r3, 1
[F] FR = 0x00000002, R3 = R3 + 0x0001 = 0x00000003
[CACHE I LINE 2 READ HIT @ 0x0000002C]
[SET 0: VALID, AGE 0, DATA 0x7400000C 0x10000423 0x04000463 0x68000007]
[SET 1: INVALID, AGE 0, DATA 0x00000000 0x00000000 0x00000000 0x00000000]
bun 0x00000007
[S] PC = 0x0000001C
[CACHE I LINE 1 READ HIT @ 0x0000001C]
[SET 0: VALID, AGE 0, DATA 0x50003820 0x50003C40 0x04000460 0x20000062]
[SET 1: INVALID, AGE 0, DATA 0x00000000 0x00000000 0x00000000 0x00000000]
cmp r3, r2
[U] FR = 0x00000002
[CACHE I LINE 2 READ HIT @ 0x00000020]
[SET 0: VALID, AGE 0, DATA 0x7400000C 0x10000423 0x04000463 0x68000007]
[SET 1: INVALID, AGE 0, DATA 0x00000000 0x00000000 0x00000000 0x00000000]
bgt 0x0000000C
[S] PC = 0x00000024
[CACHE I LINE 2 READ HIT @ 0x00000024]
[SET 0: VALID, AGE 0, DATA 0x7400000C 0x10000423 0x04000463 0x68000007]
[SET 1: INVALID, AGE 0, DATA 0x00000000 0x00000000 0x00000000 0x00000000]
mul r1, r1, r3
[U] FR = 0x00000002, ER = 0x00000000, R1 = R1 * R3 = 0x00000006
[CACHE I LINE 2 READ HIT @ 0x00000028]
[SET 0: VALID, AGE 0, DATA 0x7400000C 0x10000423 0x04000463 0x68000007]
[SET 1: INVALID, AGE 0, DATA 0x00000000 0x00000000 0x00000000 0x00000000]
addi r3, r3, 1
[F] FR = 0x00000002, R3 = R3 + 0x0001 = 0x00000004
[CACHE I LINE 2 READ HIT @ 0x0000002C]
[SET 0: VALID, AGE 0, DATA 0x7400000C 0x10000423 0x04000463 0x68000007]
[SET 1: INVALID, AGE 0, DATA 0x00000000 0x00000000 0x00000000 0x00000000]
bun 0x00000007
[S] PC = 0x0000001C
[CACHE I LINE 1 READ HIT @ 0x0000001C]
[SET 0: VALID, AGE 0, DATA 0x50003820 0x50003C40 0x04000460 0x20000062]
[SET 1: INVALID, AGE 0, DATA 0x00000000 0x00000000 0x00000000 0x00000000]
cmp r3, r2
[U] FR = 0x00000002
[CACHE I LINE 2 READ HIT @ 0x00000020]
[SET 0: VALID, AGE 0, DATA 0x7400000C 0x10000423 0x04000463 0x68000007]
[SET 1: INVALID, AGE 0, DATA 0x00000000 0x00000000 0x00000000 0x00000000]
bgt 0x0000000C
[S] PC = 0x00000024
[CACHE I LINE 2 READ HIT @ 0x00000024]
[SET 0: VALID, AGE 0, DATA 0x7400000C 0x10000423 0x04000463 0x68000007]
[SET 1: INVALID, AGE 0, DATA 0x00000000 0x00000000 0x00000000 0x00000000]
mul r1, r1, r3
[U] FR = 0x00000002, ER = 0x00000000, R1 = R1 * R3 = 0x00000018
[CACHE I LINE 2 READ HIT @ 0x00000028]
[SET 0: VALID, AGE 0, DATA 0x7400000C 0x10000423 0x04000463 0x68000007]
[SET 1: INVALID, AGE 0, DATA 0x00000000 0x00000000 0x00000000 0x00000000]
addi r3, r3, 1
[F] FR = 0x00000002, R3 = R3 + 0x0001 = 0x00000005
[CACHE I LINE 2 READ HIT @ 0x0000002C]
[SET 0: VALID, AGE 0, DATA 0x7400000C 0x10000423 0x04000463 0x68000007]
[SET 1: INVALID, AGE 0, DATA 0x00000000 0x00000000 0x00000000 0x00000000]
bun 0x00000007
[S] PC = 0x0000001C
[CACHE I LINE 1 READ HIT @ 0x0000001C]
[SET 0: VALID, AGE 0, DATA 0x50003820 0x50003C40 0x04000460 0x20000062]
[SET 1: INVALID, AGE 0, DATA 0x00000000 0x00000000 0x00000000 0x00000000]
cmp r3, r2
[U] FR = 0x00000002
[CACHE I LINE 2 READ HIT @ 0x00000020]
[SET 0: VALID, AGE 0, DATA 0x7400000C 0x10000423 0x04000463 0x68000007]
[SET 1: INVALID, AGE 0, DATA 0x00000000 0x00000000 0x00000000 0x00000000]
bgt 0x0000000C
[S] PC = 0x00000024
[CACHE I LINE 2 READ HIT @ 0x00000024]
[SET 0: VALID, AGE 0, DATA 0x7400000C 0x10000423 0x04000463 0x68000007]
[SET 1: INVALID, AGE 0, DATA 0x00000000 0x00000000 0x00000000 0x00000000]
mul r1, r1, r3
[U] FR = 0x00000002, ER = 0x00000000, R1 = R1 * R3 = 0x00000078
[CACHE I LINE 2 READ HIT @ 0x00000028]
[SET 0: VALID, AGE 0, DATA 0x7400000C 0x10000423 0x04000463 0x68000007]
[SET 1: INVALID, AGE 0, DATA 0x00000000 0x00000000 0x00000000 0x00000000]
addi r3, r3, 1
[F] FR = 0x00000002, R3 = R3 + 0x0001 = 0x00000006
[CACHE I LINE 2 READ HIT @ 0x0000002C]
[SET 0: VALID, AGE 0, DATA 0x7400000C 0x10000423 0x04000463 0x68000007]
[SET 1: INVALID, AGE 0, DATA 0x00000000 0x00000000 0x00000000 0x00000000]
bun 0x00000007
[S] PC = 0x0000001C
[CACHE I LINE 1 READ HIT @ 0x0000001C]
[SET 0: VALID, AGE 0, DATA 0x50003820 0x50003C40 0x04000460 0x20000062]
[SET 1: INVALID, AGE 0, DATA 0x00000000 0x00000000 0x00000000 0x00000000]
cmp r3, r2
[U] FR = 0x00000002
[CACHE I LINE 2 READ HIT @ 0x00000020]
[SET 0: VALID, AGE 0, DATA 0x7400000C 0x10000423 0x04000463 0x68000007]
[SET 1: INVALID, AGE 0, DATA 0x00000000 0x00000000 0x00000000 0x00000000]
bgt 0x0000000C
[S] PC = 0x00000024
[CACHE I LINE 2 READ HIT @ 0x00000024]
[SET 0: VALID, AGE 0, DATA 0x7400000C 0x10000423 0x04000463 0x68000007]
[SET 1: INVALID, AGE 0, DATA 0x00000000 0x00000000 0x00000000 0x00000000]
mul r1, r1, r3
[U] FR = 0x00000002, ER = 0x00000000, R1 = R1 * R3 = 0x000002D0
[CACHE I LINE 2 READ HIT @ 0x00000028]
[SET 0: VALID, AGE 0, DATA 0x7400000C 0x10000423 0x04000463 0x68000007]
[SET 1: INVALID, AGE 0, DATA 0x00000000 0x00000000 0x00000000 0x00000000]
addi r3, r3, 1
[F] FR = 0x00000002, R3 = R3 + 0x0001 = 0x00000007
[CACHE I LINE 2 READ HIT @ 0x0000002C]
[SET 0: VALID, AGE 0, DATA 0x7400000C 0x10000423 0x04000463 0x68000007]
[SET 1: INVALID, AGE 0, DATA 0x00000000 0x00000000 0x00000000 0x00000000]
bun 0x00000007
[S] PC = 0x0000001C
[CACHE I LINE 1 READ HIT @ 0x0000001C]
[SET 0: VALID, AGE 0, DATA 0x50003820 0x50003C40 0x04000460 0x20000062]
[SET 1: INVALID, AGE 0, DATA 0x00000000 0x00000000 0x00000000 0x00000000]
cmp r3, r2
[U] FR = 0x00000002
[CACHE I LINE 2 READ HIT @ 0x00000020]
[SET 0: VALID, AGE 0, DATA 0x7400000C 0x10000423 0x04000463 0x68000007]
[SET 1: INVALID, AGE 0, DATA 0x00000000 0x00000000 0x00000000 0x00000000]
bgt 0x0000000C
[S] PC = 0x00000024
[CACHE I LINE 2 READ HIT @ 0x00000024]
[SET 0: VALID, AGE 0, DATA 0x7400000C 0x10000423 0x04000463 0x68000007]
[SET 1: INVALID, AGE 0, DATA 0x00000000 0x00000000 0x00000000 0x00000000]
mul r1, r1, r3
[U] FR = 0x00000002, ER = 0x00000000, R1 = R1 * R3 = 0x000013B0
[CACHE I LINE 2 READ HIT @ 0x00000028]
[SET 0: VALID, AGE 0, DATA 0x7400000C 0x10000423 0x04000463 0x68000007]
[SET 1: INVALID, AGE 0, DATA 0x00000000 0x00000000 0x00000000 0x00000000]
addi r3, r3, 1
[F] FR = 0x00000002, R3 = R3 + 0x0001 = 0x00000008
[CACHE I LINE 2 READ HIT @ 0x0000002C]
[SET 0: VALID, AGE 0, DATA 0x7400000C 0x10000423 0x04000463 0x68000007]
[SET 1: INVALID, AGE 0, DATA 0x00000000 0x00000000 0x00000000 0x00000000]
bun 0x00000007
[S] PC = 0x0000001C
[CACHE I LINE 1 READ HIT @ 0x0000001C]
[SET 0: VALID, AGE 0, DATA 0x50003820 0x50003C40 0x04000460 0x20000062]
[SET 1: INVALID, AGE 0, DATA 0x00000000 0x00000000 0x00000000 0x00000000]
cmp r3, r2
[U] FR = 0x00000002
[CACHE I LINE 2 READ HIT @ 0x00000020]
[SET 0: VALID, AGE 0, DATA 0x7400000C 0x10000423 0x04000463 0x68000007]
[SET 1: INVALID, AGE 0, DATA 0x00000000 0x00000000 0x00000000 0x00000000]
bgt 0x0000000C
[S] PC = 0x00000024
[CACHE I LINE 2 READ HIT @ 0x00000024]
[SET 0: VALID, AGE 0, DATA 0x7400000C 0x10000423 0x04000463 0x68000007]
[SET 1: INVALID, AGE 0, DATA 0x00000000 0x00000000 0x00000000 0x00000000]
mul r1, r1, r3
[U] FR = 0x00000002, ER = 0x00000000, R1 = R1 * R3 = 0x00009D80
[CACHE I LINE 2 READ HIT @ 0x00000028]
[SET 0: VALID, AGE 0, DATA 0x7400000C 0x10000423 0x04000463 0x68000007]
[SET 1: INVALID, AGE 0, DATA 0x00000000 0x00000000 0x00000000 0x00000000]
addi r3, r3, 1
[F] FR = 0x00000002, R3 = R3 + 0x0001 = 0x00000009
[CACHE I LINE 2 READ HIT @ 0x0000002C]
[SET 0: VALID, AGE 0, DATA 0x7400000C 0x10000423 0x04000463 0x68000007]
[SET 1: INVALID, AGE 0, DATA 0x00000000 0x00000000 0x00000000 0x00000000]
bun 0x00000007
[S] PC = 0x0000001C
[CACHE I LINE 1 READ HIT @ 0x0000001C]
[SET 0: VALID, AGE 0, DATA 0x50003820 0x50003C40 0x04000460 0x20000062]
[SET 1: INVALID, AGE 0, DATA 0x00000000 0x00000000 0x00000000 0x00000000]
cmp r3, r2
[U] FR = 0x00000002
[CACHE I LINE 2 READ HIT @ 0x00000020]
[SET 0: VALID, AGE 0, DATA 0x7400000C 0x10000423 0x04000463 0x68000007]
[SET 1: INVALID, AGE 0, DATA 0x00000000 0x00000000 0x00000000 0x00000000]
bgt 0x0000000C
[S] PC = 0x00000024
[CACHE I LINE 2 READ HIT @ 0x00000024]
[SET 0: VALID, AGE 0, DATA 0x7400000C 0x10000423 0x04000463 0x68000007]
[SET 1: INVALID, AGE 0, DATA 0x00000000 0x00000000 0x00000000 0x00000000]
mul r1, r1, r3
[U] FR = 0x00000002, ER = 0x00000000, R1 = R1 * R3 = 0x00058980
[CACHE I LINE 2 READ HIT @ 0x00000028]
[SET 0: VALID, AGE 0, DATA 0x7400000C 0x10000423 0x04000463 0x68000007]
[SET 1: INVALID, AGE 0, DATA 0x00000000 0x00000000 0x00000000 0x00000000]
addi r3, r3, 1
[F] FR = 0x00000002, R3 = R3 + 0x0001 = 0x0000000A
[CACHE I LINE 2 READ HIT @ 0x0000002C]
[SET 0: VALID, AGE 0, DATA 0x7400000C 0x10000423 0x04000463 0x68000007]
[SET 1: INVALID, AGE 0, DATA 0x00000000 0x00000000 0x00000000 0x00000000]
bun 0x00000007
[S] PC = 0x0000001C
[CACHE I LINE 1 READ HIT @ 0x0000001C]
[SET 0: VALID, AGE 0, DATA 0x50003820 0x50003C40 0x04000460 0x20000062]
[SET 1: INVALID, AGE 0, DATA 0x00000000 0x00000000 0x00000000 0x00000000]
cmp r3, r2
[U] FR = 0x00000001
[CACHE I LINE 2 READ HIT @ 0x00000020]
[SET 0: VALID, AGE 0, DATA 0x7400000C 0x10000423 0x04000463 0x68000007]
[SET 1: INVALID, AGE 0, DATA 0x00000000 0x00000000 0x00000000 0x00000000]
bgt 0x0000000C
[S] PC = 0x00000024
[CACHE I LINE 2 READ HIT @ 0x00000024]
[SET 0: VALID, AGE 0, DATA 0x7400000C 0x10000423 0x04000463 0x68000007]
[SET 1: INVALID, AGE 0, DATA 0x00000000 0x00000000 0x00000000 0x00000000]
mul r1, r1, r3
[U] FR = 0x00000001, ER = 0x00000000, R1 = R1 * R3 = 0x00375F00
[CACHE I LINE 2 READ HIT @ 0x00000028]
[SET 0: VALID, AGE 0, DATA 0x7400000C 0x10000423 0x04000463 0x68000007]
[SET 1: INVALID, AGE 0, DATA 0x00000000 0x00000000 0x00000000 0x00000000]
addi r3, r3, 1
[F] FR = 0x00000001, R3 = R3 + 0x0001 = 0x0000000B
[CACHE I LINE 2 READ HIT @ 0x0000002C]
[SET 0: VALID, AGE 0, DATA 0x7400000C 0x10000423 0x04000463 0x68000007]
[SET 1: INVALID, AGE 0, DATA 0x00000000 0x00000000 0x00000000 0x00000000]
bun 0x00000007
[S] PC = 0x0000001C
[CACHE I LINE 1 READ HIT @ 0x0000001C]
[SET 0: VALID, AGE 0, DATA 0x50003820 0x50003C40 0x04000460 0x20000062]
[SET 1: INVALID, AGE 0, DATA 0x00000000 0x00000000 0x00000000 0x00000000]
cmp r3, r2
[U] FR = 0x00000004
[CACHE I LINE 2 READ HIT @ 0x00000020]
[SET 0: VALID, AGE 0, DATA 0x7400000C 0x10000423 0x04000463 0x68000007]
[SET 1: INVALID, AGE 0, DATA 0x00000000 0x00000000 0x00000000 0x00000000]
bgt 0x0000000C
[S] PC = 0x00000030
[CACHE I LINE 3 READ MISS @ 0x00000030]
[SET 0: INVALID, AGE 0, DATA 0x00000000 0x00000000 0x00000000 0x00000000]
[SET 1: INVALID, AGE 0, DATA 0x00000000 0x00000000 0x00000000 0x00000000]
[CACHE D LINE 3 WRITE HIT @ 0x00000038]
[SET 0: VALID, AGE 0, DATA 0x58003801 0xFC000000 0x00000001 0x0000000A]
[SET 1: INVALID, AGE 0, DATA 0x00000000 0x00000000 0x00000000 0x00000000]
stw r0, 0x000E, r1
[F] MEM[(R0 + 0x000E) << 2] = R1 = 0x00375F00
[CACHE I LINE 3 READ HIT @ 0x00000034]
[SET 0: VALID, AGE 0, DATA 0x58003801 0xFC000000 0x00000001 0x0000000A]
[SET 1: INVALID, AGE 0, DATA 0x00000000 0x00000000 0x00000000 0x00000000]
int 0
[S] CR = 0x00000000, PC = 0x00000000
[END OF SIMULATION]
[CACHE D STATISTICS] #Hit = 2 (67%), #Miss = 1 (33%)
[CACHE I STATISTICS] #Hit = 54 (93%), #Miss = 4 (7%)

