[START OF SIMULATION]
[CACHE I LINE 0 READ MISS @ 0x00000000]
[SET 0: INVALID, AGE 0, DATA 0x00000000 0x00000000 0x00000000 0x00000000]
[SET 1: INVALID, AGE 0, DATA 0x00000000 0x00000000 0x00000000 0x00000000]
call r0, r0, 0x0012
[F] R0 = (PC + 4) >> 2 = 0x00000000, PC = (R0 + 0x0012) << 2 = 0x00000048
[CACHE I LINE 4 READ MISS @ 0x00000048]
[SET 0: INVALID, AGE 0, DATA 0x00000000 0x00000000 0x00000000 0x00000000]
[SET 1: INVALID, AGE 0, DATA 0x00000000 0x00000000 0x00000000 0x00000000]
addi r1, r0, 23
[F] FR = 0x00000000, R1 = R0 + 0x0017 = 0x00000017
[CACHE I LINE 4 READ HIT @ 0x0000004C]
[SET 0: VALID, AGE 0, DATA 0x68000008 0x98000060 0x04005C20 0x50005840]
[SET 1: INVALID, AGE 0, DATA 0x00000000 0x00000000 0x00000000 0x00000000]
[CACHE D LINE 5 READ MISS @ 0x00000058]
[SET 0: INVALID, AGE 0, DATA 0x00000000 0x00000000 0x00000000 0x00000000]
[SET 1: INVALID, AGE 0, DATA 0x00000000 0x00000000 0x00000000 0x00000000]
ldw r2, r0, 0x0016
[F] R2 = MEM[(R0 + 0x0016) << 2] = 0x0000000A
[CACHE I LINE 5 READ MISS @ 0x00000050]
[SET 0: INVALID, AGE 0, DATA 0x00000000 0x00000000 0x00000000 0x00000000]
[SET 1: INVALID, AGE 0, DATA 0x00000000 0x00000000 0x00000000 0x00000000]
call r3, r0, 0x0004
[F] R3 = (PC + 4) >> 2 = 0x00000015, PC = (R0 + 0x0004) << 2 = 0x00000010
[CACHE I LINE 1 READ MISS @ 0x00000010]
[SET 0: INVALID, AGE 0, DATA 0x00000000 0x00000000 0x00000000 0x00000000]
[SET 1: INVALID, AGE 0, DATA 0x00000000 0x00000000 0x00000000 0x00000000]
addi r4, r0, 0
[F] FR = 0x00000000, R4 = R0 + 0x0000 = 0x00000000
[CACHE I LINE 1 READ HIT @ 0x00000014]
[SET 0: VALID, AGE 0, DATA 0x04000080 0x040000A0 0x040004C0 0x04000480]
[SET 1: INVALID, AGE 0, DATA 0x00000000 0x00000000 0x00000000 0x00000000]
addi r5, r0, 0
[F] FR = 0x00000000, R5 = R0 + 0x0000 = 0x00000000
[CACHE I LINE 1 READ HIT @ 0x00000018]
[SET 0: VALID, AGE 0, DATA 0x04000080 0x040000A0 0x040004C0 0x04000480]
[SET 1: INVALID, AGE 0, DATA 0x00000000 0x00000000 0x00000000 0x00000000]
addi r6, r0, 1
[F] FR = 0x00000000, R6 = R0 + 0x0001 = 0x00000001
[CACHE I LINE 1 READ HIT @ 0x0000001C]
[SET 0: VALID, AGE 0, DATA 0x04000080 0x040000A0 0x040004C0 0x04000480]
[SET 1: INVALID, AGE 0, DATA 0x00000000 0x00000000 0x00000000 0x00000000]
addi r4, r0, 1
[F] FR = 0x00000000, R4 = R0 + 0x0001 = 0x00000001
[CACHE I LINE 2 READ MISS @ 0x00000020]
[SET 0: INVALID, AGE 0, DATA 0x00000000 0x00000000 0x00000000 0x00000000]
[SET 1: INVALID, AGE 0, DATA 0x00000000 0x00000000 0x00000000 0x00000000]
cmp r4, r2
[U] FR = 0x00000002
[CACHE I LINE 2 READ HIT @ 0x00000024]
[SET 0: VALID, AGE 0, DATA 0x20000082 0x80000011 0x00001C24 0x000020A6]
[SET 1: INVALID, AGE 0, DATA 0x00000000 0x00000000 0x00000000 0x00000000]
bge 0x00000011
[S] PC = 0x00000028
[CACHE I LINE 2 READ HIT @ 0x00000028]
[SET 0: VALID, AGE 0, DATA 0x20000082 0x80000011 0x00001C24 0x000020A6]
[SET 1: INVALID, AGE 0, DATA 0x00000000 0x00000000 0x00000000 0x00000000]
add r7, r1, r4
[U] FR = 0x00000002, R7 = R1 + R4 = 0x00000018
[CACHE I LINE 2 READ HIT @ 0x0000002C]
[SET 0: VALID, AGE 0, DATA 0x20000082 0x80000011 0x00001C24 0x000020A6]
[SET 1: INVALID, AGE 0, DATA 0x00000000 0x00000000 0x00000000 0x00000000]
add r8, r5, r6
[U] FR = 0x00000002, R8 = R5 + R6 = 0x00000001
[CACHE I LINE 3 READ MISS @ 0x00000030]
[SET 0: INVALID, AGE 0, DATA 0x00000000 0x00000000 0x00000000 0x00000000]
[SET 1: INVALID, AGE 0, DATA 0x00000000 0x00000000 0x00000000 0x00000000]
addi r6, r5, 0
[F] FR = 0x00000002, R6 = R5 + 0x0000 = 0x00000000
[CACHE I LINE 3 READ HIT @ 0x00000034]
[SET 0: VALID, AGE 0, DATA 0x040000C5 0x040000A8 0x580000E8 0x04000484]
[SET 1: INVALID, AGE 0, DATA 0x00000000 0x00000000 0x00000000 0x00000000]
addi r5, r8, 0
[F] FR = 0x00000002, R5 = R8 + 0x0000 = 0x00000001
[CACHE I LINE 3 READ HIT @ 0x00000038]
[SET 0: VALID, AGE 0, DATA 0x040000C5 0x040000A8 0x580000E8 0x04000484]
[SET 1: INVALID, AGE 0, DATA 0x00000000 0x00000000 0x00000000 0x00000000]
[CACHE D LINE 6 WRITE MISS @ 0x00000060]
[SET 0: INVALID, AGE 0, DATA 0x00000000 0x00000000 0x00000000 0x00000000]
[SET 1: INVALID, AGE 0, DATA 0x00000000 0x00000000 0x00000000 0x00000000]
stw r7, 0x0000, r8
[F] MEM[(R7 + 0x0000) << 2] = R8 = 0x00000001
[CACHE I LINE 3 READ HIT @ 0x0000003C]
[SET 0: VALID, AGE 0, DATA 0x040000C5 0x040000A8 0x580000E8 0x04000484]
[SET 1: INVALID, AGE 0, DATA 0x00000000 0x00000000 0x00000000 0x00000000]
addi r4, r4, 1
[F] FR = 0x00000002, R4 = R4 + 0x0001 = 0x00000002
[CACHE I LINE 4 READ HIT @ 0x00000040]
[SET 0: VALID, AGE 0, DATA 0x68000008 0x98000060 0x04005C20 0x50005840]
[SET 1: INVALID, AGE 0, DATA 0x00000000 0x00000000 0x00000000 0x00000000]
bun 0x00000008
[S] PC = 0x00000020
[CACHE I LINE 2 READ HIT @ 0x00000020]
[SET 0: VALID, AGE 0, DATA 0x20000082 0x80000011 0x00001C24 0x000020A6]
[SET 1: INVALID, AGE 0, DATA 0x00000000 0x00000000 0x00000000 0x00000000]
cmp r4, r2
[U] FR = 0x00000002
[CACHE I LINE 2 READ HIT @ 0x00000024]
[SET 0: VALID, AGE 0, DATA 0x20000082 0x80000011 0x00001C24 0x000020A6]
[SET 1: INVALID, AGE 0, DATA 0x00000000 0x00000000 0x00000000 0x00000000]
bge 0x00000011
[S] PC = 0x00000028
[CACHE I LINE 2 READ HIT @ 0x00000028]
[SET 0: VALID, AGE 0, DATA 0x20000082 0x80000011 0x00001C24 0x000020A6]
[SET 1: INVALID, AGE 0, DATA 0x00000000 0x00000000 0x00000000 0x00000000]
add r7, r1, r4
[U] FR = 0x00000002, R7 = R1 + R4 = 0x00000019
[CACHE I LINE 2 READ HIT @ 0x0000002C]
[SET 0: VALID, AGE 0, DATA 0x20000082 0x80000011 0x00001C24 0x000020A6]
[SET 1: INVALID, AGE 0, DATA 0x00000000 0x00000000 0x00000000 0x00000000]
add r8, r5, r6
[U] FR = 0x00000002, R8 = R5 + R6 = 0x00000001
[CACHE I LINE 3 READ HIT @ 0x00000030]
[SET 0: VALID, AGE 0, DATA 0x040000C5 0x040000A8 0x580000E8 0x04000484]
[SET 1: INVALID, AGE 0, DATA 0x00000000 0x00000000 0x00000000 0x00000000]
addi r6, r5, 0
[F] FR = 0x00000002, R6 = R5 + 0x0000 = 0x00000001
[CACHE I LINE 3 READ HIT @ 0x00000034]
[SET 0: VALID, AGE 0, DATA 0x040000C5 0x040000A8 0x580000E8 0x04000484]
[SET 1: INVALID, AGE 0, DATA 0x00000000 0x00000000 0x00000000 0x00000000]
addi r5, r8, 0
[F] FR = 0x00000002, R5 = R8 + 0x0000 = 0x00000001
[CACHE I LINE 3 READ HIT @ 0x00000038]
[SET 0: VALID, AGE 0, DATA 0x040000C5 0x040000A8 0x580000E8 0x04000484]
[SET 1: INVALID, AGE 0, DATA 0x00000000 0x00000000 0x00000000 0x00000000]
[CACHE D LINE 6 WRITE MISS @ 0x00000064]
[SET 0: INVALID, AGE 0, DATA 0x00000000 0x00000000 0x00000000 0x00000000]
[SET 1: INVALID, AGE 0, DATA 0x00000000 0x00000000 0x00000000 0x00000000]
stw r7, 0x0000, r8
[F] MEM[(R7 + 0x0000) << 2] = R8 = 0x00000001
[CACHE I LINE 3 READ HIT @ 0x0000003C]
[SET 0: VALID, AGE 0, DATA 0x040000C5 0x040000A8 0x580000E8 0x04000484]
[SET 1: INVALID, AGE 0, DATA 0x00000000 0x00000000 0x00000000 0x00000000]
addi r4, r4, 1
[F] FR = 0x00000002, R4 = R4 + 0x0001 = 0x00000003
[CACHE I LINE 4 READ HIT @ 0x00000040]
[SET 0: VALID, AGE 0, DATA 0x68000008 0x98000060 0x04005C20 0x50005840]
[SET 1: INVALID, AGE 0, DATA 0x00000000 0x00000000 0x00000000 0x00000000]
bun 0x00000008
[S] PC = 0x00000020
[CACHE I LINE 2 READ HIT @ 0x00000020]
[SET 0: VALID, AGE 0, DATA 0x20000082 0x80000011 0x00001C24 0x000020A6]
[SET 1: INVALID, AGE 0, DATA 0x00000000 0x00000000 0x00000000 0x00000000]
cmp r4, r2
[U] FR = 0x00000002
[CACHE I LINE 2 READ HIT @ 0x00000024]
[SET 0: VALID, AGE 0, DATA 0x20000082 0x80000011 0x00001C24 0x000020A6]
[SET 1: INVALID, AGE 0, DATA 0x00000000 0x00000000 0x00000000 0x00000000]
bge 0x00000011
[S] PC = 0x00000028
[CACHE I LINE 2 READ HIT @ 0x00000028]
[SET 0: VALID, AGE 0, DATA 0x20000082 0x80000011 0x00001C24 0x000020A6]
[SET 1: INVALID, AGE 0, DATA 0x00000000 0x00000000 0x00000000 0x00000000]
add r7, r1, r4
[U] FR = 0x00000002, R7 = R1 + R4 = 0x0000001A
[CACHE I LINE 2 READ HIT @ 0x0000002C]
[SET 0: VALID, AGE 0, DATA 0x20000082 0x80000011 0x00001C24 0x000020A6]
[SET 1: INVALID, AGE 0, DATA 0x00000000 0x00000000 0x00000000 0x00000000]
add r8, r5, r6
[U] FR = 0x00000002, R8 = R5 + R6 = 0x00000002
[CACHE I LINE 3 READ HIT @ 0x00000030]
[SET 0: VALID, AGE 0, DATA 0x040000C5 0x040000A8 0x580000E8 0x04000484]
[SET 1: INVALID, AGE 0, DATA 0x00000000 0x00000000 0x00000000 0x00000000]
addi r6, r5, 0
[F] FR = 0x00000002, R6 = R5 + 0x0000 = 0x00000001
[CACHE I LINE 3 READ HIT @ 0x00000034]
[SET 0: VALID, AGE 0, DATA 0x040000C5 0x040000A8 0x580000E8 0x04000484]
[SET 1: INVALID, AGE 0, DATA 0x00000000 0x00000000 0x00000000 0x00000000]
addi r5, r8, 0
[F] FR = 0x00000002, R5 = R8 + 0x0000 = 0x00000002
[CACHE I LINE 3 READ HIT @ 0x00000038]
[SET 0: VALID, AGE 0, DATA 0x040000C5 0x040000A8 0x580000E8 0x04000484]
[SET 1: INVALID, AGE 0, DATA 0x00000000 0x00000000 0x00000000 0x00000000]
[CACHE D LINE 6 WRITE MISS @ 0x00000068]
[SET 0: INVALID, AGE 0, DATA 0x00000000 0x00000000 0x00000000 0x00000000]
[SET 1: INVALID, AGE 0, DATA 0x00000000 0x00000000 0x00000000 0x00000000]
stw r7, 0x0000, r8
[F] MEM[(R7 + 0x0000) << 2] = R8 = 0x00000002
[CACHE I LINE 3 READ HIT @ 0x0000003C]
[SET 0: VALID, AGE 0, DATA 0x040000C5 0x040000A8 0x580000E8 0x04000484]
[SET 1: INVALID, AGE 0, DATA 0x00000000 0x00000000 0x00000000 0x00000000]
addi r4, r4, 1
[F] FR = 0x00000002, R4 = R4 + 0x0001 = 0x00000004
[CACHE I LINE 4 READ HIT @ 0x00000040]
[SET 0: VALID, AGE 0, DATA 0x68000008 0x98000060 0x04005C20 0x50005840]
[SET 1: INVALID, AGE 0, DATA 0x00000000 0x00000000 0x00000000 0x00000000]
bun 0x00000008
[S] PC = 0x00000020
[CACHE I LINE 2 READ HIT @ 0x00000020]
[SET 0: VALID, AGE 0, DATA 0x20000082 0x80000011 0x00001C24 0x000020A6]
[SET 1: INVALID, AGE 0, DATA 0x00000000 0x00000000 0x00000000 0x00000000]
cmp r4, r2
[U] FR = 0x00000002
[CACHE I LINE 2 READ HIT @ 0x00000024]
[SET 0: VALID, AGE 0, DATA 0x20000082 0x80000011 0x00001C24 0x000020A6]
[SET 1: INVALID, AGE 0, DATA 0x00000000 0x00000000 0x00000000 0x00000000]
bge 0x00000011
[S] PC = 0x00000028
[CACHE I LINE 2 READ HIT @ 0x00000028]
[SET 0: VALID, AGE 0, DATA 0x20000082 0x80000011 0x00001C24 0x000020A6]
[SET 1: INVALID, AGE 0, DATA 0x00000000 0x00000000 0x00000000 0x00000000]
add r7, r1, r4
[U] FR = 0x00000002, R7 = R1 + R4 = 0x0000001B
[CACHE I LINE 2 READ HIT @ 0x0000002C]
[SET 0: VALID, AGE 0, DATA 0x20000082 0x80000011 0x00001C24 0x000020A6]
[SET 1: INVALID, AGE 0, DATA 0x00000000 0x00000000 0x00000000 0x00000000]
add r8, r5, r6
[U] FR = 0x00000002, R8 = R5 + R6 = 0x00000003
[CACHE I LINE 3 READ HIT @ 0x00000030]
[SET 0: VALID, AGE 0, DATA 0x040000C5 0x040000A8 0x580000E8 0x04000484]
[SET 1: INVALID, AGE 0, DATA 0x00000000 0x00000000 0x00000000 0x00000000]
addi r6, r5, 0
[F] FR = 0x00000002, R6 = R5 + 0x0000 = 0x00000002
[CACHE I LINE 3 READ HIT @ 0x00000034]
[SET 0: VALID, AGE 0, DATA 0x040000C5 0x040000A8 0x580000E8 0x04000484]
[SET 1: INVALID, AGE 0, DATA 0x00000000 0x00000000 0x00000000 0x00000000]
addi r5, r8, 0
[F] FR = 0x00000002, R5 = R8 + 0x0000 = 0x00000003
[CACHE I LINE 3 READ HIT @ 0x00000038]
[SET 0: VALID, AGE 0, DATA 0x040000C5 0x040000A8 0x580000E8 0x04000484]
[SET 1: INVALID, AGE 0, DATA 0x00000000 0x00000000 0x00000000 0x00000000]
[CACHE D LINE 6 WRITE MISS @ 0x0000006C]
[SET 0: INVALID, AGE 0, DATA 0x00000000 0x00000000 0x00000000 0x00000000]
[SET 1: INVALID, AGE 0, DATA 0x00000000 0x00000000 0x00000000 0x00000000]
stw r7, 0x0000, r8
[F] MEM[(R7 + 0x0000) << 2] = R8 = 0x00000003
[CACHE I LINE 3 READ HIT @ 0x0000003C]
[SET 0: VALID, AGE 0, DATA 0x040000C5 0x040000A8 0x580000E8 0x04000484]
[SET 1: INVALID, AGE 0, DATA 0x00000000 0x00000000 0x00000000 0x00000000]
addi r4, r4, 1
[F] FR = 0x00000002, R4 = R4 + 0x0001 = 0x00000005
[CACHE I LINE 4 READ HIT @ 0x00000040]
[SET 0: VALID, AGE 0, DATA 0x68000008 0x98000060 0x04005C20 0x50005840]
[SET 1: INVALID, AGE 0, DATA 0x00000000 0x00000000 0x00000000 0x00000000]
bun 0x00000008
[S] PC = 0x00000020
[CACHE I LINE 2 READ HIT @ 0x00000020]
[SET 0: VALID, AGE 0, DATA 0x20000082 0x80000011 0x00001C24 0x000020A6]
[SET 1: INVALID, AGE 0, DATA 0x00000000 0x00000000 0x00000000 0x00000000]
cmp r4, r2
[U] FR = 0x00000002
[CACHE I LINE 2 READ HIT @ 0x00000024]
[SET 0: VALID, AGE 0, DATA 0x20000082 0x80000011 0x00001C24 0x000020A6]
[SET 1: INVALID, AGE 0, DATA 0x00000000 0x00000000 0x00000000 0x00000000]
bge 0x00000011
[S] PC = 0x00000028
[CACHE I LINE 2 READ HIT @ 0x00000028]
[SET 0: VALID, AGE 0, DATA 0x20000082 0x80000011 0x00001C24 0x000020A6]
[SET 1: INVALID, AGE 0, DATA 0x00000000 0x00000000 0x00000000 0x00000000]
add r7, r1, r4
[U] FR = 0x00000002, R7 = R1 + R4 = 0x0000001C
[CACHE I LINE 2 READ HIT @ 0x0000002C]
[SET 0: VALID, AGE 0, DATA 0x20000082 0x80000011 0x00001C24 0x000020A6]
[SET 1: INVALID, AGE 0, DATA 0x00000000 0x00000000 0x00000000 0x00000000]
add r8, r5, r6
[U] FR = 0x00000002, R8 = R5 + R6 = 0x00000005
[CACHE I LINE 3 READ HIT @ 0x00000030]
[SET 0: VALID, AGE 0, DATA 0x040000C5 0x040000A8 0x580000E8 0x04000484]
[SET 1: INVALID, AGE 0, DATA 0x00000000 0x00000000 0x00000000 0x00000000]
addi r6, r5, 0
[F] FR = 0x00000002, R6 = R5 + 0x0000 = 0x00000003
[CACHE I LINE 3 READ HIT @ 0x00000034]
[SET 0: VALID, AGE 0, DATA 0x040000C5 0x040000A8 0x580000E8 0x04000484]
[SET 1: INVALID, AGE 0, DATA 0x00000000 0x00000000 0x00000000 0x00000000]
addi r5, r8, 0
[F] FR = 0x00000002, R5 = R8 + 0x0000 = 0x00000005
[CACHE I LINE 3 READ HIT @ 0x00000038]
[SET 0: VALID, AGE 0, DATA 0x040000C5 0x040000A8 0x580000E8 0x04000484]
[SET 1: INVALID, AGE 0, DATA 0x00000000 0x00000000 0x00000000 0x00000000]
[CACHE D LINE 7 WRITE MISS @ 0x00000070]
[SET 0: INVALID, AGE 0, DATA 0x00000000 0x00000000 0x00000000 0x00000000]
[SET 1: INVALID, AGE 0, DATA 0x00000000 0x00000000 0x00000000 0x00000000]
stw r7, 0x0000, r8
[F] MEM[(R7 + 0x0000) << 2] = R8 = 0x00000005
[CACHE I LINE 3 READ HIT @ 0x0000003C]
[SET 0: VALID, AGE 0, DATA 0x040000C5 0x040000A8 0x580000E8 0x04000484]
[SET 1: INVALID, AGE 0, DATA 0x00000000 0x00000000 0x00000000 0x00000000]
addi r4, r4, 1
[F] FR = 0x00000002, R4 = R4 + 0x0001 = 0x00000006
[CACHE I LINE 4 READ HIT @ 0x00000040]
[SET 0: VALID, AGE 0, DATA 0x68000008 0x98000060 0x04005C20 0x50005840]
[SET 1: INVALID, AGE 0, DATA 0x00000000 0x00000000 0x00000000 0x00000000]
bun 0x00000008
[S] PC = 0x00000020
[CACHE I LINE 2 READ HIT @ 0x00000020]
[SET 0: VALID, AGE 0, DATA 0x20000082 0x80000011 0x00001C24 0x000020A6]
[SET 1: INVALID, AGE 0, DATA 0x00000000 0x00000000 0x00000000 0x00000000]
cmp r4, r2
[U] FR = 0x00000002
[CACHE I LINE 2 READ HIT @ 0x00000024]
[SET 0: VALID, AGE 0, DATA 0x20000082 0x80000011 0x00001C24 0x000020A6]
[SET 1: INVALID, AGE 0, DATA 0x00000000 0x00000000 0x00000000 0x00000000]
bge 0x00000011
[S] PC = 0x00000028
[CACHE I LINE 2 READ HIT @ 0x00000028]
[SET 0: VALID, AGE 0, DATA 0x20000082 0x80000011 0x00001C24 0x000020A6]
[SET 1: INVALID, AGE 0, DATA 0x00000000 0x00000000 0x00000000 0x00000000]
add r7, r1, r4
[U] FR = 0x00000002, R7 = R1 + R4 = 0x0000001D
[CACHE I LINE 2 READ HIT @ 0x0000002C]
[SET 0: VALID, AGE 0, DATA 0x20000082 0x80000011 0x00001C24 0x000020A6]
[SET 1: INVALID, AGE 0, DATA 0x00000000 0x00000000 0x00000000 0x00000000]
add r8, r5, r6
[U] FR = 0x00000002, R8 = R5 + R6 = 0x00000008
[CACHE I LINE 3 READ HIT @ 0x00000030]
[SET 0: VALID, AGE 0, DATA 0x040000C5 0x040000A8 0x580000E8 0x04000484]
[SET 1: INVALID, AGE 0, DATA 0x00000000 0x00000000 0x00000000 0x00000000]
addi r6, r5, 0
[F] FR = 0x00000002, R6 = R5 + 0x0000 = 0x00000005
[CACHE I LINE 3 READ HIT @ 0x00000034]
[SET 0: VALID, AGE 0, DATA 0x040000C5 0x040000A8 0x580000E8 0x04000484]
[SET 1: INVALID, AGE 0, DATA 0x00000000 0x00000000 0x00000000 0x00000000]
addi r5, r8, 0
[F] FR = 0x00000002, R5 = R8 + 0x0000 = 0x00000008
[CACHE I LINE 3 READ HIT @ 0x00000038]
[SET 0: VALID, AGE 0, DATA 0x040000C5 0x040000A8 0x580000E8 0x04000484]
[SET 1: INVALID, AGE 0, DATA 0x00000000 0x00000000 0x00000000 0x00000000]
[CACHE D LINE 7 WRITE MISS @ 0x00000074]
[SET 0: INVALID, AGE 0, DATA 0x00000000 0x00000000 0x00000000 0x00000000]
[SET 1: INVALID, AGE 0, DATA 0x00000000 0x00000000 0x00000000 0x00000000]
stw r7, 0x0000, r8
[F] MEM[(R7 + 0x0000) << 2] = R8 = 0x00000008
[CACHE I LINE 3 READ HIT @ 0x0000003C]
[SET 0: VALID, AGE 0, DATA 0x040000C5 0x040000A8 0x580000E8 0x04000484]
[SET 1: INVALID, AGE 0, DATA 0x00000000 0x00000000 0x00000000 0x00000000]
addi r4, r4, 1
[F] FR = 0x00000002, R4 = R4 + 0x0001 = 0x00000007
[CACHE I LINE 4 READ HIT @ 0x00000040]
[SET 0: VALID, AGE 0, DATA 0x68000008 0x98000060 0x04005C20 0x50005840]
[SET 1: INVALID, AGE 0, DATA 0x00000000 0x00000000 0x00000000 0x00000000]
bun 0x00000008
[S] PC = 0x00000020
[CACHE I LINE 2 READ HIT @ 0x00000020]
[SET 0: VALID, AGE 0, DATA 0x20000082 0x80000011 0x00001C24 0x000020A6]
[SET 1: INVALID, AGE 0, DATA 0x00000000 0x00000000 0x00000000 0x00000000]
cmp r4, r2
[U] FR = 0x00000002
[CACHE I LINE 2 READ HIT @ 0x00000024]
[SET 0: VALID, AGE 0, DATA 0x20000082 0x80000011 0x00001C24 0x000020A6]
[SET 1: INVALID, AGE 0, DATA 0x00000000 0x00000000 0x00000000 0x00000000]
bge 0x00000011
[S] PC = 0x00000028
[CACHE I LINE 2 READ HIT @ 0x00000028]
[SET 0: VALID, AGE 0, DATA 0x20000082 0x80000011 0x00001C24 0x000020A6]
[SET 1: INVALID, AGE 0, DATA 0x00000000 0x00000000 0x00000000 0x00000000]
add r7, r1, r4
[U] FR = 0x00000002, R7 = R1 + R4 = 0x0000001E
[CACHE I LINE 2 READ HIT @ 0x0000002C]
[SET 0: VALID, AGE 0, DATA 0x20000082 0x80000011 0x00001C24 0x000020A6]
[SET 1: INVALID, AGE 0, DATA 0x00000000 0x00000000 0x00000000 0x00000000]
add r8, r5, r6
[U] FR = 0x00000002, R8 = R5 + R6 = 0x0000000D
[CACHE I LINE 3 READ HIT @ 0x00000030]
[SET 0: VALID, AGE 0, DATA 0x040000C5 0x040000A8 0x580000E8 0x04000484]
[SET 1: INVALID, AGE 0, DATA 0x00000000 0x00000000 0x00000000 0x00000000]
addi r6, r5, 0
[F] FR = 0x00000002, R6 = R5 + 0x0000 = 0x00000008
[CACHE I LINE 3 READ HIT @ 0x00000034]
[SET 0: VALID, AGE 0, DATA 0x040000C5 0x040000A8 0x580000E8 0x04000484]
[SET 1: INVALID, AGE 0, DATA 0x00000000 0x00000000 0x00000000 0x00000000]
addi r5, r8, 0
[F] FR = 0x00000002, R5 = R8 + 0x0000 = 0x0000000D
[CACHE I LINE 3 READ HIT @ 0x00000038]
[SET 0: VALID, AGE 0, DATA 0x040000C5 0x040000A8 0x580000E8 0x04000484]
[SET 1: INVALID, AGE 0, DATA 0x00000000 0x00000000 0x00000000 0x00000000]
[CACHE D LINE 7 WRITE MISS @ 0x00000078]
[SET 0: INVALID, AGE 0, DATA 0x00000000 0x00000000 0x00000000 0x00000000]
[SET 1: INVALID, AGE 0, DATA 0x00000000 0x00000000 0x00000000 0x00000000]
stw r7, 0x0000, r8
[F] MEM[(R7 + 0x0000) << 2] = R8 = 0x0000000D
[CACHE I LINE 3 READ HIT @ 0x0000003C]
[SET 0: VALID, AGE 0, DATA 0x040000C5 0x040000A8 0x580000E8 0x04000484]
[SET 1: INVALID, AGE 0, DATA 0x00000000 0x00000000 0x00000000 0x00000000]
addi r4, r4, 1
[F] FR = 0x00000002, R4 = R4 + 0x0001 = 0x00000008
[CACHE I LINE 4 READ HIT @ 0x00000040]
[SET 0: VALID, AGE 0, DATA 0x68000008 0x98000060 0x04005C20 0x50005840]
[SET 1: INVALID, AGE 0, DATA 0x00000000 0x00000000 0x00000000 0x00000000]
bun 0x00000008
[S] PC = 0x00000020
[CACHE I LINE 2 READ HIT @ 0x00000020]
[SET 0: VALID, AGE 0, DATA 0x20000082 0x80000011 0x00001C24 0x000020A6]
[SET 1: INVALID, AGE 0, DATA 0x00000000 0x00000000 0x00000000 0x00000000]
cmp r4, r2
[U] FR = 0x00000002
[CACHE I LINE 2 READ HIT @ 0x00000024]
[SET 0: VALID, AGE 0, DATA 0x20000082 0x80000011 0x00001C24 0x000020A6]
[SET 1: INVALID, AGE 0, DATA 0x00000000 0x00000000 0x00000000 0x00000000]
bge 0x00000011
[S] PC = 0x00000028
[CACHE I LINE 2 READ HIT @ 0x00000028]
[SET 0: VALID, AGE 0, DATA 0x20000082 0x80000011 0x00001C24 0x000020A6]
[SET 1: INVALID, AGE 0, DATA 0x00000000 0x00000000 0x00000000 0x00000000]
add r7, r1, r4
[U] FR = 0x00000002, R7 = R1 + R4 = 0x0000001F
[CACHE I LINE 2 READ HIT @ 0x0000002C]
[SET 0: VALID, AGE 0, DATA 0x20000082 0x80000011 0x00001C24 0x000020A6]
[SET 1: INVALID, AGE 0, DATA 0x00000000 0x00000000 0x00000000 0x00000000]
add r8, r5, r6
[U] FR = 0x00000002, R8 = R5 + R6 = 0x00000015
[CACHE I LINE 3 READ HIT @ 0x00000030]
[SET 0: VALID, AGE 0, DATA 0x040000C5 0x040000A8 0x580000E8 0x04000484]
[SET 1: INVALID, AGE 0, DATA 0x00000000 0x00000000 0x00000000 0x00000000]
addi r6, r5, 0
[F] FR = 0x00000002, R6 = R5 + 0x0000 = 0x0000000D
[CACHE I LINE 3 READ HIT @ 0x00000034]
[SET 0: VALID, AGE 0, DATA 0x040000C5 0x040000A8 0x580000E8 0x04000484]
[SET 1: INVALID, AGE 0, DATA 0x00000000 0x00000000 0x00000000 0x00000000]
addi r5, r8, 0
[F] FR = 0x00000002, R5 = R8 + 0x0000 = 0x00000015
[CACHE I LINE 3 READ HIT @ 0x00000038]
[SET 0: VALID, AGE 0, DATA 0x040000C5 0x040000A8 0x580000E8 0x04000484]
[SET 1: INVALID, AGE 0, DATA 0x00000000 0x00000000 0x00000000 0x00000000]
[CACHE D LINE 7 WRITE MISS @ 0x0000007C]
[SET 0: INVALID, AGE 0, DATA 0x00000000 0x00000000 0x00000000 0x00000000]
[SET 1: INVALID, AGE 0, DATA 0x00000000 0x00000000 0x00000000 0x00000000]
stw r7, 0x0000, r8
[F] MEM[(R7 + 0x0000) << 2] = R8 = 0x00000015
[CACHE I LINE 3 READ HIT @ 0x0000003C]
[SET 0: VALID, AGE 0, DATA 0x040000C5 0x040000A8 0x580000E8 0x04000484]
[SET 1: INVALID, AGE 0, DATA 0x00000000 0x00000000 0x00000000 0x00000000]
addi r4, r4, 1
[F] FR = 0x00000002, R4 = R4 + 0x0001 = 0x00000009
[CACHE I LINE 4 READ HIT @ 0x00000040]
[SET 0: VALID, AGE 0, DATA 0x68000008 0x98000060 0x04005C20 0x50005840]
[SET 1: INVALID, AGE 0, DATA 0x00000000 0x00000000 0x00000000 0x00000000]
bun 0x00000008
[S] PC = 0x00000020
[CACHE I LINE 2 READ HIT @ 0x00000020]
[SET 0: VALID, AGE 0, DATA 0x20000082 0x80000011 0x00001C24 0x000020A6]
[SET 1: INVALID, AGE 0, DATA 0x00000000 0x00000000 0x00000000 0x00000000]
cmp r4, r2
[U] FR = 0x00000002
[CACHE I LINE 2 READ HIT @ 0x00000024]
[SET 0: VALID, AGE 0, DATA 0x20000082 0x80000011 0x00001C24 0x000020A6]
[SET 1: INVALID, AGE 0, DATA 0x00000000 0x00000000 0x00000000 0x00000000]
bge 0x00000011
[S] PC = 0x00000028
[CACHE I LINE 2 READ HIT @ 0x00000028]
[SET 0: VALID, AGE 0, DATA 0x20000082 0x80000011 0x00001C24 0x000020A6]
[SET 1: INVALID, AGE 0, DATA 0x00000000 0x00000000 0x00000000 0x00000000]
add r7, r1, r4
[U] FR = 0x00000002, R7 = R1 + R4 = 0x00000020
[CACHE I LINE 2 READ HIT @ 0x0000002C]
[SET 0: VALID, AGE 0, DATA 0x20000082 0x80000011 0x00001C24 0x000020A6]
[SET 1: INVALID, AGE 0, DATA 0x00000000 0x00000000 0x00000000 0x00000000]
add r8, r5, r6
[U] FR = 0x00000002, R8 = R5 + R6 = 0x00000022
[CACHE I LINE 3 READ HIT @ 0x00000030]
[SET 0: VALID, AGE 0, DATA 0x040000C5 0x040000A8 0x580000E8 0x04000484]
[SET 1: INVALID, AGE 0, DATA 0x00000000 0x00000000 0x00000000 0x00000000]
addi r6, r5, 0
[F] FR = 0x00000002, R6 = R5 + 0x0000 = 0x00000015
[CACHE I LINE 3 READ HIT @ 0x00000034]
[SET 0: VALID, AGE 0, DATA 0x040000C5 0x040000A8 0x580000E8 0x04000484]
[SET 1: INVALID, AGE 0, DATA 0x00000000 0x00000000 0x00000000 0x00000000]
addi r5, r8, 0
[F] FR = 0x00000002, R5 = R8 + 0x0000 = 0x00000022
[CACHE I LINE 3 READ HIT @ 0x00000038]
[SET 0: VALID, AGE 0, DATA 0x040000C5 0x040000A8 0x580000E8 0x04000484]
[SET 1: INVALID, AGE 0, DATA 0x00000000 0x00000000 0x00000000 0x00000000]
[CACHE D LINE 0 WRITE MISS @ 0x00000080]
[SET 0: INVALID, AGE 0, DATA 0x00000000 0x00000000 0x00000000 0x00000000]
[SET 1: INVALID, AGE 0, DATA 0x00000000 0x00000000 0x00000000 0x00000000]
stw r7, 0x0000, r8
[F] MEM[(R7 + 0x0000) << 2] = R8 = 0x00000022
[CACHE I LINE 3 READ HIT @ 0x0000003C]
[SET 0: VALID, AGE 0, DATA 0x040000C5 0x040000A8 0x580000E8 0x04000484]
[SET 1: INVALID, AGE 0, DATA 0x00000000 0x00000000 0x00000000 0x00000000]
addi r4, r4, 1
[F] FR = 0x00000002, R4 = R4 + 0x0001 = 0x0000000A
[CACHE I LINE 4 READ HIT @ 0x00000040]
[SET 0: VALID, AGE 0, DATA 0x68000008 0x98000060 0x04005C20 0x50005840]
[SET 1: INVALID, AGE 0, DATA 0x00000000 0x00000000 0x00000000 0x00000000]
bun 0x00000008
[S] PC = 0x00000020
[CACHE I LINE 2 READ HIT @ 0x00000020]
[SET 0: VALID, AGE 0, DATA 0x20000082 0x80000011 0x00001C24 0x000020A6]
[SET 1: INVALID, AGE 0, DATA 0x00000000 0x00000000 0x00000000 0x00000000]
cmp r4, r2
[U] FR = 0x00000001
[CACHE I LINE 2 READ HIT @ 0x00000024]
[SET 0: VALID, AGE 0, DATA 0x20000082 0x80000011 0x00001C24 0x000020A6]
[SET 1: INVALID, AGE 0, DATA 0x00000000 0x00000000 0x00000000 0x00000000]
bge 0x00000011
[S] PC = 0x00000044
[CACHE I LINE 4 READ HIT @ 0x00000044]
[SET 0: VALID, AGE 0, DATA 0x68000008 0x98000060 0x04005C20 0x50005840]
[SET 1: INVALID, AGE 0, DATA 0x00000000 0x00000000 0x00000000 0x00000000]
ret r3
[F] PC = R3 << 2 = 0x00000054
[CACHE I LINE 5 READ HIT @ 0x00000054]
[SET 0: VALID, AGE 0, DATA 0x94001060 0xFC000000 0x0000000A 0x00000000]
[SET 1: INVALID, AGE 0, DATA 0x00000000 0x00000000 0x00000000 0x00000000]
int 0
[S] CR = 0x00000000, PC = 0x00000000
[END OF SIMULATION]
[CACHE D STATISTICS] #Hit = 0 (0%), #Miss = 10 (100%)
[CACHE I STATISTICS] #Hit = 87 (94%), #Miss = 6 (6%)

