[START OF SIMULATION]
[CACHE I LINE 0 READ MISS @ 0x00000000]
[SET 0: INVALID, AGE 0, DATA 0x00000000 0x00000000 0x00000000 0x00000000]
[SET 1: INVALID, AGE 0, DATA 0x00000000 0x00000000 0x00000000 0x00000000]
call r0, r0, 0x000F
[F] R0 = (PC + 4) >> 2 = 0x00000000, PC = (R0 + 0x000F) << 2 = 0x0000003C
[CACHE I LINE 3 READ MISS @ 0x0000003C]
[SET 0: INVALID, AGE 0, DATA 0x00000000 0x00000000 0x00000000 0x00000000]
[SET 1: INVALID, AGE 0, DATA 0x00000000 0x00000000 0x00000000 0x00000000]
addi r1, r0, 64
[F] FR = 0x00000000, R1 = R0 + 0x0040 = 0x00000040
[CACHE I LINE 4 READ MISS @ 0x00000040]
[SET 0: INVALID, AGE 0, DATA 0x00000000 0x00000000 0x00000000 0x00000000]
[SET 1: INVALID, AGE 0, DATA 0x00000000 0x00000000 0x00000000 0x00000000]
or fr, fr, r1
[U] FR = FR | R1 = 0x00000040
[CACHE I LINE 4 READ HIT @ 0x00000044]
[SET 0: VALID, AGE 0, DATA 0x40030C61 0x5000B020 0x5000B440 0x5000B860]
[SET 1: INVALID, AGE 0, DATA 0x00000000 0x00000000 0x00000000 0x00000000]
[CACHE D LINE 3 READ MISS @ 0x000000B0]
[SET 0: INVALID, AGE 0, DATA 0x00000000 0x00000000 0x00000000 0x00000000]
[SET 1: INVALID, AGE 0, DATA 0x00000000 0x00000000 0x00000000 0x00000000]
ldw r1, r0, 0x002C
[F] R1 = MEM[(R0 + 0x002C) << 2] = 0x00002200
[CACHE I LINE 4 READ HIT @ 0x00000048]
[SET 0: VALID, AGE 0, DATA 0x40030C61 0x5000B020 0x5000B440 0x5000B860]
[SET 1: INVALID, AGE 0, DATA 0x00000000 0x00000000 0x00000000 0x00000000]
[CACHE D LINE 3 READ HIT @ 0x000000B4]
[SET 0: VALID, AGE 0, DATA 0x00002200 0x00002201 0x00002202 0x00002203]
[SET 1: INVALID, AGE 0, DATA 0x00000000 0x00000000 0x00000000 0x00000000]
ldw r2, r0, 0x002D
[F] R2 = MEM[(R0 + 0x002D) << 2] = 0x00002201
[CACHE I LINE 4 READ HIT @ 0x0000004C]
[SET 0: VALID, AGE 0, DATA 0x40030C61 0x5000B020 0x5000B440 0x5000B860]
[SET 1: INVALID, AGE 0, DATA 0x00000000 0x00000000 0x00000000 0x00000000]
[CACHE D LINE 3 READ HIT @ 0x000000B8]
[SET 0: VALID, AGE 0, DATA 0x00002200 0x00002201 0x00002202 0x00002203]
[SET 1: INVALID, AGE 0, DATA 0x00000000 0x00000000 0x00000000 0x00000000]
ldw r3, r0, 0x002E
[F] R3 = MEM[(R0 + 0x002E) << 2] = 0x00002202
[CACHE I LINE 5 READ MISS @ 0x00000050]
[SET 0: INVALID, AGE 0, DATA 0x00000000 0x00000000 0x00000000 0x00000000]
[SET 1: INVALID, AGE 0, DATA 0x00000000 0x00000000 0x00000000 0x00000000]
[CACHE D LINE 3 READ HIT @ 0x000000BC]
[SET 0: VALID, AGE 0, DATA 0x00002200 0x00002201 0x00002202 0x00002203]
[SET 1: INVALID, AGE 0, DATA 0x00000000 0x00000000 0x00000000 0x00000000]
ldw r4, r0, 0x002F
[F] R4 = MEM[(R0 + 0x002F) << 2] = 0x00002203
[CACHE I LINE 5 READ HIT @ 0x00000054]
[SET 0: VALID, AGE 0, DATA 0x5000BC80 0x04003CE0 0x58000087 0x94002FA0]
[SET 1: INVALID, AGE 0, DATA 0x00000000 0x00000000 0x00000000 0x00000000]
addi r7, r0, 15
[F] FR = 0x00000040, R7 = R0 + 0x000F = 0x0000000F
[CACHE I LINE 5 READ HIT @ 0x00000058]
[SET 0: VALID, AGE 0, DATA 0x5000BC80 0x04003CE0 0x58000087 0x94002FA0]
[SET 1: INVALID, AGE 0, DATA 0x00000000 0x00000000 0x00000000 0x00000000]
stw r4, 0x0000, r7
[F] MEM[(R4 + 0x0000) << 2] = R7 = 0x0000000F
[CACHE I LINE 5 READ HIT @ 0x0000005C]
[SET 0: VALID, AGE 0, DATA 0x5000BC80 0x04003CE0 0x58000087 0x94002FA0]
[SET 1: INVALID, AGE 0, DATA 0x00000000 0x00000000 0x00000000 0x00000000]
call r29, r0, 0x000B
[F] R29 = (PC + 4) >> 2 = 0x00000018, PC = (R0 + 0x000B) << 2 = 0x0000002C
[HARDWARE INTERRUPTION 2]
[CACHE I LINE 0 READ HIT @ 0x00000008]
[SET 0: VALID, AGE 0, DATA 0x94003C00 0xFC000000 0x9C0013FE 0xFC000000]
[SET 1: INVALID, AGE 0, DATA 0x00000000 0x00000000 0x00000000 0x00000000]
isr r31, r30, 0x0004
[F] R31 = IPC >> 2 = 0x0000000B, R30 = CR = 0x01EEE754, PC = 0x00000010
[CACHE I LINE 1 READ MISS @ 0x00000010]
[SET 0: INVALID, AGE 0, DATA 0x00000000 0x00000000 0x00000000 0x00000000]
[SET 1: INVALID, AGE 0, DATA 0x00000000 0x00000000 0x00000000 0x00000000]
cmp r30, r0
[U] FR = 0x00000044
[CACHE I LINE 1 READ HIT @ 0x00000014]
[SET 0: VALID, AGE 0, DATA 0x200003C0 0x50000124 0x34008129 0x20000120]
[SET 1: INVALID, AGE 0, DATA 0x00000000 0x00000000 0x00000000 0x00000000]
ldw r9, r4, 0x0000
[F] R9 = MEM[(R4 + 0x0000) << 2] = 0x00000020
[CACHE I LINE 1 READ HIT @ 0x00000018]
[SET 0: VALID, AGE 0, DATA 0x200003C0 0x50000124 0x34008129 0x20000120]
[SET 1: INVALID, AGE 0, DATA 0x00000000 0x00000000 0x00000000 0x00000000]
andi r9, r9, 32
[F] R9 = R9 & 0x0020 = 0x00000020
[CACHE I LINE 1 READ HIT @ 0x0000001C]
[SET 0: VALID, AGE 0, DATA 0x200003C0 0x50000124 0x34008129 0x20000120]
[SET 1: INVALID, AGE 0, DATA 0x00000000 0x00000000 0x00000000 0x00000000]
cmp r9, r0
[U] FR = 0x00000044
[CACHE I LINE 2 READ MISS @ 0x00000020]
[SET 0: INVALID, AGE 0, DATA 0x00000000 0x00000000 0x00000000 0x00000000]
[SET 1: INVALID, AGE 0, DATA 0x00000000 0x00000000 0x00000000 0x00000000]
ldw r8, r3, 0x0000
[F] R8 = MEM[(R3 + 0x0000) << 2] = 0x00000000
[CACHE I LINE 2 READ HIT @ 0x00000024]
[SET 0: VALID, AGE 0, DATA 0x50000103 0x04000540 0xA00003E0 0x24000140]
[SET 1: INVALID, AGE 0, DATA 0x00000000 0x00000000 0x00000000 0x00000000]
addi r10, r0, 1
[F] FR = 0x00000044, R10 = R0 + 0x0001 = 0x00000001
[CACHE I LINE 2 READ HIT @ 0x00000028]
[SET 0: VALID, AGE 0, DATA 0x50000103 0x04000540 0xA00003E0 0x24000140]
[SET 1: INVALID, AGE 0, DATA 0x00000000 0x00000000 0x00000000 0x00000000]
reti r31
[F] PC = R31 << 2 = 0x0000002C
[CACHE I LINE 2 READ HIT @ 0x0000002C]
[SET 0: VALID, AGE 0, DATA 0x50000103 0x04000540 0xA00003E0 0x24000140]
[SET 1: INVALID, AGE 0, DATA 0x00000000 0x00000000 0x00000000 0x00000000]
cmpi r10, 0
[F] FR = 0x00000044
[CACHE I LINE 3 READ HIT @ 0x00000030]
[SET 0: VALID, AGE 0, DATA 0x6C00000B 0x04000140 0x980003A0 0x04010020]
[SET 1: INVALID, AGE 0, DATA 0x00000000 0x00000000 0x00000000 0x00000000]
beq 0x0000000B
[S] PC = 0x00000034
[CACHE I LINE 3 READ HIT @ 0x00000034]
[SET 0: VALID, AGE 0, DATA 0x6C00000B 0x04000140 0x980003A0 0x04010020]
[SET 1: INVALID, AGE 0, DATA 0x00000000 0x00000000 0x00000000 0x00000000]
addi r10, r0, 0
[F] FR = 0x00000044, R10 = R0 + 0x0000 = 0x00000000
[CACHE I LINE 3 READ HIT @ 0x00000038]
[SET 0: VALID, AGE 0, DATA 0x6C00000B 0x04000140 0x980003A0 0x04010020]
[SET 1: INVALID, AGE 0, DATA 0x00000000 0x00000000 0x00000000 0x00000000]
ret r29
[F] PC = R29 << 2 = 0x00000060
[CACHE I LINE 6 READ MISS @ 0x00000060]
[SET 0: INVALID, AGE 0, DATA 0x00000000 0x00000000 0x00000000 0x00000000]
[SET 1: INVALID, AGE 0, DATA 0x00000000 0x00000000 0x00000000 0x00000000]
addi r5, r0, 74
[F] FR = 0x00000044, R5 = R0 + 0x004A = 0x0000004A
[CACHE I LINE 6 READ HIT @ 0x00000064]
[SET 0: VALID, AGE 0, DATA 0x040128A0 0x58000025 0x040020C0 0x58000046]
[SET 1: INVALID, AGE 0, DATA 0x00000000 0x00000000 0x00000000 0x00000000]
stw r1, 0x0000, r5
[F] MEM[(R1 + 0x0000) << 2] = R5 = 0x0000004A
[CACHE I LINE 6 READ HIT @ 0x00000068]
[SET 0: VALID, AGE 0, DATA 0x040128A0 0x58000025 0x040020C0 0x58000046]
[SET 1: INVALID, AGE 0, DATA 0x00000000 0x00000000 0x00000000 0x00000000]
addi r6, r0, 8
[F] FR = 0x00000044, R6 = R0 + 0x0008 = 0x00000008
[CACHE I LINE 6 READ HIT @ 0x0000006C]
[SET 0: VALID, AGE 0, DATA 0x040128A0 0x58000025 0x040020C0 0x58000046]
[SET 1: INVALID, AGE 0, DATA 0x00000000 0x00000000 0x00000000 0x00000000]
stw r2, 0x0000, r6
[F] MEM[(R2 + 0x0000) << 2] = R6 = 0x00000008
[CACHE I LINE 7 READ MISS @ 0x00000070]
[SET 0: INVALID, AGE 0, DATA 0x00000000 0x00000000 0x00000000 0x00000000]
[SET 1: INVALID, AGE 0, DATA 0x00000000 0x00000000 0x00000000 0x00000000]
addi r7, r0, 4
[F] FR = 0x00000044, R7 = R0 + 0x0004 = 0x00000004
[CACHE I LINE 7 READ HIT @ 0x00000074]
[SET 0: VALID, AGE 0, DATA 0x040010E0 0x58000087 0x94002FA0 0x040014E0]
[SET 1: INVALID, AGE 0, DATA 0x00000000 0x00000000 0x00000000 0x00000000]
stw r4, 0x0000, r7
[F] MEM[(R4 + 0x0000) << 2] = R7 = 0x00000004
[CACHE I LINE 7 READ HIT @ 0x00000078]
[SET 0: VALID, AGE 0, DATA 0x040010E0 0x58000087 0x94002FA0 0x040014E0]
[SET 1: INVALID, AGE 0, DATA 0x00000000 0x00000000 0x00000000 0x00000000]
call r29, r0, 0x000B
[F] R29 = (PC + 4) >> 2 = 0x0000001F, PC = (R0 + 0x000B) << 2 = 0x0000002C
[CACHE I LINE 2 READ HIT @ 0x0000002C]
[SET 0: VALID, AGE 0, DATA 0x50000103 0x04000540 0xA00003E0 0x24000140]
[SET 1: INVALID, AGE 0, DATA 0x00000000 0x00000000 0x00000000 0x00000000]
cmpi r10, 0
[F] FR = 0x00000041
[CACHE I LINE 3 READ HIT @ 0x00000030]
[SET 0: VALID, AGE 0, DATA 0x6C00000B 0x04000140 0x980003A0 0x04010020]
[SET 1: INVALID, AGE 0, DATA 0x00000000 0x00000000 0x00000000 0x00000000]
beq 0x0000000B
[S] PC = 0x0000002C
[CACHE I LINE 2 READ HIT @ 0x0000002C]
[SET 0: VALID, AGE 0, DATA 0x50000103 0x04000540 0xA00003E0 0x24000140]
[SET 1: INVALID, AGE 0, DATA 0x00000000 0x00000000 0x00000000 0x00000000]
cmpi r10, 0
[F] FR = 0x00000041
[HARDWARE INTERRUPTION 2]
[CACHE I LINE 0 READ HIT @ 0x00000008]
[SET 0: VALID, AGE 0, DATA 0x94003C00 0xFC000000 0x9C0013FE 0xFC000000]
[SET 1: INVALID, AGE 0, DATA 0x00000000 0x00000000 0x00000000 0x00000000]
isr r31, r30, 0x0004
[F] R31 = IPC >> 2 = 0x0000000C, R30 = CR = 0x01EEE754, PC = 0x00000010
[CACHE I LINE 1 READ HIT @ 0x00000010]
[SET 0: VALID, AGE 0, DATA 0x200003C0 0x50000124 0x34008129 0x20000120]
[SET 1: INVALID, AGE 0, DATA 0x00000000 0x00000000 0x00000000 0x00000000]
cmp r30, r0
[U] FR = 0x00000044
[CACHE I LINE 1 READ HIT @ 0x00000014]
[SET 0: VALID, AGE 0, DATA 0x200003C0 0x50000124 0x34008129 0x20000120]
[SET 1: INVALID, AGE 0, DATA 0x00000000 0x00000000 0x00000000 0x00000000]
ldw r9, r4, 0x0000
[F] R9 = MEM[(R4 + 0x0000) << 2] = 0x00000000
[CACHE I LINE 1 READ HIT @ 0x00000018]
[SET 0: VALID, AGE 0, DATA 0x200003C0 0x50000124 0x34008129 0x20000120]
[SET 1: INVALID, AGE 0, DATA 0x00000000 0x00000000 0x00000000 0x00000000]
andi r9, r9, 32
[F] R9 = R9 & 0x0020 = 0x00000000
[CACHE I LINE 1 READ HIT @ 0x0000001C]
[SET 0: VALID, AGE 0, DATA 0x200003C0 0x50000124 0x34008129 0x20000120]
[SET 1: INVALID, AGE 0, DATA 0x00000000 0x00000000 0x00000000 0x00000000]
cmp r9, r0
[U] FR = 0x00000041
[CACHE I LINE 2 READ HIT @ 0x00000020]
[SET 0: VALID, AGE 0, DATA 0x50000103 0x04000540 0xA00003E0 0x24000140]
[SET 1: INVALID, AGE 0, DATA 0x00000000 0x00000000 0x00000000 0x00000000]
ldw r8, r3, 0x0000
[F] R8 = MEM[(R3 + 0x0000) << 2] = 0x41140000
[CACHE I LINE 2 READ HIT @ 0x00000024]
[SET 0: VALID, AGE 0, DATA 0x50000103 0x04000540 0xA00003E0 0x24000140]
[SET 1: INVALID, AGE 0, DATA 0x00000000 0x00000000 0x00000000 0x00000000]
addi r10, r0, 1
[F] FR = 0x00000041, R10 = R0 + 0x0001 = 0x00000001
[CACHE I LINE 2 READ HIT @ 0x00000028]
[SET 0: VALID, AGE 0, DATA 0x50000103 0x04000540 0xA00003E0 0x24000140]
[SET 1: INVALID, AGE 0, DATA 0x00000000 0x00000000 0x00000000 0x00000000]
reti r31
[F] PC = R31 << 2 = 0x00000030
[CACHE I LINE 3 READ HIT @ 0x00000030]
[SET 0: VALID, AGE 0, DATA 0x6C00000B 0x04000140 0x980003A0 0x04010020]
[SET 1: INVALID, AGE 0, DATA 0x00000000 0x00000000 0x00000000 0x00000000]
beq 0x0000000B
[S] PC = 0x0000002C
[CACHE I LINE 2 READ HIT @ 0x0000002C]
[SET 0: VALID, AGE 0, DATA 0x50000103 0x04000540 0xA00003E0 0x24000140]
[SET 1: INVALID, AGE 0, DATA 0x00000000 0x00000000 0x00000000 0x00000000]
cmpi r10, 0
[F] FR = 0x00000044
[CACHE I LINE 3 READ HIT @ 0x00000030]
[SET 0: VALID, AGE 0, DATA 0x6C00000B 0x04000140 0x980003A0 0x04010020]
[SET 1: INVALID, AGE 0, DATA 0x00000000 0x00000000 0x00000000 0x00000000]
beq 0x0000000B
[S] PC = 0x00000034
[CACHE I LINE 3 READ HIT @ 0x00000034]
[SET 0: VALID, AGE 0, DATA 0x6C00000B 0x04000140 0x980003A0 0x04010020]
[SET 1: INVALID, AGE 0, DATA 0x00000000 0x00000000 0x00000000 0x00000000]
addi r10, r0, 0
[F] FR = 0x00000044, R10 = R0 + 0x0000 = 0x00000000
[CACHE I LINE 3 READ HIT @ 0x00000038]
[SET 0: VALID, AGE 0, DATA 0x6C00000B 0x04000140 0x980003A0 0x04010020]
[SET 1: INVALID, AGE 0, DATA 0x00000000 0x00000000 0x00000000 0x00000000]
ret r29
[F] PC = R29 << 2 = 0x0000007C
[CACHE I LINE 7 READ HIT @ 0x0000007C]
[SET 0: VALID, AGE 0, DATA 0x040010E0 0x58000087 0x94002FA0 0x040014E0]
[SET 1: INVALID, AGE 0, DATA 0x00000000 0x00000000 0x00000000 0x00000000]
addi r7, r0, 5
[F] FR = 0x00000044, R7 = R0 + 0x0005 = 0x00000005
[CACHE I LINE 0 READ MISS @ 0x00000080]
[SET 0: VALID, AGE 14, DATA 0x94003C00 0xFC000000 0x9C0013FE 0xFC000000]
[SET 1: INVALID, AGE 0, DATA 0x00000000 0x00000000 0x00000000 0x00000000]
stw r4, 0x0000, r7
[F] MEM[(R4 + 0x0000) << 2] = R7 = 0x00000005
[CACHE I LINE 0 READ HIT @ 0x00000084]
[SET 0: VALID, AGE 15, DATA 0x94003C00 0xFC000000 0x9C0013FE 0xFC000000]
[SET 1: VALID, AGE 0, DATA 0x58000087 0x94002FA0 0x50000101 0x040008C0]
call r29, r0, 0x000B
[F] R29 = (PC + 4) >> 2 = 0x00000022, PC = (R0 + 0x000B) << 2 = 0x0000002C
[HARDWARE INTERRUPTION 2]
[CACHE I LINE 0 READ HIT @ 0x00000008]
[SET 0: VALID, AGE 0, DATA 0x94003C00 0xFC000000 0x9C0013FE 0xFC000000]
[SET 1: VALID, AGE 1, DATA 0x58000087 0x94002FA0 0x50000101 0x040008C0]
isr r31, r30, 0x0004
[F] R31 = IPC >> 2 = 0x0000000B, R30 = CR = 0x01EEE754, PC = 0x00000010
[CACHE I LINE 1 READ HIT @ 0x00000010]
[SET 0: VALID, AGE 0, DATA 0x200003C0 0x50000124 0x34008129 0x20000120]
[SET 1: INVALID, AGE 0, DATA 0x00000000 0x00000000 0x00000000 0x00000000]
cmp r30, r0
[U] FR = 0x00000044
[CACHE I LINE 1 READ HIT @ 0x00000014]
[SET 0: VALID, AGE 0, DATA 0x200003C0 0x50000124 0x34008129 0x20000120]
[SET 1: INVALID, AGE 0, DATA 0x00000000 0x00000000 0x00000000 0x00000000]
ldw r9, r4, 0x0000
[F] R9 = MEM[(R4 + 0x0000) << 2] = 0x00000000
[CACHE I LINE 1 READ HIT @ 0x00000018]
[SET 0: VALID, AGE 0, DATA 0x200003C0 0x50000124 0x34008129 0x20000120]
[SET 1: INVALID, AGE 0, DATA 0x00000000 0x00000000 0x00000000 0x00000000]
andi r9, r9, 32
[F] R9 = R9 & 0x0020 = 0x00000000
[CACHE I LINE 1 READ HIT @ 0x0000001C]
[SET 0: VALID, AGE 0, DATA 0x200003C0 0x50000124 0x34008129 0x20000120]
[SET 1: INVALID, AGE 0, DATA 0x00000000 0x00000000 0x00000000 0x00000000]
cmp r9, r0
[U] FR = 0x00000041
[CACHE I LINE 2 READ HIT @ 0x00000020]
[SET 0: VALID, AGE 0, DATA 0x50000103 0x04000540 0xA00003E0 0x24000140]
[SET 1: INVALID, AGE 0, DATA 0x00000000 0x00000000 0x00000000 0x00000000]
ldw r8, r3, 0x0000
[F] R8 = MEM[(R3 + 0x0000) << 2] = 0x41140000
[CACHE I LINE 2 READ HIT @ 0x00000024]
[SET 0: VALID, AGE 0, DATA 0x50000103 0x04000540 0xA00003E0 0x24000140]
[SET 1: INVALID, AGE 0, DATA 0x00000000 0x00000000 0x00000000 0x00000000]
addi r10, r0, 1
[F] FR = 0x00000041, R10 = R0 + 0x0001 = 0x00000001
[CACHE I LINE 2 READ HIT @ 0x00000028]
[SET 0: VALID, AGE 0, DATA 0x50000103 0x04000540 0xA00003E0 0x24000140]
[SET 1: INVALID, AGE 0, DATA 0x00000000 0x00000000 0x00000000 0x00000000]
reti r31
[F] PC = R31 << 2 = 0x0000002C
[CACHE I LINE 2 READ HIT @ 0x0000002C]
[SET 0: VALID, AGE 0, DATA 0x50000103 0x04000540 0xA00003E0 0x24000140]
[SET 1: INVALID, AGE 0, DATA 0x00000000 0x00000000 0x00000000 0x00000000]
cmpi r10, 0
[F] FR = 0x00000044
[CACHE I LINE 3 READ HIT @ 0x00000030]
[SET 0: VALID, AGE 0, DATA 0x6C00000B 0x04000140 0x980003A0 0x04010020]
[SET 1: INVALID, AGE 0, DATA 0x00000000 0x00000000 0x00000000 0x00000000]
beq 0x0000000B
[S] PC = 0x00000034
[CACHE I LINE 3 READ HIT @ 0x00000034]
[SET 0: VALID, AGE 0, DATA 0x6C00000B 0x04000140 0x980003A0 0x04010020]
[SET 1: INVALID, AGE 0, DATA 0x00000000 0x00000000 0x00000000 0x00000000]
addi r10, r0, 0
[F] FR = 0x00000044, R10 = R0 + 0x0000 = 0x00000000
[CACHE I LINE 3 READ HIT @ 0x00000038]
[SET 0: VALID, AGE 0, DATA 0x6C00000B 0x04000140 0x980003A0 0x04010020]
[SET 1: INVALID, AGE 0, DATA 0x00000000 0x00000000 0x00000000 0x00000000]
ret r29
[F] PC = R29 << 2 = 0x00000088
[CACHE I LINE 0 READ HIT @ 0x00000088]
[SET 0: VALID, AGE 12, DATA 0x94003C00 0xFC000000 0x9C0013FE 0xFC000000]
[SET 1: VALID, AGE 0, DATA 0x58000087 0x94002FA0 0x50000101 0x040008C0]
ldw r8, r1, 0x0000
[F] R8 = MEM[(R1 + 0x0000) << 2] = 0x41140000
[CACHE I LINE 0 READ HIT @ 0x0000008C]
[SET 0: VALID, AGE 13, DATA 0x94003C00 0xFC000000 0x9C0013FE 0xFC000000]
[SET 1: VALID, AGE 0, DATA 0x58000087 0x94002FA0 0x50000101 0x040008C0]
addi r6, r0, 2
[F] FR = 0x00000044, R6 = R0 + 0x0002 = 0x00000002
[CACHE I LINE 1 READ MISS @ 0x00000090]
[SET 0: VALID, AGE 10, DATA 0x200003C0 0x50000124 0x34008129 0x20000120]
[SET 1: INVALID, AGE 0, DATA 0x00000000 0x00000000 0x00000000 0x00000000]
stw r2, 0x0000, r6
[F] MEM[(R2 + 0x0000) << 2] = R6 = 0x00000002
[CACHE I LINE 1 READ HIT @ 0x00000094]
[SET 0: VALID, AGE 11, DATA 0x200003C0 0x50000124 0x34008129 0x20000120]
[SET 1: VALID, AGE 0, DATA 0x58000046 0x04000CE0 0x58000087 0x94002FA0]
addi r7, r0, 3
[F] FR = 0x00000044, R7 = R0 + 0x0003 = 0x00000003
[CACHE I LINE 1 READ HIT @ 0x00000098]
[SET 0: VALID, AGE 12, DATA 0x200003C0 0x50000124 0x34008129 0x20000120]
[SET 1: VALID, AGE 0, DATA 0x58000046 0x04000CE0 0x58000087 0x94002FA0]
stw r4, 0x0000, r7
[F] MEM[(R4 + 0x0000) << 2] = R7 = 0x00000003
[CACHE I LINE 1 READ HIT @ 0x0000009C]
[SET 0: VALID, AGE 13, DATA 0x200003C0 0x50000124 0x34008129 0x20000120]
[SET 1: VALID, AGE 0, DATA 0x58000046 0x04000CE0 0x58000087 0x94002FA0]
call r29, r0, 0x000B
[F] R29 = (PC + 4) >> 2 = 0x00000028, PC = (R0 + 0x000B) << 2 = 0x0000002C
[CACHE I LINE 2 READ HIT @ 0x0000002C]
[SET 0: VALID, AGE 0, DATA 0x50000103 0x04000540 0xA00003E0 0x24000140]
[SET 1: INVALID, AGE 0, DATA 0x00000000 0x00000000 0x00000000 0x00000000]
cmpi r10, 0
[F] FR = 0x00000041
[CACHE I LINE 3 READ HIT @ 0x00000030]
[SET 0: VALID, AGE 0, DATA 0x6C00000B 0x04000140 0x980003A0 0x04010020]
[SET 1: INVALID, AGE 0, DATA 0x00000000 0x00000000 0x00000000 0x00000000]
beq 0x0000000B
[S] PC = 0x0000002C
[HARDWARE INTERRUPTION 2]
[CACHE I LINE 0 READ HIT @ 0x00000008]
[SET 0: VALID, AGE 0, DATA 0x94003C00 0xFC000000 0x9C0013FE 0xFC000000]
[SET 1: VALID, AGE 7, DATA 0x58000087 0x94002FA0 0x50000101 0x040008C0]
isr r31, r30, 0x0004
[F] R31 = IPC >> 2 = 0x0000000B, R30 = CR = 0x01EEE754, PC = 0x00000010
[CACHE I LINE 1 READ HIT @ 0x00000010]
[SET 0: VALID, AGE 0, DATA 0x200003C0 0x50000124 0x34008129 0x20000120]
[SET 1: VALID, AGE 4, DATA 0x58000046 0x04000CE0 0x58000087 0x94002FA0]
cmp r30, r0
[U] FR = 0x00000044
[CACHE I LINE 1 READ HIT @ 0x00000014]
[SET 0: VALID, AGE 0, DATA 0x200003C0 0x50000124 0x34008129 0x20000120]
[SET 1: VALID, AGE 5, DATA 0x58000046 0x04000CE0 0x58000087 0x94002FA0]
ldw r9, r4, 0x0000
[F] R9 = MEM[(R4 + 0x0000) << 2] = 0x00000000
[CACHE I LINE 1 READ HIT @ 0x00000018]
[SET 0: VALID, AGE 0, DATA 0x200003C0 0x50000124 0x34008129 0x20000120]
[SET 1: VALID, AGE 6, DATA 0x58000046 0x04000CE0 0x58000087 0x94002FA0]
andi r9, r9, 32
[F] R9 = R9 & 0x0020 = 0x00000000
[CACHE I LINE 1 READ HIT @ 0x0000001C]
[SET 0: VALID, AGE 0, DATA 0x200003C0 0x50000124 0x34008129 0x20000120]
[SET 1: VALID, AGE 7, DATA 0x58000046 0x04000CE0 0x58000087 0x94002FA0]
cmp r9, r0
[U] FR = 0x00000041
[CACHE I LINE 2 READ HIT @ 0x00000020]
[SET 0: VALID, AGE 0, DATA 0x50000103 0x04000540 0xA00003E0 0x24000140]
[SET 1: INVALID, AGE 0, DATA 0x00000000 0x00000000 0x00000000 0x00000000]
ldw r8, r3, 0x0000
[F] R8 = MEM[(R3 + 0x0000) << 2] = 0x41940000
[CACHE I LINE 2 READ HIT @ 0x00000024]
[SET 0: VALID, AGE 0, DATA 0x50000103 0x04000540 0xA00003E0 0x24000140]
[SET 1: INVALID, AGE 0, DATA 0x00000000 0x00000000 0x00000000 0x00000000]
addi r10, r0, 1
[F] FR = 0x00000041, R10 = R0 + 0x0001 = 0x00000001
[CACHE I LINE 2 READ HIT @ 0x00000028]
[SET 0: VALID, AGE 0, DATA 0x50000103 0x04000540 0xA00003E0 0x24000140]
[SET 1: INVALID, AGE 0, DATA 0x00000000 0x00000000 0x00000000 0x00000000]
reti r31
[F] PC = R31 << 2 = 0x0000002C
[CACHE I LINE 2 READ HIT @ 0x0000002C]
[SET 0: VALID, AGE 0, DATA 0x50000103 0x04000540 0xA00003E0 0x24000140]
[SET 1: INVALID, AGE 0, DATA 0x00000000 0x00000000 0x00000000 0x00000000]
cmpi r10, 0
[F] FR = 0x00000044
[CACHE I LINE 3 READ HIT @ 0x00000030]
[SET 0: VALID, AGE 0, DATA 0x6C00000B 0x04000140 0x980003A0 0x04010020]
[SET 1: INVALID, AGE 0, DATA 0x00000000 0x00000000 0x00000000 0x00000000]
beq 0x0000000B
[S] PC = 0x00000034
[CACHE I LINE 3 READ HIT @ 0x00000034]
[SET 0: VALID, AGE 0, DATA 0x6C00000B 0x04000140 0x980003A0 0x04010020]
[SET 1: INVALID, AGE 0, DATA 0x00000000 0x00000000 0x00000000 0x00000000]
addi r10, r0, 0
[F] FR = 0x00000044, R10 = R0 + 0x0000 = 0x00000000
[CACHE I LINE 3 READ HIT @ 0x00000038]
[SET 0: VALID, AGE 0, DATA 0x6C00000B 0x04000140 0x980003A0 0x04010020]
[SET 1: INVALID, AGE 0, DATA 0x00000000 0x00000000 0x00000000 0x00000000]
ret r29
[F] PC = R29 << 2 = 0x000000A0
[CACHE I LINE 2 READ MISS @ 0x000000A0]
[SET 0: VALID, AGE 4, DATA 0x50000103 0x04000540 0xA00003E0 0x24000140]
[SET 1: INVALID, AGE 0, DATA 0x00000000 0x00000000 0x00000000 0x00000000]
addi r7, r0, 9
[F] FR = 0x00000044, R7 = R0 + 0x0009 = 0x00000009
[CACHE I LINE 2 READ HIT @ 0x000000A4]
[SET 0: VALID, AGE 5, DATA 0x50000103 0x04000540 0xA00003E0 0x24000140]
[SET 1: VALID, AGE 0, DATA 0x040024E0 0x58000087 0x94002FA0 0xFEAAAAAA]
stw r4, 0x0000, r7
[F] MEM[(R4 + 0x0000) << 2] = R7 = 0x00000009
[CACHE I LINE 2 READ HIT @ 0x000000A8]
[SET 0: VALID, AGE 6, DATA 0x50000103 0x04000540 0xA00003E0 0x24000140]
[SET 1: VALID, AGE 0, DATA 0x040024E0 0x58000087 0x94002FA0 0xFEAAAAAA]
call r29, r0, 0x000B
[F] R29 = (PC + 4) >> 2 = 0x0000002B, PC = (R0 + 0x000B) << 2 = 0x0000002C
[HARDWARE INTERRUPTION 2]
[CACHE I LINE 0 READ HIT @ 0x00000008]
[SET 0: VALID, AGE 0, DATA 0x94003C00 0xFC000000 0x9C0013FE 0xFC000000]
[SET 1: VALID, AGE 22, DATA 0x58000087 0x94002FA0 0x50000101 0x040008C0]
isr r31, r30, 0x0004
[F] R31 = IPC >> 2 = 0x0000000B, R30 = CR = 0x01EEE754, PC = 0x00000010
[CACHE I LINE 1 READ HIT @ 0x00000010]
[SET 0: VALID, AGE 0, DATA 0x200003C0 0x50000124 0x34008129 0x20000120]
[SET 1: VALID, AGE 19, DATA 0x58000046 0x04000CE0 0x58000087 0x94002FA0]
cmp r30, r0
[U] FR = 0x00000044
[CACHE I LINE 1 READ HIT @ 0x00000014]
[SET 0: VALID, AGE 0, DATA 0x200003C0 0x50000124 0x34008129 0x20000120]
[SET 1: VALID, AGE 20, DATA 0x58000046 0x04000CE0 0x58000087 0x94002FA0]
ldw r9, r4, 0x0000
[F] R9 = MEM[(R4 + 0x0000) << 2] = 0x00000000
[CACHE I LINE 1 READ HIT @ 0x00000018]
[SET 0: VALID, AGE 0, DATA 0x200003C0 0x50000124 0x34008129 0x20000120]
[SET 1: VALID, AGE 21, DATA 0x58000046 0x04000CE0 0x58000087 0x94002FA0]
andi r9, r9, 32
[F] R9 = R9 & 0x0020 = 0x00000000
[CACHE I LINE 1 READ HIT @ 0x0000001C]
[SET 0: VALID, AGE 0, DATA 0x200003C0 0x50000124 0x34008129 0x20000120]
[SET 1: VALID, AGE 22, DATA 0x58000046 0x04000CE0 0x58000087 0x94002FA0]
cmp r9, r0
[U] FR = 0x00000041
[CACHE I LINE 2 READ HIT @ 0x00000020]
[SET 0: VALID, AGE 0, DATA 0x50000103 0x04000540 0xA00003E0 0x24000140]
[SET 1: VALID, AGE 6, DATA 0x040024E0 0x58000087 0x94002FA0 0xFEAAAAAA]
ldw r8, r3, 0x0000
[F] R8 = MEM[(R3 + 0x0000) << 2] = 0x00000013
[CACHE I LINE 2 READ HIT @ 0x00000024]
[SET 0: VALID, AGE 0, DATA 0x50000103 0x04000540 0xA00003E0 0x24000140]
[SET 1: VALID, AGE 7, DATA 0x040024E0 0x58000087 0x94002FA0 0xFEAAAAAA]
addi r10, r0, 1
[F] FR = 0x00000041, R10 = R0 + 0x0001 = 0x00000001
[CACHE I LINE 2 READ HIT @ 0x00000028]
[SET 0: VALID, AGE 0, DATA 0x50000103 0x04000540 0xA00003E0 0x24000140]
[SET 1: VALID, AGE 8, DATA 0x040024E0 0x58000087 0x94002FA0 0xFEAAAAAA]
reti r31
[F] PC = R31 << 2 = 0x0000002C
[CACHE I LINE 2 READ HIT @ 0x0000002C]
[SET 0: VALID, AGE 0, DATA 0x50000103 0x04000540 0xA00003E0 0x24000140]
[SET 1: VALID, AGE 9, DATA 0x040024E0 0x58000087 0x94002FA0 0xFEAAAAAA]
cmpi r10, 0
[F] FR = 0x00000044
[CACHE I LINE 3 READ HIT @ 0x00000030]
[SET 0: VALID, AGE 0, DATA 0x6C00000B 0x04000140 0x980003A0 0x04010020]
[SET 1: INVALID, AGE 0, DATA 0x00000000 0x00000000 0x00000000 0x00000000]
beq 0x0000000B
[S] PC = 0x00000034
[CACHE I LINE 3 READ HIT @ 0x00000034]
[SET 0: VALID, AGE 0, DATA 0x6C00000B 0x04000140 0x980003A0 0x04010020]
[SET 1: INVALID, AGE 0, DATA 0x00000000 0x00000000 0x00000000 0x00000000]
addi r10, r0, 0
[F] FR = 0x00000044, R10 = R0 + 0x0000 = 0x00000000
[CACHE I LINE 3 READ HIT @ 0x00000038]
[SET 0: VALID, AGE 0, DATA 0x6C00000B 0x04000140 0x980003A0 0x04010020]
[SET 1: INVALID, AGE 0, DATA 0x00000000 0x00000000 0x00000000 0x00000000]
ret r29
[F] PC = R29 << 2 = 0x000000AC
[CACHE I LINE 2 READ HIT @ 0x000000AC]
[SET 0: VALID, AGE 4, DATA 0x50000103 0x04000540 0xA00003E0 0x24000140]
[SET 1: VALID, AGE 0, DATA 0x040024E0 0x58000087 0x94002FA0 0xFEAAAAAA]
int 44739242
[S] CR = 0x02AAAAAA, PC = 0x0000000C
[SOFTWARE INTERRUPTION]
[CACHE I LINE 0 READ HIT @ 0x0000000C]
[SET 0: VALID, AGE 0, DATA 0x94003C00 0xFC000000 0x9C0013FE 0xFC000000]
[SET 1: VALID, AGE 35, DATA 0x58000087 0x94002FA0 0x50000101 0x040008C0]
int 0
[S] CR = 0x00000000, PC = 0x00000000
[END OF SIMULATION]
[CACHE D STATISTICS] #Hit = 3 (75%), #Miss = 1 (25%)
[CACHE I STATISTICS] #Hit = 86 (89%), #Miss = 11 (11%)

