[START OF SIMULATION]
[CACHE I LINE 0 READ MISS @ 0x00000000]
[SET 0: INVALID, AGE 0, DATA 0x00000000 0x00000000 0x00000000 0x00000000]
[SET 1: INVALID, AGE 0, DATA 0x00000000 0x00000000 0x00000000 0x00000000]
call r0, r0, 0x0023
[F] R0 = (PC + 4) >> 2 = 0x00000000, PC = (R0 + 0x0023) << 2 = 0x0000008C
[CACHE I LINE 0 READ MISS @ 0x0000008C]
[SET 0: VALID, AGE 1, DATA 0x94008C00 0xFC000000 0xFC000000 0x9C0013FE]
[SET 1: INVALID, AGE 0, DATA 0x00000000 0x00000000 0x00000000 0x00000000]
addi r29, r0, 44
[F] FR = 0x00000000, R29 = R0 + 0x002C = 0x0000002C
[CACHE I LINE 1 READ MISS @ 0x00000090]
[SET 0: INVALID, AGE 0, DATA 0x00000000 0x00000000 0x00000000 0x00000000]
[SET 1: INVALID, AGE 0, DATA 0x00000000 0x00000000 0x00000000 0x00000000]
addi r29, r29, 1
[F] FR = 0x00000000, R29 = R29 + 0x0001 = 0x0000002D
[CACHE I LINE 1 READ HIT @ 0x00000094]
[SET 0: VALID, AGE 0, DATA 0x040007BD 0x04010020 0x40030C61 0x04008020]
[SET 1: INVALID, AGE 0, DATA 0x00000000 0x00000000 0x00000000 0x00000000]
addi r1, r0, 64
[F] FR = 0x00000000, R1 = R0 + 0x0040 = 0x00000040
[CACHE I LINE 1 READ HIT @ 0x00000098]
[SET 0: VALID, AGE 0, DATA 0x040007BD 0x04010020 0x40030C61 0x04008020]
[SET 1: INVALID, AGE 0, DATA 0x00000000 0x00000000 0x00000000 0x00000000]
or fr, fr, r1
[U] FR = FR | R1 = 0x00000040
[CACHE I LINE 1 READ HIT @ 0x0000009C]
[SET 0: VALID, AGE 0, DATA 0x040007BD 0x04010020 0x40030C61 0x04008020]
[SET 1: INVALID, AGE 0, DATA 0x00000000 0x00000000 0x00000000 0x00000000]
addi r1, r0, 32
[F] FR = 0x00000040, R1 = R0 + 0x0020 = 0x00000020
[CACHE I LINE 2 READ MISS @ 0x000000A0]
[SET 0: INVALID, AGE 0, DATA 0x00000000 0x00000000 0x00000000 0x00000000]
[SET 1: INVALID, AGE 0, DATA 0x00000000 0x00000000 0x00000000 0x00000000]
div r1, r1, r0
[U] FR = 0x00000048, ER = 0x00000000, R1 = R1 / R0 = 0x00000020
[SOFTWARE INTERRUPTION]
[CACHE I LINE 0 READ HIT @ 0x0000000C]
[SET 0: VALID, AGE 0, DATA 0x94008C00 0xFC000000 0xFC000000 0x9C0013FE]
[SET 1: VALID, AGE 6, DATA 0x78000022 0x04001042 0x980003E0 0x0400B3A0]
isr r31, r30, 0x0004
[F] R31 = IPC >> 2 = 0x00000029, R30 = CR = 0x00000001, PC = 0x00000010
[CACHE I LINE 1 READ MISS @ 0x00000010]
[SET 0: VALID, AGE 3, DATA 0x040007BD 0x04010020 0x40030C61 0x04008020]
[SET 1: INVALID, AGE 0, DATA 0x00000000 0x00000000 0x00000000 0x00000000]
bzd 0x00000007
[S] PC = 0x0000001C
[CACHE I LINE 1 READ HIT @ 0x0000001C]
[SET 0: VALID, AGE 4, DATA 0x040007BD 0x04010020 0x40030C61 0x04008020]
[SET 1: VALID, AGE 0, DATA 0x84000007 0x8C00000F 0x68000017 0x07FFFEA0]
addi r21, r0, 65535
[F] FR = 0x00000048, R21 = R0 + 0xFFFF = 0x0000FFFF
[CACHE I LINE 2 READ MISS @ 0x00000020]
[SET 0: VALID, AGE 4, DATA 0x18000420 0xFC000002 0xBADA55E5 0xFC000000]
[SET 1: INVALID, AGE 0, DATA 0x00000000 0x00000000 0x00000000 0x00000000]
shl r21, r21, 15
[U] ER = 0x00000000, R21 = R21 << 16 = 0xFFFF0000
[CACHE I LINE 2 READ HIT @ 0x00000024]
[SET 0: VALID, AGE 5, DATA 0x18000420 0xFC000002 0xBADA55E5 0xFC000000]
[SET 1: VALID, AGE 0, DATA 0x280056AF 0x07FFDEB5 0x30030C75 0x600003BF]
addi r21, r21, 65527
[F] FR = 0x00000048, R21 = R21 + 0xFFF7 = 0xFFFFFFF7
[CACHE I LINE 2 READ HIT @ 0x00000028]
[SET 0: VALID, AGE 6, DATA 0x18000420 0xFC000002 0xBADA55E5 0xFC000000]
[SET 1: VALID, AGE 0, DATA 0x280056AF 0x07FFDEB5 0x30030C75 0x600003BF]
and fr, fr, r21
[U] FR = FR & R21 = 0x00000040
[CACHE I LINE 2 READ HIT @ 0x0000002C]
[SET 0: VALID, AGE 7, DATA 0x18000420 0xFC000002 0xBADA55E5 0xFC000000]
[SET 1: VALID, AGE 0, DATA 0x280056AF 0x07FFDEB5 0x30030C75 0x600003BF]
[CACHE D LINE 3 WRITE MISS @ 0x000000B4]
[SET 0: INVALID, AGE 0, DATA 0x00000000 0x00000000 0x00000000 0x00000000]
[SET 1: INVALID, AGE 0, DATA 0x00000000 0x00000000 0x00000000 0x00000000]
push r29, r31
[U] MEM[R29--] = R31 = 0x00000029
[CACHE I LINE 3 READ MISS @ 0x00000030]
[SET 0: INVALID, AGE 0, DATA 0x00000000 0x00000000 0x00000000 0x00000000]
[SET 1: INVALID, AGE 0, DATA 0x00000000 0x00000000 0x00000000 0x00000000]
int 1
[S] CR = 0x00000001, PC = 0x0000000C
[SOFTWARE INTERRUPTION]
[CACHE I LINE 0 READ HIT @ 0x0000000C]
[SET 0: VALID, AGE 0, DATA 0x94008C00 0xFC000000 0xFC000000 0x9C0013FE]
[SET 1: VALID, AGE 14, DATA 0x78000022 0x04001042 0x980003E0 0x0400B3A0]
isr r31, r30, 0x0004
[F] R31 = IPC >> 2 = 0x0000000D, R30 = CR = 0x00000001, PC = 0x00000010
[CACHE I LINE 1 READ HIT @ 0x00000010]
[SET 0: VALID, AGE 11, DATA 0x040007BD 0x04010020 0x40030C61 0x04008020]
[SET 1: VALID, AGE 0, DATA 0x84000007 0x8C00000F 0x68000017 0x07FFFEA0]
bzd 0x00000007
[S] PC = 0x00000014
[CACHE I LINE 1 READ HIT @ 0x00000014]
[SET 0: VALID, AGE 12, DATA 0x040007BD 0x04010020 0x40030C61 0x04008020]
[SET 1: VALID, AGE 0, DATA 0x84000007 0x8C00000F 0x68000017 0x07FFFEA0]
biv 0x0000000F
[S] PC = 0x00000018
[CACHE I LINE 1 READ HIT @ 0x00000018]
[SET 0: VALID, AGE 13, DATA 0x040007BD 0x04010020 0x40030C61 0x04008020]
[SET 1: VALID, AGE 0, DATA 0x84000007 0x8C00000F 0x68000017 0x07FFFEA0]
bun 0x00000017
[S] PC = 0x0000005C
[CACHE I LINE 5 READ MISS @ 0x0000005C]
[SET 0: INVALID, AGE 0, DATA 0x00000000 0x00000000 0x00000000 0x00000000]
[SET 1: INVALID, AGE 0, DATA 0x00000000 0x00000000 0x00000000 0x00000000]
cmpi r30, 1
[F] FR = 0x00000041
[CACHE I LINE 6 READ MISS @ 0x00000060]
[SET 0: INVALID, AGE 0, DATA 0x00000000 0x00000000 0x00000000 0x00000000]
[SET 1: INVALID, AGE 0, DATA 0x00000000 0x00000000 0x00000000 0x00000000]
bne 0x0000001B
[S] PC = 0x00000064
[CACHE I LINE 6 READ HIT @ 0x00000064]
[SET 0: VALID, AGE 0, DATA 0x7800001B 0x04000442 0x68000022 0x24000BC0]
[SET 1: INVALID, AGE 0, DATA 0x00000000 0x00000000 0x00000000 0x00000000]
addi r2, r2, 1
[F] FR = 0x00000041, R2 = R2 + 0x0001 = 0x00000001
[CACHE I LINE 6 READ HIT @ 0x00000068]
[SET 0: VALID, AGE 0, DATA 0x7800001B 0x04000442 0x68000022 0x24000BC0]
[SET 1: INVALID, AGE 0, DATA 0x00000000 0x00000000 0x00000000 0x00000000]
bun 0x00000022
[S] PC = 0x00000088
[CACHE I LINE 0 READ HIT @ 0x00000088]
[SET 0: VALID, AGE 8, DATA 0x94008C00 0xFC000000 0xFC000000 0x9C0013FE]
[SET 1: VALID, AGE 0, DATA 0x78000022 0x04001042 0x980003E0 0x0400B3A0]
ret r31
[F] PC = R31 << 2 = 0x00000034
[CACHE I LINE 3 READ HIT @ 0x00000034]
[SET 0: VALID, AGE 0, DATA 0xFC000001 0x640003FD 0x68000022 0x07FFFEA0]
[SET 1: INVALID, AGE 0, DATA 0x00000000 0x00000000 0x00000000 0x00000000]
[CACHE D LINE 3 READ MISS @ 0x000000B4]
[SET 0: INVALID, AGE 0, DATA 0x00000000 0x00000000 0x00000000 0x00000000]
[SET 1: INVALID, AGE 0, DATA 0x00000000 0x00000000 0x00000000 0x00000000]
pop r31, r29
[U] R31 = MEM[++R29] = 0x00000029
[CACHE I LINE 3 READ HIT @ 0x00000038]
[SET 0: VALID, AGE 0, DATA 0xFC000001 0x640003FD 0x68000022 0x07FFFEA0]
[SET 1: INVALID, AGE 0, DATA 0x00000000 0x00000000 0x00000000 0x00000000]
bun 0x00000022
[S] PC = 0x00000088
[CACHE I LINE 0 READ HIT @ 0x00000088]
[SET 0: VALID, AGE 11, DATA 0x94008C00 0xFC000000 0xFC000000 0x9C0013FE]
[SET 1: VALID, AGE 0, DATA 0x78000022 0x04001042 0x980003E0 0x0400B3A0]
ret r31
[F] PC = R31 << 2 = 0x000000A4
[CACHE I LINE 2 READ HIT @ 0x000000A4]
[SET 0: VALID, AGE 0, DATA 0x18000420 0xFC000002 0xBADA55E5 0xFC000000]
[SET 1: VALID, AGE 14, DATA 0x280056AF 0x07FFDEB5 0x30030C75 0x600003BF]
int 2
[S] CR = 0x00000002, PC = 0x0000000C
[SOFTWARE INTERRUPTION]
[CACHE I LINE 0 READ HIT @ 0x0000000C]
[SET 0: VALID, AGE 0, DATA 0x94008C00 0xFC000000 0xFC000000 0x9C0013FE]
[SET 1: VALID, AGE 2, DATA 0x78000022 0x04001042 0x980003E0 0x0400B3A0]
isr r31, r30, 0x0004
[F] R31 = IPC >> 2 = 0x0000002A, R30 = CR = 0x00000002, PC = 0x00000010
[CACHE I LINE 1 READ HIT @ 0x00000010]
[SET 0: VALID, AGE 24, DATA 0x040007BD 0x04010020 0x40030C61 0x04008020]
[SET 1: VALID, AGE 0, DATA 0x84000007 0x8C00000F 0x68000017 0x07FFFEA0]
bzd 0x00000007
[S] PC = 0x00000014
[CACHE I LINE 1 READ HIT @ 0x00000014]
[SET 0: VALID, AGE 25, DATA 0x040007BD 0x04010020 0x40030C61 0x04008020]
[SET 1: VALID, AGE 0, DATA 0x84000007 0x8C00000F 0x68000017 0x07FFFEA0]
biv 0x0000000F
[S] PC = 0x00000018
[CACHE I LINE 1 READ HIT @ 0x00000018]
[SET 0: VALID, AGE 26, DATA 0x040007BD 0x04010020 0x40030C61 0x04008020]
[SET 1: VALID, AGE 0, DATA 0x84000007 0x8C00000F 0x68000017 0x07FFFEA0]
bun 0x00000017
[S] PC = 0x0000005C
[CACHE I LINE 5 READ HIT @ 0x0000005C]
[SET 0: VALID, AGE 0, DATA 0xFC000003 0x640003FD 0x68000022 0x240007C0]
[SET 1: INVALID, AGE 0, DATA 0x00000000 0x00000000 0x00000000 0x00000000]
cmpi r30, 1
[F] FR = 0x00000044
[CACHE I LINE 6 READ HIT @ 0x00000060]
[SET 0: VALID, AGE 0, DATA 0x7800001B 0x04000442 0x68000022 0x24000BC0]
[SET 1: INVALID, AGE 0, DATA 0x00000000 0x00000000 0x00000000 0x00000000]
bne 0x0000001B
[S] PC = 0x0000006C
[CACHE I LINE 6 READ HIT @ 0x0000006C]
[SET 0: VALID, AGE 0, DATA 0x7800001B 0x04000442 0x68000022 0x24000BC0]
[SET 1: INVALID, AGE 0, DATA 0x00000000 0x00000000 0x00000000 0x00000000]
cmpi r30, 2
[F] FR = 0x00000041
[CACHE I LINE 7 READ MISS @ 0x00000070]
[SET 0: INVALID, AGE 0, DATA 0x00000000 0x00000000 0x00000000 0x00000000]
[SET 1: INVALID, AGE 0, DATA 0x00000000 0x00000000 0x00000000 0x00000000]
bne 0x0000001F
[S] PC = 0x00000074
[CACHE I LINE 7 READ HIT @ 0x00000074]
[SET 0: VALID, AGE 0, DATA 0x7800001F 0x04000842 0x68000022 0x24000FC0]
[SET 1: INVALID, AGE 0, DATA 0x00000000 0x00000000 0x00000000 0x00000000]
addi r2, r2, 2
[F] FR = 0x00000041, R2 = R2 + 0x0002 = 0x00000003
[CACHE I LINE 7 READ HIT @ 0x00000078]
[SET 0: VALID, AGE 0, DATA 0x7800001F 0x04000842 0x68000022 0x24000FC0]
[SET 1: INVALID, AGE 0, DATA 0x00000000 0x00000000 0x00000000 0x00000000]
bun 0x00000022
[S] PC = 0x00000088
[CACHE I LINE 0 READ HIT @ 0x00000088]
[SET 0: VALID, AGE 10, DATA 0x94008C00 0xFC000000 0xFC000000 0x9C0013FE]
[SET 1: VALID, AGE 0, DATA 0x78000022 0x04001042 0x980003E0 0x0400B3A0]
ret r31
[F] PC = R31 << 2 = 0x000000A8
[CACHE I LINE 2 READ HIT @ 0x000000A8]
[SET 0: VALID, AGE 0, DATA 0x18000420 0xFC000002 0xBADA55E5 0xFC000000]
[SET 1: VALID, AGE 26, DATA 0x280056AF 0x07FFDEB5 0x30030C75 0x600003BF]
[INVALID INSTRUCTION @ 0x000000A8]
[SOFTWARE INTERRUPTION]
[CACHE I LINE 0 READ HIT @ 0x0000000C]
[SET 0: VALID, AGE 0, DATA 0x94008C00 0xFC000000 0xFC000000 0x9C0013FE]
[SET 1: VALID, AGE 2, DATA 0x78000022 0x04001042 0x980003E0 0x0400B3A0]
isr r31, r30, 0x0004
[F] R31 = IPC >> 2 = 0x0000002B, R30 = CR = 0x0000002A, PC = 0x00000010
[CACHE I LINE 1 READ HIT @ 0x00000010]
[SET 0: VALID, AGE 36, DATA 0x040007BD 0x04010020 0x40030C61 0x04008020]
[SET 1: VALID, AGE 0, DATA 0x84000007 0x8C00000F 0x68000017 0x07FFFEA0]
bzd 0x00000007
[S] PC = 0x00000014
[CACHE I LINE 1 READ HIT @ 0x00000014]
[SET 0: VALID, AGE 37, DATA 0x040007BD 0x04010020 0x40030C61 0x04008020]
[SET 1: VALID, AGE 0, DATA 0x84000007 0x8C00000F 0x68000017 0x07FFFEA0]
biv 0x0000000F
[S] PC = 0x0000003C
[CACHE I LINE 3 READ HIT @ 0x0000003C]
[SET 0: VALID, AGE 0, DATA 0xFC000001 0x640003FD 0x68000022 0x07FFFEA0]
[SET 1: INVALID, AGE 0, DATA 0x00000000 0x00000000 0x00000000 0x00000000]
addi r21, r0, 65535
[F] FR = 0x00000061, R21 = R0 + 0xFFFF = 0x0000FFFF
[CACHE I LINE 4 READ MISS @ 0x00000040]
[SET 0: INVALID, AGE 0, DATA 0x00000000 0x00000000 0x00000000 0x00000000]
[SET 1: INVALID, AGE 0, DATA 0x00000000 0x00000000 0x00000000 0x00000000]
shl r21, r21, 15
[U] ER = 0x00000000, R21 = R21 << 16 = 0xFFFF0000
[CACHE I LINE 4 READ HIT @ 0x00000044]
[SET 0: VALID, AGE 0, DATA 0x280056AF 0x07FD7EB5 0x30030C75 0x600003BF]
[SET 1: INVALID, AGE 0, DATA 0x00000000 0x00000000 0x00000000 0x00000000]
addi r21, r21, 65375
[F] FR = 0x00000061, R21 = R21 + 0xFF5F = 0xFFFFFF5F
[CACHE I LINE 4 READ HIT @ 0x00000048]
[SET 0: VALID, AGE 0, DATA 0x280056AF 0x07FD7EB5 0x30030C75 0x600003BF]
[SET 1: INVALID, AGE 0, DATA 0x00000000 0x00000000 0x00000000 0x00000000]
and fr, fr, r21
[U] FR = FR & R21 = 0x00000041
[CACHE I LINE 4 READ HIT @ 0x0000004C]
[SET 0: VALID, AGE 0, DATA 0x280056AF 0x07FD7EB5 0x30030C75 0x600003BF]
[SET 1: INVALID, AGE 0, DATA 0x00000000 0x00000000 0x00000000 0x00000000]
[CACHE D LINE 3 WRITE HIT @ 0x000000B4]
[SET 0: VALID, AGE 0, DATA 0x00000000 0x00000029 0x94008C00 0xFC000000]
[SET 1: INVALID, AGE 0, DATA 0x00000000 0x00000000 0x00000000 0x00000000]
push r29, r31
[U] MEM[R29--] = R31 = 0x0000002B
[CACHE I LINE 5 READ HIT @ 0x00000050]
[SET 0: VALID, AGE 0, DATA 0xFC000003 0x640003FD 0x68000022 0x240007C0]
[SET 1: INVALID, AGE 0, DATA 0x00000000 0x00000000 0x00000000 0x00000000]
int 3
[S] CR = 0x00000003, PC = 0x0000000C
[SOFTWARE INTERRUPTION]
[CACHE I LINE 0 READ HIT @ 0x0000000C]
[SET 0: VALID, AGE 0, DATA 0x94008C00 0xFC000000 0xFC000000 0x9C0013FE]
[SET 1: VALID, AGE 11, DATA 0x78000022 0x04001042 0x980003E0 0x0400B3A0]
isr r31, r30, 0x0004
[F] R31 = IPC >> 2 = 0x00000015, R30 = CR = 0x00000003, PC = 0x00000010
[CACHE I LINE 1 READ HIT @ 0x00000010]
[SET 0: VALID, AGE 45, DATA 0x040007BD 0x04010020 0x40030C61 0x04008020]
[SET 1: VALID, AGE 0, DATA 0x84000007 0x8C00000F 0x68000017 0x07FFFEA0]
bzd 0x00000007
[S] PC = 0x00000014
[CACHE I LINE 1 READ HIT @ 0x00000014]
[SET 0: VALID, AGE 46, DATA 0x040007BD 0x04010020 0x40030C61 0x04008020]
[SET 1: VALID, AGE 0, DATA 0x84000007 0x8C00000F 0x68000017 0x07FFFEA0]
biv 0x0000000F
[S] PC = 0x00000018
[CACHE I LINE 1 READ HIT @ 0x00000018]
[SET 0: VALID, AGE 47, DATA 0x040007BD 0x04010020 0x40030C61 0x04008020]
[SET 1: VALID, AGE 0, DATA 0x84000007 0x8C00000F 0x68000017 0x07FFFEA0]
bun 0x00000017
[S] PC = 0x0000005C
[CACHE I LINE 5 READ HIT @ 0x0000005C]
[SET 0: VALID, AGE 0, DATA 0xFC000003 0x640003FD 0x68000022 0x240007C0]
[SET 1: INVALID, AGE 0, DATA 0x00000000 0x00000000 0x00000000 0x00000000]
cmpi r30, 1
[F] FR = 0x00000044
[CACHE I LINE 6 READ HIT @ 0x00000060]
[SET 0: VALID, AGE 0, DATA 0x7800001B 0x04000442 0x68000022 0x24000BC0]
[SET 1: INVALID, AGE 0, DATA 0x00000000 0x00000000 0x00000000 0x00000000]
bne 0x0000001B
[S] PC = 0x0000006C
[CACHE I LINE 6 READ HIT @ 0x0000006C]
[SET 0: VALID, AGE 0, DATA 0x7800001B 0x04000442 0x68000022 0x24000BC0]
[SET 1: INVALID, AGE 0, DATA 0x00000000 0x00000000 0x00000000 0x00000000]
cmpi r30, 2
[F] FR = 0x00000044
[CACHE I LINE 7 READ HIT @ 0x00000070]
[SET 0: VALID, AGE 0, DATA 0x7800001F 0x04000842 0x68000022 0x24000FC0]
[SET 1: INVALID, AGE 0, DATA 0x00000000 0x00000000 0x00000000 0x00000000]
bne 0x0000001F
[S] PC = 0x0000007C
[CACHE I LINE 7 READ HIT @ 0x0000007C]
[SET 0: VALID, AGE 0, DATA 0x7800001F 0x04000842 0x68000022 0x24000FC0]
[SET 1: INVALID, AGE 0, DATA 0x00000000 0x00000000 0x00000000 0x00000000]
cmpi r30, 3
[F] FR = 0x00000041
[CACHE I LINE 0 READ HIT @ 0x00000080]
[SET 0: VALID, AGE 9, DATA 0x94008C00 0xFC000000 0xFC000000 0x9C0013FE]
[SET 1: VALID, AGE 0, DATA 0x78000022 0x04001042 0x980003E0 0x0400B3A0]
bne 0x00000022
[S] PC = 0x00000084
[CACHE I LINE 0 READ HIT @ 0x00000084]
[SET 0: VALID, AGE 10, DATA 0x94008C00 0xFC000000 0xFC000000 0x9C0013FE]
[SET 1: VALID, AGE 0, DATA 0x78000022 0x04001042 0x980003E0 0x0400B3A0]
addi r2, r2, 4
[F] FR = 0x00000041, R2 = R2 + 0x0004 = 0x00000007
[CACHE I LINE 0 READ HIT @ 0x00000088]
[SET 0: VALID, AGE 11, DATA 0x94008C00 0xFC000000 0xFC000000 0x9C0013FE]
[SET 1: VALID, AGE 0, DATA 0x78000022 0x04001042 0x980003E0 0x0400B3A0]
ret r31
[F] PC = R31 << 2 = 0x00000054
[CACHE I LINE 5 READ HIT @ 0x00000054]
[SET 0: VALID, AGE 0, DATA 0xFC000003 0x640003FD 0x68000022 0x240007C0]
[SET 1: INVALID, AGE 0, DATA 0x00000000 0x00000000 0x00000000 0x00000000]
[CACHE D LINE 3 READ HIT @ 0x000000B4]
[SET 0: VALID, AGE 0, DATA 0x00000000 0x0000002B 0x94008C00 0xFC000000]
[SET 1: INVALID, AGE 0, DATA 0x00000000 0x00000000 0x00000000 0x00000000]
pop r31, r29
[U] R31 = MEM[++R29] = 0x0000002B
[CACHE I LINE 5 READ HIT @ 0x00000058]
[SET 0: VALID, AGE 0, DATA 0xFC000003 0x640003FD 0x68000022 0x240007C0]
[SET 1: INVALID, AGE 0, DATA 0x00000000 0x00000000 0x00000000 0x00000000]
bun 0x00000022
[S] PC = 0x00000088
[CACHE I LINE 0 READ HIT @ 0x00000088]
[SET 0: VALID, AGE 14, DATA 0x94008C00 0xFC000000 0xFC000000 0x9C0013FE]
[SET 1: VALID, AGE 0, DATA 0x78000022 0x04001042 0x980003E0 0x0400B3A0]
ret r31
[F] PC = R31 << 2 = 0x000000AC
[CACHE I LINE 2 READ HIT @ 0x000000AC]
[SET 0: VALID, AGE 0, DATA 0x18000420 0xFC000002 0xBADA55E5 0xFC000000]
[SET 1: VALID, AGE 51, DATA 0x280056AF 0x07FFDEB5 0x30030C75 0x600003BF]
int 0
[S] CR = 0x00000000, PC = 0x00000000
[END OF SIMULATION]
[CACHE D STATISTICS] #Hit = 2 (50%), #Miss = 2 (50%)
[CACHE I STATISTICS] #Hit = 54 (83%), #Miss = 11 (17%)

