[START OF SIMULATION]
[CACHE I LINE 0 READ MISS @ 0x00000000]
[SET 0: INVALID, AGE 0, DATA 0x00000000 0x00000000 0x00000000 0x00000000]
[SET 1: INVALID, AGE 0, DATA 0x00000000 0x00000000 0x00000000 0x00000000]
bun 0x00000004
[S] PC = 0x00000010
[CACHE I LINE 1 READ MISS @ 0x00000010]
[SET 0: INVALID, AGE 0, DATA 0x00000000 0x00000000 0x00000000 0x00000000]
[SET 1: INVALID, AGE 0, DATA 0x00000000 0x00000000 0x00000000 0x00000000]
[CACHE D LINE 6 READ MISS @ 0x00000068]
[SET 0: INVALID, AGE 0, DATA 0x00000000 0x00000000 0x00000000 0x00000000]
[SET 1: INVALID, AGE 0, DATA 0x00000000 0x00000000 0x00000000 0x00000000]
ldw r1, r0, 0x001A
[F] R1 = MEM[(R0 + 0x001A) << 2] = 0xFFFFFFFF
[CACHE I LINE 1 READ HIT @ 0x00000014]
[SET 0: VALID, AGE 0, DATA 0x50006820 0x50006C40 0x50007060 0x04000881]
[SET 1: INVALID, AGE 0, DATA 0x00000000 0x00000000 0x00000000 0x00000000]
[CACHE D LINE 6 READ HIT @ 0x0000006C]
[SET 0: VALID, AGE 0, DATA 0x0000FC03 0xFC000000 0xFFFFFFFF 0x0000AAAA]
[SET 1: INVALID, AGE 0, DATA 0x00000000 0x00000000 0x00000000 0x00000000]
ldw r2, r0, 0x001B
[F] R2 = MEM[(R0 + 0x001B) << 2] = 0x0000AAAA
[CACHE I LINE 1 READ HIT @ 0x00000018]
[SET 0: VALID, AGE 0, DATA 0x50006820 0x50006C40 0x50007060 0x04000881]
[SET 1: INVALID, AGE 0, DATA 0x00000000 0x00000000 0x00000000 0x00000000]
[CACHE D LINE 7 READ MISS @ 0x00000070]
[SET 0: INVALID, AGE 0, DATA 0x00000000 0x00000000 0x00000000 0x00000000]
[SET 1: INVALID, AGE 0, DATA 0x00000000 0x00000000 0x00000000 0x00000000]
ldw r3, r0, 0x001C
[F] R3 = MEM[(R0 + 0x001C) << 2] = 0xBBBB0000
[CACHE I LINE 1 READ HIT @ 0x0000001C]
[SET 0: VALID, AGE 0, DATA 0x50006820 0x50006C40 0x50007060 0x04000881]
[SET 1: INVALID, AGE 0, DATA 0x00000000 0x00000000 0x00000000 0x00000000]
addi r4, r1, 2
[F] FR = 0x00000010, R4 = R1 + 0x0002 = 0x00000001
[CACHE I LINE 2 READ MISS @ 0x00000020]
[SET 0: INVALID, AGE 0, DATA 0x00000000 0x00000000 0x00000000 0x00000000]
[SET 1: INVALID, AGE 0, DATA 0x00000000 0x00000000 0x00000000 0x00000000]
divi r4, r1, 0
[F] FR = 0x00000018, ER = 0x00000000, R4 = R1 / 0x0000 = 0x00000001
[CACHE I LINE 2 READ HIT @ 0x00000024]
[SET 0: VALID, AGE 0, DATA 0x1C000081 0x20018000 0x24000080 0x24000480]
[SET 1: INVALID, AGE 0, DATA 0x00000000 0x00000000 0x00000000 0x00000000]
cmp pc, pc
[U] FR = 0x00000019
[CACHE I LINE 2 READ HIT @ 0x00000028]
[SET 0: VALID, AGE 0, DATA 0x1C000081 0x20018000 0x24000080 0x24000480]
[SET 1: INVALID, AGE 0, DATA 0x00000000 0x00000000 0x00000000 0x00000000]
cmpi r4, 0
[F] FR = 0x0000001C
[CACHE I LINE 2 READ HIT @ 0x0000002C]
[SET 0: VALID, AGE 0, DATA 0x1C000081 0x20018000 0x24000080 0x24000480]
[SET 1: INVALID, AGE 0, DATA 0x00000000 0x00000000 0x00000000 0x00000000]
cmpi r4, 1
[F] FR = 0x00000019
[CACHE I LINE 3 READ MISS @ 0x00000030]
[SET 0: INVALID, AGE 0, DATA 0x00000000 0x00000000 0x00000000 0x00000000]
[SET 1: INVALID, AGE 0, DATA 0x00000000 0x00000000 0x00000000 0x00000000]
cmpi r4, 2
[F] FR = 0x0000001A
[CACHE I LINE 3 READ HIT @ 0x00000034]
[SET 0: VALID, AGE 0, DATA 0x24000880 0x2800802F 0x2800084F 0x28000C67]
[SET 1: INVALID, AGE 0, DATA 0x00000000 0x00000000 0x00000000 0x00000000]
shl r0, r1, 47
[U] ER = 0xFFFF0000, R0 = R1 << 48 = 0x00000000
[CACHE I LINE 3 READ HIT @ 0x00000038]
[SET 0: VALID, AGE 0, DATA 0x24000880 0x2800802F 0x2800084F 0x28000C67]
[SET 1: INVALID, AGE 0, DATA 0x00000000 0x00000000 0x00000000 0x00000000]
shl r2, r2, 15
[U] ER = 0x00000000, R2 = R2 << 16 = 0xAAAA0000
[CACHE I LINE 3 READ HIT @ 0x0000003C]
[SET 0: VALID, AGE 0, DATA 0x24000880 0x2800802F 0x2800084F 0x28000C67]
[SET 1: INVALID, AGE 0, DATA 0x00000000 0x00000000 0x00000000 0x00000000]
shl r3, r3, 7
[U] ER = 0x000000BB, R3 = R3 << 8 = 0xBB000000
[CACHE I LINE 4 READ MISS @ 0x00000040]
[SET 0: INVALID, AGE 0, DATA 0x00000000 0x00000000 0x00000000 0x00000000]
[SET 1: INVALID, AGE 0, DATA 0x00000000 0x00000000 0x00000000 0x00000000]
shr r3, r3, 23
[U] ER = 0x00000000, R3 = R3 >> 24 = 0x0000BBBB
[CACHE I LINE 4 READ HIT @ 0x00000044]
[SET 0: VALID, AGE 0, DATA 0x2C000C77 0x040074A0 0x280014A1 0x540000C5]
[SET 1: INVALID, AGE 0, DATA 0x00000000 0x00000000 0x00000000 0x00000000]
addi r5, r0, 29
[F] FR = 0x0000000A, R5 = R0 + 0x001D = 0x0000001D
[CACHE I LINE 4 READ HIT @ 0x00000048]
[SET 0: VALID, AGE 0, DATA 0x2C000C77 0x040074A0 0x280014A1 0x540000C5]
[SET 1: INVALID, AGE 0, DATA 0x00000000 0x00000000 0x00000000 0x00000000]
shl r5, r5, 1
[U] ER = 0x00000000, R5 = R5 << 2 = 0x00000074
[CACHE I LINE 4 READ HIT @ 0x0000004C]
[SET 0: VALID, AGE 0, DATA 0x2C000C77 0x040074A0 0x280014A1 0x540000C5]
[SET 1: INVALID, AGE 0, DATA 0x00000000 0x00000000 0x00000000 0x00000000]
[CACHE D LINE 7 READ HIT @ 0x00000074]
[SET 0: VALID, AGE 0, DATA 0xBBBB0000 0x41424300 0x68000004 0x00000000]
[SET 1: INVALID, AGE 0, DATA 0x00000000 0x00000000 0x00000000 0x00000000]
ldb r6, r5, 0x0000
[F] R6 = MEM[R5 + 0x0000] = 0x41
[CACHE I LINE 5 READ MISS @ 0x00000050]
[SET 0: INVALID, AGE 0, DATA 0x00000000 0x00000000 0x00000000 0x00000000]
[SET 1: INVALID, AGE 0, DATA 0x00000000 0x00000000 0x00000000 0x00000000]
[CACHE D LINE 7 READ HIT @ 0x00000074]
[SET 0: VALID, AGE 0, DATA 0xBBBB0000 0x41424300 0x68000004 0x00000000]
[SET 1: INVALID, AGE 0, DATA 0x00000000 0x00000000 0x00000000 0x00000000]
ldb r7, r5, 0x0002
[F] R7 = MEM[R5 + 0x0002] = 0x43
[CACHE I LINE 5 READ HIT @ 0x00000054]
[SET 0: VALID, AGE 0, DATA 0x540008E5 0x5C0000A7 0x5C0008A6 0x14002D41]
[SET 1: INVALID, AGE 0, DATA 0x00000000 0x00000000 0x00000000 0x00000000]
[CACHE D LINE 7 WRITE HIT @ 0x00000074]
[SET 0: VALID, AGE 0, DATA 0xBBBB0000 0x41424300 0x68000004 0x00000000]
[SET 1: INVALID, AGE 0, DATA 0x00000000 0x00000000 0x00000000 0x00000000]
stb r5, 0x0000, r7
[F] MEM[R5 + 0x0000] = R7 = 0x43
[CACHE I LINE 5 READ HIT @ 0x00000058]
[SET 0: VALID, AGE 0, DATA 0x540008E5 0x5C0000A7 0x5C0008A6 0x14002D41]
[SET 1: INVALID, AGE 0, DATA 0x00000000 0x00000000 0x00000000 0x00000000]
[CACHE D LINE 7 WRITE HIT @ 0x00000074]
[SET 0: VALID, AGE 0, DATA 0xBBBB0000 0x43424300 0x68000004 0x00000000]
[SET 1: INVALID, AGE 0, DATA 0x00000000 0x00000000 0x00000000 0x00000000]
stb r5, 0x0002, r6
[F] MEM[R5 + 0x0002] = R6 = 0x41
[CACHE I LINE 5 READ HIT @ 0x0000005C]
[SET 0: VALID, AGE 0, DATA 0x540008E5 0x5C0000A7 0x5C0008A6 0x14002D41]
[SET 1: INVALID, AGE 0, DATA 0x00000000 0x00000000 0x00000000 0x00000000]
muli r10, r1, 11
[F] FR = 0x0000001A, ER = 0x0000000A, R10 = R1 * 0x000B = 0xFFFFFFF5
[CACHE I LINE 6 READ MISS @ 0x00000060]
[SET 0: INVALID, AGE 0, DATA 0x00000000 0x00000000 0x00000000 0x00000000]
[SET 1: INVALID, AGE 0, DATA 0x00000000 0x00000000 0x00000000 0x00000000]
add r31, r0, fr
[U] FR = 0x0000000A, R31 = R0 + FR = 0x0000001A
[CACHE I LINE 6 READ HIT @ 0x00000064]
[SET 0: VALID, AGE 0, DATA 0x0000FC03 0xFC000000 0xFFFFFFFF 0x0000AAAA]
[SET 1: INVALID, AGE 0, DATA 0x00000000 0x00000000 0x00000000 0x00000000]
int 0
[S] CR = 0x00000000, PC = 0x00000000
[END OF SIMULATION]
[CACHE D STATISTICS] #Hit = 5 (71%), #Miss = 2 (29%)
[CACHE I STATISTICS] #Hit = 16 (70%), #Miss = 7 (30%)

