[START OF SIMULATION]
call r0, r0, 0x0004
[F] R0 = (PC + 4) >> 2 = 0x00000000, PC = (R0 + 0x0004) << 2 = 0x00000010
addi r1, r0, 0
[F] FR = 0x00000000, R1 = R0 + 0x0000 = 0x00000000
cmpi r1, 64
[F] FR = 0x00000002
bge 0x0000000D
[S] PC = 0x0000001C
stw r1, 0x000E, r1
[F] MEM[(R1 + 0x000E) << 2] = R1 = 0x00000000
ldw r2, r1, 0x000E
[F] R2 = MEM[(R1 + 0x000E) << 2] = 0x00000000
addi r2, r2, 1
[F] FR = 0x00000002, R2 = R2 + 0x0001 = 0x00000001
stw r1, 0x000E, r2
[F] MEM[(R1 + 0x000E) << 2] = R2 = 0x00000001
addi r1, r1, 1
[F] FR = 0x00000002, R1 = R1 + 0x0001 = 0x00000001
bun 0x00000005
[S] PC = 0x00000014
cmpi r1, 64
[F] FR = 0x00000002
bge 0x0000000D
[S] PC = 0x0000001C
stw r1, 0x000E, r1
[F] MEM[(R1 + 0x000E) << 2] = R1 = 0x00000001
ldw r2, r1, 0x000E
[F] R2 = MEM[(R1 + 0x000E) << 2] = 0x00000001
addi r2, r2, 1
[F] FR = 0x00000002, R2 = R2 + 0x0001 = 0x00000002
stw r1, 0x000E, r2
[F] MEM[(R1 + 0x000E) << 2] = R2 = 0x00000002
addi r1, r1, 1
[F] FR = 0x00000002, R1 = R1 + 0x0001 = 0x00000002
bun 0x00000005
[S] PC = 0x00000014
cmpi r1, 64
[F] FR = 0x00000002
bge 0x0000000D
[S] PC = 0x0000001C
stw r1, 0x000E, r1
[F] MEM[(R1 + 0x000E) << 2] = R1 = 0x00000002
ldw r2, r1, 0x000E
[F] R2 = MEM[(R1 + 0x000E) << 2] = 0x00000002
addi r2, r2, 1
[F] FR = 0x00000002, R2 = R2 + 0x0001 = 0x00000003
stw r1, 0x000E, r2
[F] MEM[(R1 + 0x000E) << 2] = R2 = 0x00000003
addi r1, r1, 1
[F] FR = 0x00000002, R1 = R1 + 0x0001 = 0x00000003
bun 0x00000005
[S] PC = 0x00000014
cmpi r1, 64
[F] FR = 0x00000002
bge 0x0000000D
[S] PC = 0x0000001C
stw r1, 0x000E, r1
[F] MEM[(R1 + 0x000E) << 2] = R1 = 0x00000003
ldw r2, r1, 0x000E
[F] R2 = MEM[(R1 + 0x000E) << 2] = 0x00000003
addi r2, r2, 1
[F] FR = 0x00000002, R2 = R2 + 0x0001 = 0x00000004
stw r1, 0x000E, r2
[F] MEM[(R1 + 0x000E) << 2] = R2 = 0x00000004
addi r1, r1, 1
[F] FR = 0x00000002, R1 = R1 + 0x0001 = 0x00000004
bun 0x00000005
[S] PC = 0x00000014
cmpi r1, 64
[F] FR = 0x00000002
bge 0x0000000D
[S] PC = 0x0000001C
stw r1, 0x000E, r1
[F] MEM[(R1 + 0x000E) << 2] = R1 = 0x00000004
ldw r2, r1, 0x000E
[F] R2 = MEM[(R1 + 0x000E) << 2] = 0x00000004
addi r2, r2, 1
[F] FR = 0x00000002, R2 = R2 + 0x0001 = 0x00000005
stw r1, 0x000E, r2
[F] MEM[(R1 + 0x000E) << 2] = R2 = 0x00000005
addi r1, r1, 1
[F] FR = 0x00000002, R1 = R1 + 0x0001 = 0x00000005
bun 0x00000005
[S] PC = 0x00000014
cmpi r1, 64
[F] FR = 0x00000002
bge 0x0000000D
[S] PC = 0x0000001C
stw r1, 0x000E, r1
[F] MEM[(R1 + 0x000E) << 2] = R1 = 0x00000005
ldw r2, r1, 0x000E
[F] R2 = MEM[(R1 + 0x000E) << 2] = 0x00000005
addi r2, r2, 1
[F] FR = 0x00000002, R2 = R2 + 0x0001 = 0x00000006
stw r1, 0x000E, r2
[F] MEM[(R1 + 0x000E) << 2] = R2 = 0x00000006
addi r1, r1, 1
[F] FR = 0x00000002, R1 = R1 + 0x0001 = 0x00000006
bun 0x00000005
[S] PC = 0x00000014
cmpi r1, 64
[F] FR = 0x00000002
bge 0x0000000D
[S] PC = 0x0000001C
stw r1, 0x000E, r1
[F] MEM[(R1 + 0x000E) << 2] = R1 = 0x00000006
ldw r2, r1, 0x000E
[F] R2 = MEM[(R1 + 0x000E) << 2] = 0x00000006
addi r2, r2, 1
[F] FR = 0x00000002, R2 = R2 + 0x0001 = 0x00000007
stw r1, 0x000E, r2
[F] MEM[(R1 + 0x000E) << 2] = R2 = 0x00000007
addi r1, r1, 1
[F] FR = 0x00000002, R1 = R1 + 0x0001 = 0x00000007
bun 0x00000005
[S] PC = 0x00000014
cmpi r1, 64
[F] FR = 0x00000002
bge 0x0000000D
[S] PC = 0x0000001C
stw r1, 0x000E, r1
[F] MEM[(R1 + 0x000E) << 2] = R1 = 0x00000007
ldw r2, r1, 0x000E
[F] R2 = MEM[(R1 + 0x000E) << 2] = 0x00000007
addi r2, r2, 1
[F] FR = 0x00000002, R2 = R2 + 0x0001 = 0x00000008
stw r1, 0x000E, r2
[F] MEM[(R1 + 0x000E) << 2] = R2 = 0x00000008
addi r1, r1, 1
[F] FR = 0x00000002, R1 = R1 + 0x0001 = 0x00000008
bun 0x00000005
[S] PC = 0x00000014
cmpi r1, 64
[F] FR = 0x00000002
bge 0x0000000D
[S] PC = 0x0000001C
stw r1, 0x000E, r1
[F] MEM[(R1 + 0x000E) << 2] = R1 = 0x00000008
ldw r2, r1, 0x000E
[F] R2 = MEM[(R1 + 0x000E) << 2] = 0x00000008
addi r2, r2, 1
[F] FR = 0x00000002, R2 = R2 + 0x0001 = 0x00000009
stw r1, 0x000E, r2
[F] MEM[(R1 + 0x000E) << 2] = R2 = 0x00000009
addi r1, r1, 1
[F] FR = 0x00000002, R1 = R1 + 0x0001 = 0x00000009
bun 0x00000005
[S] PC = 0x00000014
cmpi r1, 64
[F] FR = 0x00000002
bge 0x0000000D
[S] PC = 0x0000001C
stw r1, 0x000E, r1
[F] MEM[(R1 + 0x000E) << 2] = R1 = 0x00000009
ldw r2, r1, 0x000E
[F] R2 = MEM[(R1 + 0x000E) << 2] = 0x00000009
addi r2, r2, 1
[F] FR = 0x00000002, R2 = R2 + 0x0001 = 0x0000000A
stw r1, 0x000E, r2
[F] MEM[(R1 + 0x000E) << 2] = R2 = 0x0000000A
addi r1, r1, 1
[F] FR = 0x00000002, R1 = R1 + 0x0001 = 0x0000000A
bun 0x00000005
[S] PC = 0x00000014
cmpi r1, 64
[F] FR = 0x00000002
bge 0x0000000D
[S] PC = 0x0000001C
stw r1, 0x000E, r1
[F] MEM[(R1 + 0x000E) << 2] = R1 = 0x0000000A
ldw r2, r1, 0x000E
[F] R2 = MEM[(R1 + 0x000E) << 2] = 0x0000000A
addi r2, r2, 1
[F] FR = 0x00000002, R2 = R2 + 0x0001 = 0x0000000B
stw r1, 0x000E, r2
[F] MEM[(R1 + 0x000E) << 2] = R2 = 0x0000000B
addi r1, r1, 1
[F] FR = 0x00000002, R1 = R1 + 0x0001 = 0x0000000B
bun 0x00000005
[S] PC = 0x00000014
cmpi r1, 64
[F] FR = 0x00000002
bge 0x0000000D
[S] PC = 0x0000001C
stw r1, 0x000E, r1
[F] MEM[(R1 + 0x000E) << 2] = R1 = 0x0000000B
ldw r2, r1, 0x000E
[F] R2 = MEM[(R1 + 0x000E) << 2] = 0x0000000B
addi r2, r2, 1
[F] FR = 0x00000002, R2 = R2 + 0x0001 = 0x0000000C
stw r1, 0x000E, r2
[F] MEM[(R1 + 0x000E) << 2] = R2 = 0x0000000C
addi r1, r1, 1
[F] FR = 0x00000002, R1 = R1 + 0x0001 = 0x0000000C
bun 0x00000005
[S] PC = 0x00000014
cmpi r1, 64
[F] FR = 0x00000002
bge 0x0000000D
[S] PC = 0x0000001C
stw r1, 0x000E, r1
[F] MEM[(R1 + 0x000E) << 2] = R1 = 0x0000000C
ldw r2, r1, 0x000E
[F] R2 = MEM[(R1 + 0x000E) << 2] = 0x0000000C
addi r2, r2, 1
[F] FR = 0x00000002, R2 = R2 + 0x0001 = 0x0000000D
stw r1, 0x000E, r2
[F] MEM[(R1 + 0x000E) << 2] = R2 = 0x0000000D
addi r1, r1, 1
[F] FR = 0x00000002, R1 = R1 + 0x0001 = 0x0000000D
bun 0x00000005
[S] PC = 0x00000014
cmpi r1, 64
[F] FR = 0x00000002
bge 0x0000000D
[S] PC = 0x0000001C
stw r1, 0x000E, r1
[F] MEM[(R1 + 0x000E) << 2] = R1 = 0x0000000D
ldw r2, r1, 0x000E
[F] R2 = MEM[(R1 + 0x000E) << 2] = 0x0000000D
addi r2, r2, 1
[F] FR = 0x00000002, R2 = R2 + 0x0001 = 0x0000000E
stw r1, 0x000E, r2
[F] MEM[(R1 + 0x000E) << 2] = R2 = 0x0000000E
addi r1, r1, 1
[F] FR = 0x00000002, R1 = R1 + 0x0001 = 0x0000000E
bun 0x00000005
[S] PC = 0x00000014
cmpi r1, 64
[F] FR = 0x00000002
bge 0x0000000D
[S] PC = 0x0000001C
stw r1, 0x000E, r1
[F] MEM[(R1 + 0x000E) << 2] = R1 = 0x0000000E
ldw r2, r1, 0x000E
[F] R2 = MEM[(R1 + 0x000E) << 2] = 0x0000000E
addi r2, r2, 1
[F] FR = 0x00000002, R2 = R2 + 0x0001 = 0x0000000F
stw r1, 0x000E, r2
[F] MEM[(R1 + 0x000E) << 2] = R2 = 0x0000000F
addi r1, r1, 1
[F] FR = 0x00000002, R1 = R1 + 0x0001 = 0x0000000F
bun 0x00000005
[S] PC = 0x00000014
cmpi r1, 64
[F] FR = 0x00000002
bge 0x0000000D
[S] PC = 0x0000001C
stw r1, 0x000E, r1
[F] MEM[(R1 + 0x000E) << 2] = R1 = 0x0000000F
ldw r2, r1, 0x000E
[F] R2 = MEM[(R1 + 0x000E) << 2] = 0x0000000F
addi r2, r2, 1
[F] FR = 0x00000002, R2 = R2 + 0x0001 = 0x00000010
stw r1, 0x000E, r2
[F] MEM[(R1 + 0x000E) << 2] = R2 = 0x00000010
addi r1, r1, 1
[F] FR = 0x00000002, R1 = R1 + 0x0001 = 0x00000010
bun 0x00000005
[S] PC = 0x00000014
cmpi r1, 64
[F] FR = 0x00000002
bge 0x0000000D
[S] PC = 0x0000001C
stw r1, 0x000E, r1
[F] MEM[(R1 + 0x000E) << 2] = R1 = 0x00000010
ldw r2, r1, 0x000E
[F] R2 = MEM[(R1 + 0x000E) << 2] = 0x00000010
addi r2, r2, 1
[F] FR = 0x00000002, R2 = R2 + 0x0001 = 0x00000011
stw r1, 0x000E, r2
[F] MEM[(R1 + 0x000E) << 2] = R2 = 0x00000011
addi r1, r1, 1
[F] FR = 0x00000002, R1 = R1 + 0x0001 = 0x00000011
bun 0x00000005
[S] PC = 0x00000014
cmpi r1, 64
[F] FR = 0x00000002
bge 0x0000000D
[S] PC = 0x0000001C
stw r1, 0x000E, r1
[F] MEM[(R1 + 0x000E) << 2] = R1 = 0x00000011
ldw r2, r1, 0x000E
[F] R2 = MEM[(R1 + 0x000E) << 2] = 0x00000011
addi r2, r2, 1
[F] FR = 0x00000002, R2 = R2 + 0x0001 = 0x00000012
stw r1, 0x000E, r2
[F] MEM[(R1 + 0x000E) << 2] = R2 = 0x00000012
addi r1, r1, 1
[F] FR = 0x00000002, R1 = R1 + 0x0001 = 0x00000012
bun 0x00000005
[S] PC = 0x00000014
cmpi r1, 64
[F] FR = 0x00000002
bge 0x0000000D
[S] PC = 0x0000001C
stw r1, 0x000E, r1
[F] MEM[(R1 + 0x000E) << 2] = R1 = 0x00000012
ldw r2, r1, 0x000E
[F] R2 = MEM[(R1 + 0x000E) << 2] = 0x00000012
addi r2, r2, 1
[F] FR = 0x00000002, R2 = R2 + 0x0001 = 0x00000013
stw r1, 0x000E, r2
[F] MEM[(R1 + 0x000E) << 2] = R2 = 0x00000013
addi r1, r1, 1
[F] FR = 0x00000002, R1 = R1 + 0x0001 = 0x00000013
bun 0x00000005
[S] PC = 0x00000014
cmpi r1, 64
[F] FR = 0x00000002
bge 0x0000000D
[S] PC = 0x0000001C
stw r1, 0x000E, r1
[F] MEM[(R1 + 0x000E) << 2] = R1 = 0x00000013
ldw r2, r1, 0x000E
[F] R2 = MEM[(R1 + 0x000E) << 2] = 0x00000013
addi r2, r2, 1
[F] FR = 0x00000002, R2 = R2 + 0x0001 = 0x00000014
stw r1, 0x000E, r2
[F] MEM[(R1 + 0x000E) << 2] = R2 = 0x00000014
addi r1, r1, 1
[F] FR = 0x00000002, R1 = R1 + 0x0001 = 0x00000014
bun 0x00000005
[S] PC = 0x00000014
cmpi r1, 64
[F] FR = 0x00000002
bge 0x0000000D
[S] PC = 0x0000001C
stw r1, 0x000E, r1
[F] MEM[(R1 + 0x000E) << 2] = R1 = 0x00000014
ldw r2, r1, 0x000E
[F] R2 = MEM[(R1 + 0x000E) << 2] = 0x00000014
addi r2, r2, 1
[F] FR = 0x00000002, R2 = R2 + 0x0001 = 0x00000015
stw r1, 0x000E, r2
[F] MEM[(R1 + 0x000E) << 2] = R2 = 0x00000015
addi r1, r1, 1
[F] FR = 0x00000002, R1 = R1 + 0x0001 = 0x00000015
bun 0x00000005
[S] PC = 0x00000014
cmpi r1, 64
[F] FR = 0x00000002
bge 0x0000000D
[S] PC = 0x0000001C
stw r1, 0x000E, r1
[F] MEM[(R1 + 0x000E) << 2] = R1 = 0x00000015
ldw r2, r1, 0x000E
[F] R2 = MEM[(R1 + 0x000E) << 2] = 0x00000015
addi r2, r2, 1
[F] FR = 0x00000002, R2 = R2 + 0x0001 = 0x00000016
stw r1, 0x000E, r2
[F] MEM[(R1 + 0x000E) << 2] = R2 = 0x00000016
addi r1, r1, 1
[F] FR = 0x00000002, R1 = R1 + 0x0001 = 0x00000016
bun 0x00000005
[S] PC = 0x00000014
cmpi r1, 64
[F] FR = 0x00000002
bge 0x0000000D
[S] PC = 0x0000001C
stw r1, 0x000E, r1
[F] MEM[(R1 + 0x000E) << 2] = R1 = 0x00000016
ldw r2, r1, 0x000E
[F] R2 = MEM[(R1 + 0x000E) << 2] = 0x00000016
addi r2, r2, 1
[F] FR = 0x00000002, R2 = R2 + 0x0001 = 0x00000017
stw r1, 0x000E, r2
[F] MEM[(R1 + 0x000E) << 2] = R2 = 0x00000017
addi r1, r1, 1
[F] FR = 0x00000002, R1 = R1 + 0x0001 = 0x00000017
bun 0x00000005
[S] PC = 0x00000014
cmpi r1, 64
[F] FR = 0x00000002
bge 0x0000000D
[S] PC = 0x0000001C
stw r1, 0x000E, r1
[F] MEM[(R1 + 0x000E) << 2] = R1 = 0x00000017
ldw r2, r1, 0x000E
[F] R2 = MEM[(R1 + 0x000E) << 2] = 0x00000017
addi r2, r2, 1
[F] FR = 0x00000002, R2 = R2 + 0x0001 = 0x00000018
stw r1, 0x000E, r2
[F] MEM[(R1 + 0x000E) << 2] = R2 = 0x00000018
addi r1, r1, 1
[F] FR = 0x00000002, R1 = R1 + 0x0001 = 0x00000018
bun 0x00000005
[S] PC = 0x00000014
cmpi r1, 64
[F] FR = 0x00000002
bge 0x0000000D
[S] PC = 0x0000001C
stw r1, 0x000E, r1
[F] MEM[(R1 + 0x000E) << 2] = R1 = 0x00000018
ldw r2, r1, 0x000E
[F] R2 = MEM[(R1 + 0x000E) << 2] = 0x00000018
addi r2, r2, 1
[F] FR = 0x00000002, R2 = R2 + 0x0001 = 0x00000019
stw r1, 0x000E, r2
[F] MEM[(R1 + 0x000E) << 2] = R2 = 0x00000019
addi r1, r1, 1
[F] FR = 0x00000002, R1 = R1 + 0x0001 = 0x00000019
bun 0x00000005
[S] PC = 0x00000014
cmpi r1, 64
[F] FR = 0x00000002
bge 0x0000000D
[S] PC = 0x0000001C
stw r1, 0x000E, r1
[F] MEM[(R1 + 0x000E) << 2] = R1 = 0x00000019
ldw r2, r1, 0x000E
[F] R2 = MEM[(R1 + 0x000E) << 2] = 0x00000019
addi r2, r2, 1
[F] FR = 0x00000002, R2 = R2 + 0x0001 = 0x0000001A
stw r1, 0x000E, r2
[F] MEM[(R1 + 0x000E) << 2] = R2 = 0x0000001A
addi r1, r1, 1
[F] FR = 0x00000002, R1 = R1 + 0x0001 = 0x0000001A
bun 0x00000005
[S] PC = 0x00000014
cmpi r1, 64
[F] FR = 0x00000002
bge 0x0000000D
[S] PC = 0x0000001C
stw r1, 0x000E, r1
[F] MEM[(R1 + 0x000E) << 2] = R1 = 0x0000001A
ldw r2, r1, 0x000E
[F] R2 = MEM[(R1 + 0x000E) << 2] = 0x0000001A
addi r2, r2, 1
[F] FR = 0x00000002, R2 = R2 + 0x0001 = 0x0000001B
stw r1, 0x000E, r2
[F] MEM[(R1 + 0x000E) << 2] = R2 = 0x0000001B
addi r1, r1, 1
[F] FR = 0x00000002, R1 = R1 + 0x0001 = 0x0000001B
bun 0x00000005
[S] PC = 0x00000014
cmpi r1, 64
[F] FR = 0x00000002
bge 0x0000000D
[S] PC = 0x0000001C
stw r1, 0x000E, r1
[F] MEM[(R1 + 0x000E) << 2] = R1 = 0x0000001B
ldw r2, r1, 0x000E
[F] R2 = MEM[(R1 + 0x000E) << 2] = 0x0000001B
addi r2, r2, 1
[F] FR = 0x00000002, R2 = R2 + 0x0001 = 0x0000001C
stw r1, 0x000E, r2
[F] MEM[(R1 + 0x000E) << 2] = R2 = 0x0000001C
addi r1, r1, 1
[F] FR = 0x00000002, R1 = R1 + 0x0001 = 0x0000001C
bun 0x00000005
[S] PC = 0x00000014
cmpi r1, 64
[F] FR = 0x00000002
bge 0x0000000D
[S] PC = 0x0000001C
stw r1, 0x000E, r1
[F] MEM[(R1 + 0x000E) << 2] = R1 = 0x0000001C
ldw r2, r1, 0x000E
[F] R2 = MEM[(R1 + 0x000E) << 2] = 0x0000001C
addi r2, r2, 1
[F] FR = 0x00000002, R2 = R2 + 0x0001 = 0x0000001D
stw r1, 0x000E, r2
[F] MEM[(R1 + 0x000E) << 2] = R2 = 0x0000001D
addi r1, r1, 1
[F] FR = 0x00000002, R1 = R1 + 0x0001 = 0x0000001D
bun 0x00000005
[S] PC = 0x00000014
cmpi r1, 64
[F] FR = 0x00000002
bge 0x0000000D
[S] PC = 0x0000001C
stw r1, 0x000E, r1
[F] MEM[(R1 + 0x000E) << 2] = R1 = 0x0000001D
ldw r2, r1, 0x000E
[F] R2 = MEM[(R1 + 0x000E) << 2] = 0x0000001D
addi r2, r2, 1
[F] FR = 0x00000002, R2 = R2 + 0x0001 = 0x0000001E
stw r1, 0x000E, r2
[F] MEM[(R1 + 0x000E) << 2] = R2 = 0x0000001E
addi r1, r1, 1
[F] FR = 0x00000002, R1 = R1 + 0x0001 = 0x0000001E
bun 0x00000005
[S] PC = 0x00000014
cmpi r1, 64
[F] FR = 0x00000002
bge 0x0000000D
[S] PC = 0x0000001C
stw r1, 0x000E, r1
[F] MEM[(R1 + 0x000E) << 2] = R1 = 0x0000001E
ldw r2, r1, 0x000E
[F] R2 = MEM[(R1 + 0x000E) << 2] = 0x0000001E
addi r2, r2, 1
[F] FR = 0x00000002, R2 = R2 + 0x0001 = 0x0000001F
stw r1, 0x000E, r2
[F] MEM[(R1 + 0x000E) << 2] = R2 = 0x0000001F
addi r1, r1, 1
[F] FR = 0x00000002, R1 = R1 + 0x0001 = 0x0000001F
bun 0x00000005
[S] PC = 0x00000014
cmpi r1, 64
[F] FR = 0x00000002
bge 0x0000000D
[S] PC = 0x0000001C
stw r1, 0x000E, r1
[F] MEM[(R1 + 0x000E) << 2] = R1 = 0x0000001F
ldw r2, r1, 0x000E
[F] R2 = MEM[(R1 + 0x000E) << 2] = 0x0000001F
addi r2, r2, 1
[F] FR = 0x00000002, R2 = R2 + 0x0001 = 0x00000020
stw r1, 0x000E, r2
[F] MEM[(R1 + 0x000E) << 2] = R2 = 0x00000020
addi r1, r1, 1
[F] FR = 0x00000002, R1 = R1 + 0x0001 = 0x00000020
bun 0x00000005
[S] PC = 0x00000014
cmpi r1, 64
[F] FR = 0x00000002
bge 0x0000000D
[S] PC = 0x0000001C
stw r1, 0x000E, r1
[F] MEM[(R1 + 0x000E) << 2] = R1 = 0x00000020
ldw r2, r1, 0x000E
[F] R2 = MEM[(R1 + 0x000E) << 2] = 0x00000020
addi r2, r2, 1
[F] FR = 0x00000002, R2 = R2 + 0x0001 = 0x00000021
stw r1, 0x000E, r2
[F] MEM[(R1 + 0x000E) << 2] = R2 = 0x00000021
addi r1, r1, 1
[F] FR = 0x00000002, R1 = R1 + 0x0001 = 0x00000021
bun 0x00000005
[S] PC = 0x00000014
cmpi r1, 64
[F] FR = 0x00000002
bge 0x0000000D
[S] PC = 0x0000001C
stw r1, 0x000E, r1
[F] MEM[(R1 + 0x000E) << 2] = R1 = 0x00000021
ldw r2, r1, 0x000E
[F] R2 = MEM[(R1 + 0x000E) << 2] = 0x00000021
addi r2, r2, 1
[F] FR = 0x00000002, R2 = R2 + 0x0001 = 0x00000022
stw r1, 0x000E, r2
[F] MEM[(R1 + 0x000E) << 2] = R2 = 0x00000022
addi r1, r1, 1
[F] FR = 0x00000002, R1 = R1 + 0x0001 = 0x00000022
bun 0x00000005
[S] PC = 0x00000014
cmpi r1, 64
[F] FR = 0x00000002
bge 0x0000000D
[S] PC = 0x0000001C
stw r1, 0x000E, r1
[F] MEM[(R1 + 0x000E) << 2] = R1 = 0x00000022
ldw r2, r1, 0x000E
[F] R2 = MEM[(R1 + 0x000E) << 2] = 0x00000022
addi r2, r2, 1
[F] FR = 0x00000002, R2 = R2 + 0x0001 = 0x00000023
stw r1, 0x000E, r2
[F] MEM[(R1 + 0x000E) << 2] = R2 = 0x00000023
addi r1, r1, 1
[F] FR = 0x00000002, R1 = R1 + 0x0001 = 0x00000023
bun 0x00000005
[S] PC = 0x00000014
cmpi r1, 64
[F] FR = 0x00000002
bge 0x0000000D
[S] PC = 0x0000001C
stw r1, 0x000E, r1
[F] MEM[(R1 + 0x000E) << 2] = R1 = 0x00000023
ldw r2, r1, 0x000E
[F] R2 = MEM[(R1 + 0x000E) << 2] = 0x00000023
addi r2, r2, 1
[F] FR = 0x00000002, R2 = R2 + 0x0001 = 0x00000024
stw r1, 0x000E, r2
[F] MEM[(R1 + 0x000E) << 2] = R2 = 0x00000024
addi r1, r1, 1
[F] FR = 0x00000002, R1 = R1 + 0x0001 = 0x00000024
bun 0x00000005
[S] PC = 0x00000014
cmpi r1, 64
[F] FR = 0x00000002
bge 0x0000000D
[S] PC = 0x0000001C
stw r1, 0x000E, r1
[F] MEM[(R1 + 0x000E) << 2] = R1 = 0x00000024
ldw r2, r1, 0x000E
[F] R2 = MEM[(R1 + 0x000E) << 2] = 0x00000024
addi r2, r2, 1
[F] FR = 0x00000002, R2 = R2 + 0x0001 = 0x00000025
stw r1, 0x000E, r2
[F] MEM[(R1 + 0x000E) << 2] = R2 = 0x00000025
addi r1, r1, 1
[F] FR = 0x00000002, R1 = R1 + 0x0001 = 0x00000025
bun 0x00000005
[S] PC = 0x00000014
cmpi r1, 64
[F] FR = 0x00000002
bge 0x0000000D
[S] PC = 0x0000001C
stw r1, 0x000E, r1
[F] MEM[(R1 + 0x000E) << 2] = R1 = 0x00000025
ldw r2, r1, 0x000E
[F] R2 = MEM[(R1 + 0x000E) << 2] = 0x00000025
addi r2, r2, 1
[F] FR = 0x00000002, R2 = R2 + 0x0001 = 0x00000026
stw r1, 0x000E, r2
[F] MEM[(R1 + 0x000E) << 2] = R2 = 0x00000026
addi r1, r1, 1
[F] FR = 0x00000002, R1 = R1 + 0x0001 = 0x00000026
bun 0x00000005
[S] PC = 0x00000014
cmpi r1, 64
[F] FR = 0x00000002
bge 0x0000000D
[S] PC = 0x0000001C
stw r1, 0x000E, r1
[F] MEM[(R1 + 0x000E) << 2] = R1 = 0x00000026
ldw r2, r1, 0x000E
[F] R2 = MEM[(R1 + 0x000E) << 2] = 0x00000026
addi r2, r2, 1
[F] FR = 0x00000002, R2 = R2 + 0x0001 = 0x00000027
stw r1, 0x000E, r2
[F] MEM[(R1 + 0x000E) << 2] = R2 = 0x00000027
addi r1, r1, 1
[F] FR = 0x00000002, R1 = R1 + 0x0001 = 0x00000027
bun 0x00000005
[S] PC = 0x00000014
cmpi r1, 64
[F] FR = 0x00000002
bge 0x0000000D
[S] PC = 0x0000001C
stw r1, 0x000E, r1
[F] MEM[(R1 + 0x000E) << 2] = R1 = 0x00000027
ldw r2, r1, 0x000E
[F] R2 = MEM[(R1 + 0x000E) << 2] = 0x00000027
addi r2, r2, 1
[F] FR = 0x00000002, R2 = R2 + 0x0001 = 0x00000028
stw r1, 0x000E, r2
[F] MEM[(R1 + 0x000E) << 2] = R2 = 0x00000028
addi r1, r1, 1
[F] FR = 0x00000002, R1 = R1 + 0x0001 = 0x00000028
bun 0x00000005
[S] PC = 0x00000014
cmpi r1, 64
[F] FR = 0x00000002
bge 0x0000000D
[S] PC = 0x0000001C
stw r1, 0x000E, r1
[F] MEM[(R1 + 0x000E) << 2] = R1 = 0x00000028
ldw r2, r1, 0x000E
[F] R2 = MEM[(R1 + 0x000E) << 2] = 0x00000028
addi r2, r2, 1
[F] FR = 0x00000002, R2 = R2 + 0x0001 = 0x00000029
stw r1, 0x000E, r2
[F] MEM[(R1 + 0x000E) << 2] = R2 = 0x00000029
addi r1, r1, 1
[F] FR = 0x00000002, R1 = R1 + 0x0001 = 0x00000029
bun 0x00000005
[S] PC = 0x00000014
cmpi r1, 64
[F] FR = 0x00000002
bge 0x0000000D
[S] PC = 0x0000001C
stw r1, 0x000E, r1
[F] MEM[(R1 + 0x000E) << 2] = R1 = 0x00000029
ldw r2, r1, 0x000E
[F] R2 = MEM[(R1 + 0x000E) << 2] = 0x00000029
addi r2, r2, 1
[F] FR = 0x00000002, R2 = R2 + 0x0001 = 0x0000002A
stw r1, 0x000E, r2
[F] MEM[(R1 + 0x000E) << 2] = R2 = 0x0000002A
addi r1, r1, 1
[F] FR = 0x00000002, R1 = R1 + 0x0001 = 0x0000002A
bun 0x00000005
[S] PC = 0x00000014
cmpi r1, 64
[F] FR = 0x00000002
bge 0x0000000D
[S] PC = 0x0000001C
stw r1, 0x000E, r1
[F] MEM[(R1 + 0x000E) << 2] = R1 = 0x0000002A
ldw r2, r1, 0x000E
[F] R2 = MEM[(R1 + 0x000E) << 2] = 0x0000002A
addi r2, r2, 1
[F] FR = 0x00000002, R2 = R2 + 0x0001 = 0x0000002B
stw r1, 0x000E, r2
[F] MEM[(R1 + 0x000E) << 2] = R2 = 0x0000002B
addi r1, r1, 1
[F] FR = 0x00000002, R1 = R1 + 0x0001 = 0x0000002B
bun 0x00000005
[S] PC = 0x00000014
cmpi r1, 64
[F] FR = 0x00000002
bge 0x0000000D
[S] PC = 0x0000001C
stw r1, 0x000E, r1
[F] MEM[(R1 + 0x000E) << 2] = R1 = 0x0000002B
ldw r2, r1, 0x000E
[F] R2 = MEM[(R1 + 0x000E) << 2] = 0x0000002B
addi r2, r2, 1
[F] FR = 0x00000002, R2 = R2 + 0x0001 = 0x0000002C
stw r1, 0x000E, r2
[F] MEM[(R1 + 0x000E) << 2] = R2 = 0x0000002C
addi r1, r1, 1
[F] FR = 0x00000002, R1 = R1 + 0x0001 = 0x0000002C
bun 0x00000005
[S] PC = 0x00000014
cmpi r1, 64
[F] FR = 0x00000002
bge 0x0000000D
[S] PC = 0x0000001C
stw r1, 0x000E, r1
[F] MEM[(R1 + 0x000E) << 2] = R1 = 0x0000002C
ldw r2, r1, 0x000E
[F] R2 = MEM[(R1 + 0x000E) << 2] = 0x0000002C
addi r2, r2, 1
[F] FR = 0x00000002, R2 = R2 + 0x0001 = 0x0000002D
stw r1, 0x000E, r2
[F] MEM[(R1 + 0x000E) << 2] = R2 = 0x0000002D
addi r1, r1, 1
[F] FR = 0x00000002, R1 = R1 + 0x0001 = 0x0000002D
bun 0x00000005
[S] PC = 0x00000014
cmpi r1, 64
[F] FR = 0x00000002
bge 0x0000000D
[S] PC = 0x0000001C
stw r1, 0x000E, r1
[F] MEM[(R1 + 0x000E) << 2] = R1 = 0x0000002D
ldw r2, r1, 0x000E
[F] R2 = MEM[(R1 + 0x000E) << 2] = 0x0000002D
addi r2, r2, 1
[F] FR = 0x00000002, R2 = R2 + 0x0001 = 0x0000002E
stw r1, 0x000E, r2
[F] MEM[(R1 + 0x000E) << 2] = R2 = 0x0000002E
addi r1, r1, 1
[F] FR = 0x00000002, R1 = R1 + 0x0001 = 0x0000002E
bun 0x00000005
[S] PC = 0x00000014
cmpi r1, 64
[F] FR = 0x00000002
bge 0x0000000D
[S] PC = 0x0000001C
stw r1, 0x000E, r1
[F] MEM[(R1 + 0x000E) << 2] = R1 = 0x0000002E
ldw r2, r1, 0x000E
[F] R2 = MEM[(R1 + 0x000E) << 2] = 0x0000002E
addi r2, r2, 1
[F] FR = 0x00000002, R2 = R2 + 0x0001 = 0x0000002F
stw r1, 0x000E, r2
[F] MEM[(R1 + 0x000E) << 2] = R2 = 0x0000002F
addi r1, r1, 1
[F] FR = 0x00000002, R1 = R1 + 0x0001 = 0x0000002F
bun 0x00000005
[S] PC = 0x00000014
cmpi r1, 64
[F] FR = 0x00000002
bge 0x0000000D
[S] PC = 0x0000001C
stw r1, 0x000E, r1
[F] MEM[(R1 + 0x000E) << 2] = R1 = 0x0000002F
ldw r2, r1, 0x000E
[F] R2 = MEM[(R1 + 0x000E) << 2] = 0x0000002F
addi r2, r2, 1
[F] FR = 0x00000002, R2 = R2 + 0x0001 = 0x00000030
stw r1, 0x000E, r2
[F] MEM[(R1 + 0x000E) << 2] = R2 = 0x00000030
addi r1, r1, 1
[F] FR = 0x00000002, R1 = R1 + 0x0001 = 0x00000030
bun 0x00000005
[S] PC = 0x00000014
cmpi r1, 64
[F] FR = 0x00000002
bge 0x0000000D
[S] PC = 0x0000001C
stw r1, 0x000E, r1
[F] MEM[(R1 + 0x000E) << 2] = R1 = 0x00000030
ldw r2, r1, 0x000E
[F] R2 = MEM[(R1 + 0x000E) << 2] = 0x00000030
addi r2, r2, 1
[F] FR = 0x00000002, R2 = R2 + 0x0001 = 0x00000031
stw r1, 0x000E, r2
[F] MEM[(R1 + 0x000E) << 2] = R2 = 0x00000031
addi r1, r1, 1
[F] FR = 0x00000002, R1 = R1 + 0x0001 = 0x00000031
bun 0x00000005
[S] PC = 0x00000014
cmpi r1, 64
[F] FR = 0x00000002
bge 0x0000000D
[S] PC = 0x0000001C
stw r1, 0x000E, r1
[F] MEM[(R1 + 0x000E) << 2] = R1 = 0x00000031
ldw r2, r1, 0x000E
[F] R2 = MEM[(R1 + 0x000E) << 2] = 0x00000031
addi r2, r2, 1
[F] FR = 0x00000002, R2 = R2 + 0x0001 = 0x00000032
stw r1, 0x000E, r2
[F] MEM[(R1 + 0x000E) << 2] = R2 = 0x00000032
addi r1, r1, 1
[F] FR = 0x00000002, R1 = R1 + 0x0001 = 0x00000032
bun 0x00000005
[S] PC = 0x00000014
cmpi r1, 64
[F] FR = 0x00000002
bge 0x0000000D
[S] PC = 0x0000001C
stw r1, 0x000E, r1
[F] MEM[(R1 + 0x000E) << 2] = R1 = 0x00000032
ldw r2, r1, 0x000E
[F] R2 = MEM[(R1 + 0x000E) << 2] = 0x00000032
addi r2, r2, 1
[F] FR = 0x00000002, R2 = R2 + 0x0001 = 0x00000033
stw r1, 0x000E, r2
[F] MEM[(R1 + 0x000E) << 2] = R2 = 0x00000033
addi r1, r1, 1
[F] FR = 0x00000002, R1 = R1 + 0x0001 = 0x00000033
bun 0x00000005
[S] PC = 0x00000014
cmpi r1, 64
[F] FR = 0x00000002
bge 0x0000000D
[S] PC = 0x0000001C
stw r1, 0x000E, r1
[F] MEM[(R1 + 0x000E) << 2] = R1 = 0x00000033
ldw r2, r1, 0x000E
[F] R2 = MEM[(R1 + 0x000E) << 2] = 0x00000033
addi r2, r2, 1
[F] FR = 0x00000002, R2 = R2 + 0x0001 = 0x00000034
stw r1, 0x000E, r2
[F] MEM[(R1 + 0x000E) << 2] = R2 = 0x00000034
addi r1, r1, 1
[F] FR = 0x00000002, R1 = R1 + 0x0001 = 0x00000034
bun 0x00000005
[S] PC = 0x00000014
cmpi r1, 64
[F] FR = 0x00000002
bge 0x0000000D
[S] PC = 0x0000001C
stw r1, 0x000E, r1
[F] MEM[(R1 + 0x000E) << 2] = R1 = 0x00000034
ldw r2, r1, 0x000E
[F] R2 = MEM[(R1 + 0x000E) << 2] = 0x00000034
addi r2, r2, 1
[F] FR = 0x00000002, R2 = R2 + 0x0001 = 0x00000035
stw r1, 0x000E, r2
[F] MEM[(R1 + 0x000E) << 2] = R2 = 0x00000035
addi r1, r1, 1
[F] FR = 0x00000002, R1 = R1 + 0x0001 = 0x00000035
bun 0x00000005
[S] PC = 0x00000014
cmpi r1, 64
[F] FR = 0x00000002
bge 0x0000000D
[S] PC = 0x0000001C
stw r1, 0x000E, r1
[F] MEM[(R1 + 0x000E) << 2] = R1 = 0x00000035
ldw r2, r1, 0x000E
[F] R2 = MEM[(R1 + 0x000E) << 2] = 0x00000035
addi r2, r2, 1
[F] FR = 0x00000002, R2 = R2 + 0x0001 = 0x00000036
stw r1, 0x000E, r2
[F] MEM[(R1 + 0x000E) << 2] = R2 = 0x00000036
addi r1, r1, 1
[F] FR = 0x00000002, R1 = R1 + 0x0001 = 0x00000036
bun 0x00000005
[S] PC = 0x00000014
cmpi r1, 64
[F] FR = 0x00000002
bge 0x0000000D
[S] PC = 0x0000001C
stw r1, 0x000E, r1
[F] MEM[(R1 + 0x000E) << 2] = R1 = 0x00000036
ldw r2, r1, 0x000E
[F] R2 = MEM[(R1 + 0x000E) << 2] = 0x00000036
addi r2, r2, 1
[F] FR = 0x00000002, R2 = R2 + 0x0001 = 0x00000037
stw r1, 0x000E, r2
[F] MEM[(R1 + 0x000E) << 2] = R2 = 0x00000037
addi r1, r1, 1
[F] FR = 0x00000002, R1 = R1 + 0x0001 = 0x00000037
bun 0x00000005
[S] PC = 0x00000014
cmpi r1, 64
[F] FR = 0x00000002
bge 0x0000000D
[S] PC = 0x0000001C
stw r1, 0x000E, r1
[F] MEM[(R1 + 0x000E) << 2] = R1 = 0x00000037
ldw r2, r1, 0x000E
[F] R2 = MEM[(R1 + 0x000E) << 2] = 0x00000037
addi r2, r2, 1
[F] FR = 0x00000002, R2 = R2 + 0x0001 = 0x00000038
stw r1, 0x000E, r2
[F] MEM[(R1 + 0x000E) << 2] = R2 = 0x00000038
addi r1, r1, 1
[F] FR = 0x00000002, R1 = R1 + 0x0001 = 0x00000038
bun 0x00000005
[S] PC = 0x00000014
cmpi r1, 64
[F] FR = 0x00000002
bge 0x0000000D
[S] PC = 0x0000001C
stw r1, 0x000E, r1
[F] MEM[(R1 + 0x000E) << 2] = R1 = 0x00000038
ldw r2, r1, 0x000E
[F] R2 = MEM[(R1 + 0x000E) << 2] = 0x00000038
addi r2, r2, 1
[F] FR = 0x00000002, R2 = R2 + 0x0001 = 0x00000039
stw r1, 0x000E, r2
[F] MEM[(R1 + 0x000E) << 2] = R2 = 0x00000039
addi r1, r1, 1
[F] FR = 0x00000002, R1 = R1 + 0x0001 = 0x00000039
bun 0x00000005
[S] PC = 0x00000014
cmpi r1, 64
[F] FR = 0x00000002
bge 0x0000000D
[S] PC = 0x0000001C
stw r1, 0x000E, r1
[F] MEM[(R1 + 0x000E) << 2] = R1 = 0x00000039
ldw r2, r1, 0x000E
[F] R2 = MEM[(R1 + 0x000E) << 2] = 0x00000039
addi r2, r2, 1
[F] FR = 0x00000002, R2 = R2 + 0x0001 = 0x0000003A
stw r1, 0x000E, r2
[F] MEM[(R1 + 0x000E) << 2] = R2 = 0x0000003A
addi r1, r1, 1
[F] FR = 0x00000002, R1 = R1 + 0x0001 = 0x0000003A
bun 0x00000005
[S] PC = 0x00000014
cmpi r1, 64
[F] FR = 0x00000002
bge 0x0000000D
[S] PC = 0x0000001C
stw r1, 0x000E, r1
[F] MEM[(R1 + 0x000E) << 2] = R1 = 0x0000003A
ldw r2, r1, 0x000E
[F] R2 = MEM[(R1 + 0x000E) << 2] = 0x0000003A
addi r2, r2, 1
[F] FR = 0x00000002, R2 = R2 + 0x0001 = 0x0000003B
stw r1, 0x000E, r2
[F] MEM[(R1 + 0x000E) << 2] = R2 = 0x0000003B
addi r1, r1, 1
[F] FR = 0x00000002, R1 = R1 + 0x0001 = 0x0000003B
bun 0x00000005
[S] PC = 0x00000014
cmpi r1, 64
[F] FR = 0x00000002
bge 0x0000000D
[S] PC = 0x0000001C
stw r1, 0x000E, r1
[F] MEM[(R1 + 0x000E) << 2] = R1 = 0x0000003B
ldw r2, r1, 0x000E
[F] R2 = MEM[(R1 + 0x000E) << 2] = 0x0000003B
addi r2, r2, 1
[F] FR = 0x00000002, R2 = R2 + 0x0001 = 0x0000003C
stw r1, 0x000E, r2
[F] MEM[(R1 + 0x000E) << 2] = R2 = 0x0000003C
addi r1, r1, 1
[F] FR = 0x00000002, R1 = R1 + 0x0001 = 0x0000003C
bun 0x00000005
[S] PC = 0x00000014
cmpi r1, 64
[F] FR = 0x00000002
bge 0x0000000D
[S] PC = 0x0000001C
stw r1, 0x000E, r1
[F] MEM[(R1 + 0x000E) << 2] = R1 = 0x0000003C
ldw r2, r1, 0x000E
[F] R2 = MEM[(R1 + 0x000E) << 2] = 0x0000003C
addi r2, r2, 1
[F] FR = 0x00000002, R2 = R2 + 0x0001 = 0x0000003D
stw r1, 0x000E, r2
[F] MEM[(R1 + 0x000E) << 2] = R2 = 0x0000003D
addi r1, r1, 1
[F] FR = 0x00000002, R1 = R1 + 0x0001 = 0x0000003D
bun 0x00000005
[S] PC = 0x00000014
cmpi r1, 64
[F] FR = 0x00000002
bge 0x0000000D
[S] PC = 0x0000001C
stw r1, 0x000E, r1
[F] MEM[(R1 + 0x000E) << 2] = R1 = 0x0000003D
ldw r2, r1, 0x000E
[F] R2 = MEM[(R1 + 0x000E) << 2] = 0x0000003D
addi r2, r2, 1
[F] FR = 0x00000002, R2 = R2 + 0x0001 = 0x0000003E
stw r1, 0x000E, r2
[F] MEM[(R1 + 0x000E) << 2] = R2 = 0x0000003E
addi r1, r1, 1
[F] FR = 0x00000002, R1 = R1 + 0x0001 = 0x0000003E
bun 0x00000005
[S] PC = 0x00000014
cmpi r1, 64
[F] FR = 0x00000002
bge 0x0000000D
[S] PC = 0x0000001C
stw r1, 0x000E, r1
[F] MEM[(R1 + 0x000E) << 2] = R1 = 0x0000003E
ldw r2, r1, 0x000E
[F] R2 = MEM[(R1 + 0x000E) << 2] = 0x0000003E
addi r2, r2, 1
[F] FR = 0x00000002, R2 = R2 + 0x0001 = 0x0000003F
stw r1, 0x000E, r2
[F] MEM[(R1 + 0x000E) << 2] = R2 = 0x0000003F
addi r1, r1, 1
[F] FR = 0x00000002, R1 = R1 + 0x0001 = 0x0000003F
bun 0x00000005
[S] PC = 0x00000014
cmpi r1, 64
[F] FR = 0x00000002
bge 0x0000000D
[S] PC = 0x0000001C
stw r1, 0x000E, r1
[F] MEM[(R1 + 0x000E) << 2] = R1 = 0x0000003F
ldw r2, r1, 0x000E
[F] R2 = MEM[(R1 + 0x000E) << 2] = 0x0000003F
addi r2, r2, 1
[F] FR = 0x00000002, R2 = R2 + 0x0001 = 0x00000040
stw r1, 0x000E, r2
[F] MEM[(R1 + 0x000E) << 2] = R2 = 0x00000040
addi r1, r1, 1
[F] FR = 0x00000002, R1 = R1 + 0x0001 = 0x00000040
bun 0x00000005
[S] PC = 0x00000014
cmpi r1, 64
[F] FR = 0x00000001
bge 0x0000000D
[S] PC = 0x00000034
int 0
[S] CR = 0x00000000, PC = 0x00000000
[END OF SIMULATION]

