[START OF SIMULATION]
[CACHE I LINE 0 READ MISS @ 0x00000000]
[SET 0: INVALID, AGE 0, DATA 0x00000000 0x00000000 0x00000000 0x00000000]
[SET 1: INVALID, AGE 0, DATA 0x00000000 0x00000000 0x00000000 0x00000000]
call r0, r0, 0x0010
[F] R0 = (PC + 4) >> 2 = 0x00000000, PC = (R0 + 0x0010) << 2 = 0x00000040
[CACHE I LINE 4 READ MISS @ 0x00000040]
[SET 0: INVALID, AGE 0, DATA 0x00000000 0x00000000 0x00000000 0x00000000]
[SET 1: INVALID, AGE 0, DATA 0x00000000 0x00000000 0x00000000 0x00000000]
addi r1, r0, 10
[F] FR = 0x00000000, R1 = R0 + 0x000A = 0x0000000A
[CACHE I LINE 4 READ HIT @ 0x00000044]
[SET 0: VALID, AGE 0, DATA 0x04002820 0x50005C40 0x04006060 0x04005063]
[SET 1: INVALID, AGE 0, DATA 0x00000000 0x00000000 0x00000000 0x00000000]
[CACHE D LINE 5 READ MISS @ 0x0000005C]
[SET 0: INVALID, AGE 0, DATA 0x00000000 0x00000000 0x00000000 0x00000000]
[SET 1: INVALID, AGE 0, DATA 0x00000000 0x00000000 0x00000000 0x00000000]
ldw r2, r0, 0x0017
[F] R2 = MEM[(R0 + 0x0017) << 2] = 0x00000000
[CACHE I LINE 4 READ HIT @ 0x00000048]
[SET 0: VALID, AGE 0, DATA 0x04002820 0x50005C40 0x04006060 0x04005063]
[SET 1: INVALID, AGE 0, DATA 0x00000000 0x00000000 0x00000000 0x00000000]
addi r3, r0, 24
[F] FR = 0x00000000, R3 = R0 + 0x0018 = 0x00000018
[CACHE I LINE 4 READ HIT @ 0x0000004C]
[SET 0: VALID, AGE 0, DATA 0x04002820 0x50005C40 0x04006060 0x04005063]
[SET 1: INVALID, AGE 0, DATA 0x00000000 0x00000000 0x00000000 0x00000000]
addi r3, r3, 20
[F] FR = 0x00000000, R3 = R3 + 0x0014 = 0x0000002C
[CACHE I LINE 5 READ MISS @ 0x00000050]
[SET 0: INVALID, AGE 0, DATA 0x00000000 0x00000000 0x00000000 0x00000000]
[SET 1: INVALID, AGE 0, DATA 0x00000000 0x00000000 0x00000000 0x00000000]
call r4, r0, 0x0004
[F] R4 = (PC + 4) >> 2 = 0x00000015, PC = (R0 + 0x0004) << 2 = 0x00000010
[CACHE I LINE 1 READ MISS @ 0x00000010]
[SET 0: INVALID, AGE 0, DATA 0x00000000 0x00000000 0x00000000 0x00000000]
[SET 1: INVALID, AGE 0, DATA 0x00000000 0x00000000 0x00000000 0x00000000]
cmpi r1, 0
[F] FR = 0x00000004
[CACHE I LINE 1 READ HIT @ 0x00000014]
[SET 0: VALID, AGE 0, DATA 0x24000020 0x78000008 0x04000440 0x6800000F]
[SET 1: INVALID, AGE 0, DATA 0x00000000 0x00000000 0x00000000 0x00000000]
bne 0x00000008
[S] PC = 0x00000020
[CACHE I LINE 2 READ MISS @ 0x00000020]
[SET 0: INVALID, AGE 0, DATA 0x00000000 0x00000000 0x00000000 0x00000000]
[SET 1: INVALID, AGE 0, DATA 0x00000000 0x00000000 0x00000000 0x00000000]
[CACHE D LINE 3 WRITE MISS @ 0x000000B0]
[SET 0: INVALID, AGE 0, DATA 0x00000000 0x00000000 0x00000000 0x00000000]
[SET 1: INVALID, AGE 0, DATA 0x00000000 0x00000000 0x00000000 0x00000000]
push r3, r4
[U] MEM[R3--] = R4 = 0x00000015
[CACHE I LINE 2 READ HIT @ 0x00000024]
[SET 0: VALID, AGE 0, DATA 0x60000064 0x60000061 0x0C000421 0x94001080]
[SET 1: INVALID, AGE 0, DATA 0x00000000 0x00000000 0x00000000 0x00000000]
[CACHE D LINE 2 WRITE MISS @ 0x000000AC]
[SET 0: INVALID, AGE 0, DATA 0x00000000 0x00000000 0x00000000 0x00000000]
[SET 1: INVALID, AGE 0, DATA 0x00000000 0x00000000 0x00000000 0x00000000]
push r3, r1
[U] MEM[R3--] = R1 = 0x0000000A
[CACHE I LINE 2 READ HIT @ 0x00000028]
[SET 0: VALID, AGE 0, DATA 0x60000064 0x60000061 0x0C000421 0x94001080]
[SET 1: INVALID, AGE 0, DATA 0x00000000 0x00000000 0x00000000 0x00000000]
subi r1, r1, 1
[F] FR = 0x00000004, R1 = R1 - 0x0001 = 0x00000009
[CACHE I LINE 2 READ HIT @ 0x0000002C]
[SET 0: VALID, AGE 0, DATA 0x60000064 0x60000061 0x0C000421 0x94001080]
[SET 1: INVALID, AGE 0, DATA 0x00000000 0x00000000 0x00000000 0x00000000]
call r4, r0, 0x0004
[F] R4 = (PC + 4) >> 2 = 0x0000000C, PC = (R0 + 0x0004) << 2 = 0x00000010
[CACHE I LINE 1 READ HIT @ 0x00000010]
[SET 0: VALID, AGE 0, DATA 0x24000020 0x78000008 0x04000440 0x6800000F]
[SET 1: INVALID, AGE 0, DATA 0x00000000 0x00000000 0x00000000 0x00000000]
cmpi r1, 0
[F] FR = 0x00000004
[CACHE I LINE 1 READ HIT @ 0x00000014]
[SET 0: VALID, AGE 0, DATA 0x24000020 0x78000008 0x04000440 0x6800000F]
[SET 1: INVALID, AGE 0, DATA 0x00000000 0x00000000 0x00000000 0x00000000]
bne 0x00000008
[S] PC = 0x00000020
[CACHE I LINE 2 READ HIT @ 0x00000020]
[SET 0: VALID, AGE 0, DATA 0x60000064 0x60000061 0x0C000421 0x94001080]
[SET 1: INVALID, AGE 0, DATA 0x00000000 0x00000000 0x00000000 0x00000000]
[CACHE D LINE 2 WRITE MISS @ 0x000000A8]
[SET 0: INVALID, AGE 0, DATA 0x00000000 0x00000000 0x00000000 0x00000000]
[SET 1: INVALID, AGE 0, DATA 0x00000000 0x00000000 0x00000000 0x00000000]
push r3, r4
[U] MEM[R3--] = R4 = 0x0000000C
[CACHE I LINE 2 READ HIT @ 0x00000024]
[SET 0: VALID, AGE 0, DATA 0x60000064 0x60000061 0x0C000421 0x94001080]
[SET 1: INVALID, AGE 0, DATA 0x00000000 0x00000000 0x00000000 0x00000000]
[CACHE D LINE 2 WRITE MISS @ 0x000000A4]
[SET 0: INVALID, AGE 0, DATA 0x00000000 0x00000000 0x00000000 0x00000000]
[SET 1: INVALID, AGE 0, DATA 0x00000000 0x00000000 0x00000000 0x00000000]
push r3, r1
[U] MEM[R3--] = R1 = 0x00000009
[CACHE I LINE 2 READ HIT @ 0x00000028]
[SET 0: VALID, AGE 0, DATA 0x60000064 0x60000061 0x0C000421 0x94001080]
[SET 1: INVALID, AGE 0, DATA 0x00000000 0x00000000 0x00000000 0x00000000]
subi r1, r1, 1
[F] FR = 0x00000004, R1 = R1 - 0x0001 = 0x00000008
[CACHE I LINE 2 READ HIT @ 0x0000002C]
[SET 0: VALID, AGE 0, DATA 0x60000064 0x60000061 0x0C000421 0x94001080]
[SET 1: INVALID, AGE 0, DATA 0x00000000 0x00000000 0x00000000 0x00000000]
call r4, r0, 0x0004
[F] R4 = (PC + 4) >> 2 = 0x0000000C, PC = (R0 + 0x0004) << 2 = 0x00000010
[CACHE I LINE 1 READ HIT @ 0x00000010]
[SET 0: VALID, AGE 0, DATA 0x24000020 0x78000008 0x04000440 0x6800000F]
[SET 1: INVALID, AGE 0, DATA 0x00000000 0x00000000 0x00000000 0x00000000]
cmpi r1, 0
[F] FR = 0x00000004
[CACHE I LINE 1 READ HIT @ 0x00000014]
[SET 0: VALID, AGE 0, DATA 0x24000020 0x78000008 0x04000440 0x6800000F]
[SET 1: INVALID, AGE 0, DATA 0x00000000 0x00000000 0x00000000 0x00000000]
bne 0x00000008
[S] PC = 0x00000020
[CACHE I LINE 2 READ HIT @ 0x00000020]
[SET 0: VALID, AGE 0, DATA 0x60000064 0x60000061 0x0C000421 0x94001080]
[SET 1: INVALID, AGE 0, DATA 0x00000000 0x00000000 0x00000000 0x00000000]
[CACHE D LINE 2 WRITE MISS @ 0x000000A0]
[SET 0: INVALID, AGE 0, DATA 0x00000000 0x00000000 0x00000000 0x00000000]
[SET 1: INVALID, AGE 0, DATA 0x00000000 0x00000000 0x00000000 0x00000000]
push r3, r4
[U] MEM[R3--] = R4 = 0x0000000C
[CACHE I LINE 2 READ HIT @ 0x00000024]
[SET 0: VALID, AGE 0, DATA 0x60000064 0x60000061 0x0C000421 0x94001080]
[SET 1: INVALID, AGE 0, DATA 0x00000000 0x00000000 0x00000000 0x00000000]
[CACHE D LINE 1 WRITE MISS @ 0x0000009C]
[SET 0: INVALID, AGE 0, DATA 0x00000000 0x00000000 0x00000000 0x00000000]
[SET 1: INVALID, AGE 0, DATA 0x00000000 0x00000000 0x00000000 0x00000000]
push r3, r1
[U] MEM[R3--] = R1 = 0x00000008
[CACHE I LINE 2 READ HIT @ 0x00000028]
[SET 0: VALID, AGE 0, DATA 0x60000064 0x60000061 0x0C000421 0x94001080]
[SET 1: INVALID, AGE 0, DATA 0x00000000 0x00000000 0x00000000 0x00000000]
subi r1, r1, 1
[F] FR = 0x00000004, R1 = R1 - 0x0001 = 0x00000007
[CACHE I LINE 2 READ HIT @ 0x0000002C]
[SET 0: VALID, AGE 0, DATA 0x60000064 0x60000061 0x0C000421 0x94001080]
[SET 1: INVALID, AGE 0, DATA 0x00000000 0x00000000 0x00000000 0x00000000]
call r4, r0, 0x0004
[F] R4 = (PC + 4) >> 2 = 0x0000000C, PC = (R0 + 0x0004) << 2 = 0x00000010
[CACHE I LINE 1 READ HIT @ 0x00000010]
[SET 0: VALID, AGE 0, DATA 0x24000020 0x78000008 0x04000440 0x6800000F]
[SET 1: INVALID, AGE 0, DATA 0x00000000 0x00000000 0x00000000 0x00000000]
cmpi r1, 0
[F] FR = 0x00000004
[CACHE I LINE 1 READ HIT @ 0x00000014]
[SET 0: VALID, AGE 0, DATA 0x24000020 0x78000008 0x04000440 0x6800000F]
[SET 1: INVALID, AGE 0, DATA 0x00000000 0x00000000 0x00000000 0x00000000]
bne 0x00000008
[S] PC = 0x00000020
[CACHE I LINE 2 READ HIT @ 0x00000020]
[SET 0: VALID, AGE 0, DATA 0x60000064 0x60000061 0x0C000421 0x94001080]
[SET 1: INVALID, AGE 0, DATA 0x00000000 0x00000000 0x00000000 0x00000000]
[CACHE D LINE 1 WRITE MISS @ 0x00000098]
[SET 0: INVALID, AGE 0, DATA 0x00000000 0x00000000 0x00000000 0x00000000]
[SET 1: INVALID, AGE 0, DATA 0x00000000 0x00000000 0x00000000 0x00000000]
push r3, r4
[U] MEM[R3--] = R4 = 0x0000000C
[CACHE I LINE 2 READ HIT @ 0x00000024]
[SET 0: VALID, AGE 0, DATA 0x60000064 0x60000061 0x0C000421 0x94001080]
[SET 1: INVALID, AGE 0, DATA 0x00000000 0x00000000 0x00000000 0x00000000]
[CACHE D LINE 1 WRITE MISS @ 0x00000094]
[SET 0: INVALID, AGE 0, DATA 0x00000000 0x00000000 0x00000000 0x00000000]
[SET 1: INVALID, AGE 0, DATA 0x00000000 0x00000000 0x00000000 0x00000000]
push r3, r1
[U] MEM[R3--] = R1 = 0x00000007
[CACHE I LINE 2 READ HIT @ 0x00000028]
[SET 0: VALID, AGE 0, DATA 0x60000064 0x60000061 0x0C000421 0x94001080]
[SET 1: INVALID, AGE 0, DATA 0x00000000 0x00000000 0x00000000 0x00000000]
subi r1, r1, 1
[F] FR = 0x00000004, R1 = R1 - 0x0001 = 0x00000006
[CACHE I LINE 2 READ HIT @ 0x0000002C]
[SET 0: VALID, AGE 0, DATA 0x60000064 0x60000061 0x0C000421 0x94001080]
[SET 1: INVALID, AGE 0, DATA 0x00000000 0x00000000 0x00000000 0x00000000]
call r4, r0, 0x0004
[F] R4 = (PC + 4) >> 2 = 0x0000000C, PC = (R0 + 0x0004) << 2 = 0x00000010
[CACHE I LINE 1 READ HIT @ 0x00000010]
[SET 0: VALID, AGE 0, DATA 0x24000020 0x78000008 0x04000440 0x6800000F]
[SET 1: INVALID, AGE 0, DATA 0x00000000 0x00000000 0x00000000 0x00000000]
cmpi r1, 0
[F] FR = 0x00000004
[CACHE I LINE 1 READ HIT @ 0x00000014]
[SET 0: VALID, AGE 0, DATA 0x24000020 0x78000008 0x04000440 0x6800000F]
[SET 1: INVALID, AGE 0, DATA 0x00000000 0x00000000 0x00000000 0x00000000]
bne 0x00000008
[S] PC = 0x00000020
[CACHE I LINE 2 READ HIT @ 0x00000020]
[SET 0: VALID, AGE 0, DATA 0x60000064 0x60000061 0x0C000421 0x94001080]
[SET 1: INVALID, AGE 0, DATA 0x00000000 0x00000000 0x00000000 0x00000000]
[CACHE D LINE 1 WRITE MISS @ 0x00000090]
[SET 0: INVALID, AGE 0, DATA 0x00000000 0x00000000 0x00000000 0x00000000]
[SET 1: INVALID, AGE 0, DATA 0x00000000 0x00000000 0x00000000 0x00000000]
push r3, r4
[U] MEM[R3--] = R4 = 0x0000000C
[CACHE I LINE 2 READ HIT @ 0x00000024]
[SET 0: VALID, AGE 0, DATA 0x60000064 0x60000061 0x0C000421 0x94001080]
[SET 1: INVALID, AGE 0, DATA 0x00000000 0x00000000 0x00000000 0x00000000]
[CACHE D LINE 0 WRITE MISS @ 0x0000008C]
[SET 0: INVALID, AGE 0, DATA 0x00000000 0x00000000 0x00000000 0x00000000]
[SET 1: INVALID, AGE 0, DATA 0x00000000 0x00000000 0x00000000 0x00000000]
push r3, r1
[U] MEM[R3--] = R1 = 0x00000006
[CACHE I LINE 2 READ HIT @ 0x00000028]
[SET 0: VALID, AGE 0, DATA 0x60000064 0x60000061 0x0C000421 0x94001080]
[SET 1: INVALID, AGE 0, DATA 0x00000000 0x00000000 0x00000000 0x00000000]
subi r1, r1, 1
[F] FR = 0x00000004, R1 = R1 - 0x0001 = 0x00000005
[CACHE I LINE 2 READ HIT @ 0x0000002C]
[SET 0: VALID, AGE 0, DATA 0x60000064 0x60000061 0x0C000421 0x94001080]
[SET 1: INVALID, AGE 0, DATA 0x00000000 0x00000000 0x00000000 0x00000000]
call r4, r0, 0x0004
[F] R4 = (PC + 4) >> 2 = 0x0000000C, PC = (R0 + 0x0004) << 2 = 0x00000010
[CACHE I LINE 1 READ HIT @ 0x00000010]
[SET 0: VALID, AGE 0, DATA 0x24000020 0x78000008 0x04000440 0x6800000F]
[SET 1: INVALID, AGE 0, DATA 0x00000000 0x00000000 0x00000000 0x00000000]
cmpi r1, 0
[F] FR = 0x00000004
[CACHE I LINE 1 READ HIT @ 0x00000014]
[SET 0: VALID, AGE 0, DATA 0x24000020 0x78000008 0x04000440 0x6800000F]
[SET 1: INVALID, AGE 0, DATA 0x00000000 0x00000000 0x00000000 0x00000000]
bne 0x00000008
[S] PC = 0x00000020
[CACHE I LINE 2 READ HIT @ 0x00000020]
[SET 0: VALID, AGE 0, DATA 0x60000064 0x60000061 0x0C000421 0x94001080]
[SET 1: INVALID, AGE 0, DATA 0x00000000 0x00000000 0x00000000 0x00000000]
[CACHE D LINE 0 WRITE MISS @ 0x00000088]
[SET 0: INVALID, AGE 0, DATA 0x00000000 0x00000000 0x00000000 0x00000000]
[SET 1: INVALID, AGE 0, DATA 0x00000000 0x00000000 0x00000000 0x00000000]
push r3, r4
[U] MEM[R3--] = R4 = 0x0000000C
[CACHE I LINE 2 READ HIT @ 0x00000024]
[SET 0: VALID, AGE 0, DATA 0x60000064 0x60000061 0x0C000421 0x94001080]
[SET 1: INVALID, AGE 0, DATA 0x00000000 0x00000000 0x00000000 0x00000000]
[CACHE D LINE 0 WRITE MISS @ 0x00000084]
[SET 0: INVALID, AGE 0, DATA 0x00000000 0x00000000 0x00000000 0x00000000]
[SET 1: INVALID, AGE 0, DATA 0x00000000 0x00000000 0x00000000 0x00000000]
push r3, r1
[U] MEM[R3--] = R1 = 0x00000005
[CACHE I LINE 2 READ HIT @ 0x00000028]
[SET 0: VALID, AGE 0, DATA 0x60000064 0x60000061 0x0C000421 0x94001080]
[SET 1: INVALID, AGE 0, DATA 0x00000000 0x00000000 0x00000000 0x00000000]
subi r1, r1, 1
[F] FR = 0x00000004, R1 = R1 - 0x0001 = 0x00000004
[CACHE I LINE 2 READ HIT @ 0x0000002C]
[SET 0: VALID, AGE 0, DATA 0x60000064 0x60000061 0x0C000421 0x94001080]
[SET 1: INVALID, AGE 0, DATA 0x00000000 0x00000000 0x00000000 0x00000000]
call r4, r0, 0x0004
[F] R4 = (PC + 4) >> 2 = 0x0000000C, PC = (R0 + 0x0004) << 2 = 0x00000010
[CACHE I LINE 1 READ HIT @ 0x00000010]
[SET 0: VALID, AGE 0, DATA 0x24000020 0x78000008 0x04000440 0x6800000F]
[SET 1: INVALID, AGE 0, DATA 0x00000000 0x00000000 0x00000000 0x00000000]
cmpi r1, 0
[F] FR = 0x00000004
[CACHE I LINE 1 READ HIT @ 0x00000014]
[SET 0: VALID, AGE 0, DATA 0x24000020 0x78000008 0x04000440 0x6800000F]
[SET 1: INVALID, AGE 0, DATA 0x00000000 0x00000000 0x00000000 0x00000000]
bne 0x00000008
[S] PC = 0x00000020
[CACHE I LINE 2 READ HIT @ 0x00000020]
[SET 0: VALID, AGE 0, DATA 0x60000064 0x60000061 0x0C000421 0x94001080]
[SET 1: INVALID, AGE 0, DATA 0x00000000 0x00000000 0x00000000 0x00000000]
[CACHE D LINE 0 WRITE MISS @ 0x00000080]
[SET 0: INVALID, AGE 0, DATA 0x00000000 0x00000000 0x00000000 0x00000000]
[SET 1: INVALID, AGE 0, DATA 0x00000000 0x00000000 0x00000000 0x00000000]
push r3, r4
[U] MEM[R3--] = R4 = 0x0000000C
[CACHE I LINE 2 READ HIT @ 0x00000024]
[SET 0: VALID, AGE 0, DATA 0x60000064 0x60000061 0x0C000421 0x94001080]
[SET 1: INVALID, AGE 0, DATA 0x00000000 0x00000000 0x00000000 0x00000000]
[CACHE D LINE 7 WRITE MISS @ 0x0000007C]
[SET 0: INVALID, AGE 0, DATA 0x00000000 0x00000000 0x00000000 0x00000000]
[SET 1: INVALID, AGE 0, DATA 0x00000000 0x00000000 0x00000000 0x00000000]
push r3, r1
[U] MEM[R3--] = R1 = 0x00000004
[CACHE I LINE 2 READ HIT @ 0x00000028]
[SET 0: VALID, AGE 0, DATA 0x60000064 0x60000061 0x0C000421 0x94001080]
[SET 1: INVALID, AGE 0, DATA 0x00000000 0x00000000 0x00000000 0x00000000]
subi r1, r1, 1
[F] FR = 0x00000004, R1 = R1 - 0x0001 = 0x00000003
[CACHE I LINE 2 READ HIT @ 0x0000002C]
[SET 0: VALID, AGE 0, DATA 0x60000064 0x60000061 0x0C000421 0x94001080]
[SET 1: INVALID, AGE 0, DATA 0x00000000 0x00000000 0x00000000 0x00000000]
call r4, r0, 0x0004
[F] R4 = (PC + 4) >> 2 = 0x0000000C, PC = (R0 + 0x0004) << 2 = 0x00000010
[CACHE I LINE 1 READ HIT @ 0x00000010]
[SET 0: VALID, AGE 0, DATA 0x24000020 0x78000008 0x04000440 0x6800000F]
[SET 1: INVALID, AGE 0, DATA 0x00000000 0x00000000 0x00000000 0x00000000]
cmpi r1, 0
[F] FR = 0x00000004
[CACHE I LINE 1 READ HIT @ 0x00000014]
[SET 0: VALID, AGE 0, DATA 0x24000020 0x78000008 0x04000440 0x6800000F]
[SET 1: INVALID, AGE 0, DATA 0x00000000 0x00000000 0x00000000 0x00000000]
bne 0x00000008
[S] PC = 0x00000020
[CACHE I LINE 2 READ HIT @ 0x00000020]
[SET 0: VALID, AGE 0, DATA 0x60000064 0x60000061 0x0C000421 0x94001080]
[SET 1: INVALID, AGE 0, DATA 0x00000000 0x00000000 0x00000000 0x00000000]
[CACHE D LINE 7 WRITE MISS @ 0x00000078]
[SET 0: INVALID, AGE 0, DATA 0x00000000 0x00000000 0x00000000 0x00000000]
[SET 1: INVALID, AGE 0, DATA 0x00000000 0x00000000 0x00000000 0x00000000]
push r3, r4
[U] MEM[R3--] = R4 = 0x0000000C
[CACHE I LINE 2 READ HIT @ 0x00000024]
[SET 0: VALID, AGE 0, DATA 0x60000064 0x60000061 0x0C000421 0x94001080]
[SET 1: INVALID, AGE 0, DATA 0x00000000 0x00000000 0x00000000 0x00000000]
[CACHE D LINE 7 WRITE MISS @ 0x00000074]
[SET 0: INVALID, AGE 0, DATA 0x00000000 0x00000000 0x00000000 0x00000000]
[SET 1: INVALID, AGE 0, DATA 0x00000000 0x00000000 0x00000000 0x00000000]
push r3, r1
[U] MEM[R3--] = R1 = 0x00000003
[CACHE I LINE 2 READ HIT @ 0x00000028]
[SET 0: VALID, AGE 0, DATA 0x60000064 0x60000061 0x0C000421 0x94001080]
[SET 1: INVALID, AGE 0, DATA 0x00000000 0x00000000 0x00000000 0x00000000]
subi r1, r1, 1
[F] FR = 0x00000004, R1 = R1 - 0x0001 = 0x00000002
[CACHE I LINE 2 READ HIT @ 0x0000002C]
[SET 0: VALID, AGE 0, DATA 0x60000064 0x60000061 0x0C000421 0x94001080]
[SET 1: INVALID, AGE 0, DATA 0x00000000 0x00000000 0x00000000 0x00000000]
call r4, r0, 0x0004
[F] R4 = (PC + 4) >> 2 = 0x0000000C, PC = (R0 + 0x0004) << 2 = 0x00000010
[CACHE I LINE 1 READ HIT @ 0x00000010]
[SET 0: VALID, AGE 0, DATA 0x24000020 0x78000008 0x04000440 0x6800000F]
[SET 1: INVALID, AGE 0, DATA 0x00000000 0x00000000 0x00000000 0x00000000]
cmpi r1, 0
[F] FR = 0x00000004
[CACHE I LINE 1 READ HIT @ 0x00000014]
[SET 0: VALID, AGE 0, DATA 0x24000020 0x78000008 0x04000440 0x6800000F]
[SET 1: INVALID, AGE 0, DATA 0x00000000 0x00000000 0x00000000 0x00000000]
bne 0x00000008
[S] PC = 0x00000020
[CACHE I LINE 2 READ HIT @ 0x00000020]
[SET 0: VALID, AGE 0, DATA 0x60000064 0x60000061 0x0C000421 0x94001080]
[SET 1: INVALID, AGE 0, DATA 0x00000000 0x00000000 0x00000000 0x00000000]
[CACHE D LINE 7 WRITE MISS @ 0x00000070]
[SET 0: INVALID, AGE 0, DATA 0x00000000 0x00000000 0x00000000 0x00000000]
[SET 1: INVALID, AGE 0, DATA 0x00000000 0x00000000 0x00000000 0x00000000]
push r3, r4
[U] MEM[R3--] = R4 = 0x0000000C
[CACHE I LINE 2 READ HIT @ 0x00000024]
[SET 0: VALID, AGE 0, DATA 0x60000064 0x60000061 0x0C000421 0x94001080]
[SET 1: INVALID, AGE 0, DATA 0x00000000 0x00000000 0x00000000 0x00000000]
[CACHE D LINE 6 WRITE MISS @ 0x0000006C]
[SET 0: INVALID, AGE 0, DATA 0x00000000 0x00000000 0x00000000 0x00000000]
[SET 1: INVALID, AGE 0, DATA 0x00000000 0x00000000 0x00000000 0x00000000]
push r3, r1
[U] MEM[R3--] = R1 = 0x00000002
[CACHE I LINE 2 READ HIT @ 0x00000028]
[SET 0: VALID, AGE 0, DATA 0x60000064 0x60000061 0x0C000421 0x94001080]
[SET 1: INVALID, AGE 0, DATA 0x00000000 0x00000000 0x00000000 0x00000000]
subi r1, r1, 1
[F] FR = 0x00000004, R1 = R1 - 0x0001 = 0x00000001
[CACHE I LINE 2 READ HIT @ 0x0000002C]
[SET 0: VALID, AGE 0, DATA 0x60000064 0x60000061 0x0C000421 0x94001080]
[SET 1: INVALID, AGE 0, DATA 0x00000000 0x00000000 0x00000000 0x00000000]
call r4, r0, 0x0004
[F] R4 = (PC + 4) >> 2 = 0x0000000C, PC = (R0 + 0x0004) << 2 = 0x00000010
[CACHE I LINE 1 READ HIT @ 0x00000010]
[SET 0: VALID, AGE 0, DATA 0x24000020 0x78000008 0x04000440 0x6800000F]
[SET 1: INVALID, AGE 0, DATA 0x00000000 0x00000000 0x00000000 0x00000000]
cmpi r1, 0
[F] FR = 0x00000004
[CACHE I LINE 1 READ HIT @ 0x00000014]
[SET 0: VALID, AGE 0, DATA 0x24000020 0x78000008 0x04000440 0x6800000F]
[SET 1: INVALID, AGE 0, DATA 0x00000000 0x00000000 0x00000000 0x00000000]
bne 0x00000008
[S] PC = 0x00000020
[CACHE I LINE 2 READ HIT @ 0x00000020]
[SET 0: VALID, AGE 0, DATA 0x60000064 0x60000061 0x0C000421 0x94001080]
[SET 1: INVALID, AGE 0, DATA 0x00000000 0x00000000 0x00000000 0x00000000]
[CACHE D LINE 6 WRITE MISS @ 0x00000068]
[SET 0: INVALID, AGE 0, DATA 0x00000000 0x00000000 0x00000000 0x00000000]
[SET 1: INVALID, AGE 0, DATA 0x00000000 0x00000000 0x00000000 0x00000000]
push r3, r4
[U] MEM[R3--] = R4 = 0x0000000C
[CACHE I LINE 2 READ HIT @ 0x00000024]
[SET 0: VALID, AGE 0, DATA 0x60000064 0x60000061 0x0C000421 0x94001080]
[SET 1: INVALID, AGE 0, DATA 0x00000000 0x00000000 0x00000000 0x00000000]
[CACHE D LINE 6 WRITE MISS @ 0x00000064]
[SET 0: INVALID, AGE 0, DATA 0x00000000 0x00000000 0x00000000 0x00000000]
[SET 1: INVALID, AGE 0, DATA 0x00000000 0x00000000 0x00000000 0x00000000]
push r3, r1
[U] MEM[R3--] = R1 = 0x00000001
[CACHE I LINE 2 READ HIT @ 0x00000028]
[SET 0: VALID, AGE 0, DATA 0x60000064 0x60000061 0x0C000421 0x94001080]
[SET 1: INVALID, AGE 0, DATA 0x00000000 0x00000000 0x00000000 0x00000000]
subi r1, r1, 1
[F] FR = 0x00000004, R1 = R1 - 0x0001 = 0x00000000
[CACHE I LINE 2 READ HIT @ 0x0000002C]
[SET 0: VALID, AGE 0, DATA 0x60000064 0x60000061 0x0C000421 0x94001080]
[SET 1: INVALID, AGE 0, DATA 0x00000000 0x00000000 0x00000000 0x00000000]
call r4, r0, 0x0004
[F] R4 = (PC + 4) >> 2 = 0x0000000C, PC = (R0 + 0x0004) << 2 = 0x00000010
[CACHE I LINE 1 READ HIT @ 0x00000010]
[SET 0: VALID, AGE 0, DATA 0x24000020 0x78000008 0x04000440 0x6800000F]
[SET 1: INVALID, AGE 0, DATA 0x00000000 0x00000000 0x00000000 0x00000000]
cmpi r1, 0
[F] FR = 0x00000001
[CACHE I LINE 1 READ HIT @ 0x00000014]
[SET 0: VALID, AGE 0, DATA 0x24000020 0x78000008 0x04000440 0x6800000F]
[SET 1: INVALID, AGE 0, DATA 0x00000000 0x00000000 0x00000000 0x00000000]
bne 0x00000008
[S] PC = 0x00000018
[CACHE I LINE 1 READ HIT @ 0x00000018]
[SET 0: VALID, AGE 0, DATA 0x24000020 0x78000008 0x04000440 0x6800000F]
[SET 1: INVALID, AGE 0, DATA 0x00000000 0x00000000 0x00000000 0x00000000]
addi r2, r0, 1
[F] FR = 0x00000001, R2 = R0 + 0x0001 = 0x00000001
[CACHE I LINE 1 READ HIT @ 0x0000001C]
[SET 0: VALID, AGE 0, DATA 0x24000020 0x78000008 0x04000440 0x6800000F]
[SET 1: INVALID, AGE 0, DATA 0x00000000 0x00000000 0x00000000 0x00000000]
bun 0x0000000F
[S] PC = 0x0000003C
[CACHE I LINE 3 READ MISS @ 0x0000003C]
[SET 0: INVALID, AGE 0, DATA 0x00000000 0x00000000 0x00000000 0x00000000]
[SET 1: INVALID, AGE 0, DATA 0x00000000 0x00000000 0x00000000 0x00000000]
ret r4
[F] PC = R4 << 2 = 0x00000030
[CACHE I LINE 3 READ HIT @ 0x00000030]
[SET 0: VALID, AGE 0, DATA 0x64000023 0x10000841 0x64000083 0x98000080]
[SET 1: INVALID, AGE 0, DATA 0x00000000 0x00000000 0x00000000 0x00000000]
[CACHE D LINE 6 READ MISS @ 0x00000064]
[SET 0: INVALID, AGE 0, DATA 0x00000000 0x00000000 0x00000000 0x00000000]
[SET 1: INVALID, AGE 0, DATA 0x00000000 0x00000000 0x00000000 0x00000000]
pop r1, r3
[U] R1 = MEM[++R3] = 0x00000001
[CACHE I LINE 3 READ HIT @ 0x00000034]
[SET 0: VALID, AGE 0, DATA 0x64000023 0x10000841 0x64000083 0x98000080]
[SET 1: INVALID, AGE 0, DATA 0x00000000 0x00000000 0x00000000 0x00000000]
mul r2, r2, r1
[U] FR = 0x00000001, ER = 0x00000000, R2 = R2 * R1 = 0x00000001
[CACHE I LINE 3 READ HIT @ 0x00000038]
[SET 0: VALID, AGE 0, DATA 0x64000023 0x10000841 0x64000083 0x98000080]
[SET 1: INVALID, AGE 0, DATA 0x00000000 0x00000000 0x00000000 0x00000000]
[CACHE D LINE 6 READ HIT @ 0x00000068]
[SET 0: VALID, AGE 0, DATA 0x00000000 0x00000001 0x0000000C 0x00000002]
[SET 1: INVALID, AGE 0, DATA 0x00000000 0x00000000 0x00000000 0x00000000]
pop r4, r3
[U] R4 = MEM[++R3] = 0x0000000C
[CACHE I LINE 3 READ HIT @ 0x0000003C]
[SET 0: VALID, AGE 0, DATA 0x64000023 0x10000841 0x64000083 0x98000080]
[SET 1: INVALID, AGE 0, DATA 0x00000000 0x00000000 0x00000000 0x00000000]
ret r4
[F] PC = R4 << 2 = 0x00000030
[CACHE I LINE 3 READ HIT @ 0x00000030]
[SET 0: VALID, AGE 0, DATA 0x64000023 0x10000841 0x64000083 0x98000080]
[SET 1: INVALID, AGE 0, DATA 0x00000000 0x00000000 0x00000000 0x00000000]
[CACHE D LINE 6 READ HIT @ 0x0000006C]
[SET 0: VALID, AGE 0, DATA 0x00000000 0x00000001 0x0000000C 0x00000002]
[SET 1: INVALID, AGE 0, DATA 0x00000000 0x00000000 0x00000000 0x00000000]
pop r1, r3
[U] R1 = MEM[++R3] = 0x00000002
[CACHE I LINE 3 READ HIT @ 0x00000034]
[SET 0: VALID, AGE 0, DATA 0x64000023 0x10000841 0x64000083 0x98000080]
[SET 1: INVALID, AGE 0, DATA 0x00000000 0x00000000 0x00000000 0x00000000]
mul r2, r2, r1
[U] FR = 0x00000001, ER = 0x00000000, R2 = R2 * R1 = 0x00000002
[CACHE I LINE 3 READ HIT @ 0x00000038]
[SET 0: VALID, AGE 0, DATA 0x64000023 0x10000841 0x64000083 0x98000080]
[SET 1: INVALID, AGE 0, DATA 0x00000000 0x00000000 0x00000000 0x00000000]
[CACHE D LINE 7 READ MISS @ 0x00000070]
[SET 0: INVALID, AGE 0, DATA 0x00000000 0x00000000 0x00000000 0x00000000]
[SET 1: INVALID, AGE 0, DATA 0x00000000 0x00000000 0x00000000 0x00000000]
pop r4, r3
[U] R4 = MEM[++R3] = 0x0000000C
[CACHE I LINE 3 READ HIT @ 0x0000003C]
[SET 0: VALID, AGE 0, DATA 0x64000023 0x10000841 0x64000083 0x98000080]
[SET 1: INVALID, AGE 0, DATA 0x00000000 0x00000000 0x00000000 0x00000000]
ret r4
[F] PC = R4 << 2 = 0x00000030
[CACHE I LINE 3 READ HIT @ 0x00000030]
[SET 0: VALID, AGE 0, DATA 0x64000023 0x10000841 0x64000083 0x98000080]
[SET 1: INVALID, AGE 0, DATA 0x00000000 0x00000000 0x00000000 0x00000000]
[CACHE D LINE 7 READ HIT @ 0x00000074]
[SET 0: VALID, AGE 0, DATA 0x0000000C 0x00000003 0x0000000C 0x00000004]
[SET 1: INVALID, AGE 0, DATA 0x00000000 0x00000000 0x00000000 0x00000000]
pop r1, r3
[U] R1 = MEM[++R3] = 0x00000003
[CACHE I LINE 3 READ HIT @ 0x00000034]
[SET 0: VALID, AGE 0, DATA 0x64000023 0x10000841 0x64000083 0x98000080]
[SET 1: INVALID, AGE 0, DATA 0x00000000 0x00000000 0x00000000 0x00000000]
mul r2, r2, r1
[U] FR = 0x00000001, ER = 0x00000000, R2 = R2 * R1 = 0x00000006
[CACHE I LINE 3 READ HIT @ 0x00000038]
[SET 0: VALID, AGE 0, DATA 0x64000023 0x10000841 0x64000083 0x98000080]
[SET 1: INVALID, AGE 0, DATA 0x00000000 0x00000000 0x00000000 0x00000000]
[CACHE D LINE 7 READ HIT @ 0x00000078]
[SET 0: VALID, AGE 0, DATA 0x0000000C 0x00000003 0x0000000C 0x00000004]
[SET 1: INVALID, AGE 0, DATA 0x00000000 0x00000000 0x00000000 0x00000000]
pop r4, r3
[U] R4 = MEM[++R3] = 0x0000000C
[CACHE I LINE 3 READ HIT @ 0x0000003C]
[SET 0: VALID, AGE 0, DATA 0x64000023 0x10000841 0x64000083 0x98000080]
[SET 1: INVALID, AGE 0, DATA 0x00000000 0x00000000 0x00000000 0x00000000]
ret r4
[F] PC = R4 << 2 = 0x00000030
[CACHE I LINE 3 READ HIT @ 0x00000030]
[SET 0: VALID, AGE 0, DATA 0x64000023 0x10000841 0x64000083 0x98000080]
[SET 1: INVALID, AGE 0, DATA 0x00000000 0x00000000 0x00000000 0x00000000]
[CACHE D LINE 7 READ HIT @ 0x0000007C]
[SET 0: VALID, AGE 0, DATA 0x0000000C 0x00000003 0x0000000C 0x00000004]
[SET 1: INVALID, AGE 0, DATA 0x00000000 0x00000000 0x00000000 0x00000000]
pop r1, r3
[U] R1 = MEM[++R3] = 0x00000004
[CACHE I LINE 3 READ HIT @ 0x00000034]
[SET 0: VALID, AGE 0, DATA 0x64000023 0x10000841 0x64000083 0x98000080]
[SET 1: INVALID, AGE 0, DATA 0x00000000 0x00000000 0x00000000 0x00000000]
mul r2, r2, r1
[U] FR = 0x00000001, ER = 0x00000000, R2 = R2 * R1 = 0x00000018
[CACHE I LINE 3 READ HIT @ 0x00000038]
[SET 0: VALID, AGE 0, DATA 0x64000023 0x10000841 0x64000083 0x98000080]
[SET 1: INVALID, AGE 0, DATA 0x00000000 0x00000000 0x00000000 0x00000000]
[CACHE D LINE 0 READ MISS @ 0x00000080]
[SET 0: INVALID, AGE 0, DATA 0x00000000 0x00000000 0x00000000 0x00000000]
[SET 1: INVALID, AGE 0, DATA 0x00000000 0x00000000 0x00000000 0x00000000]
pop r4, r3
[U] R4 = MEM[++R3] = 0x0000000C
[CACHE I LINE 3 READ HIT @ 0x0000003C]
[SET 0: VALID, AGE 0, DATA 0x64000023 0x10000841 0x64000083 0x98000080]
[SET 1: INVALID, AGE 0, DATA 0x00000000 0x00000000 0x00000000 0x00000000]
ret r4
[F] PC = R4 << 2 = 0x00000030
[CACHE I LINE 3 READ HIT @ 0x00000030]
[SET 0: VALID, AGE 0, DATA 0x64000023 0x10000841 0x64000083 0x98000080]
[SET 1: INVALID, AGE 0, DATA 0x00000000 0x00000000 0x00000000 0x00000000]
[CACHE D LINE 0 READ HIT @ 0x00000084]
[SET 0: VALID, AGE 0, DATA 0x0000000C 0x00000005 0x0000000C 0x00000006]
[SET 1: INVALID, AGE 0, DATA 0x00000000 0x00000000 0x00000000 0x00000000]
pop r1, r3
[U] R1 = MEM[++R3] = 0x00000005
[CACHE I LINE 3 READ HIT @ 0x00000034]
[SET 0: VALID, AGE 0, DATA 0x64000023 0x10000841 0x64000083 0x98000080]
[SET 1: INVALID, AGE 0, DATA 0x00000000 0x00000000 0x00000000 0x00000000]
mul r2, r2, r1
[U] FR = 0x00000001, ER = 0x00000000, R2 = R2 * R1 = 0x00000078
[CACHE I LINE 3 READ HIT @ 0x00000038]
[SET 0: VALID, AGE 0, DATA 0x64000023 0x10000841 0x64000083 0x98000080]
[SET 1: INVALID, AGE 0, DATA 0x00000000 0x00000000 0x00000000 0x00000000]
[CACHE D LINE 0 READ HIT @ 0x00000088]
[SET 0: VALID, AGE 0, DATA 0x0000000C 0x00000005 0x0000000C 0x00000006]
[SET 1: INVALID, AGE 0, DATA 0x00000000 0x00000000 0x00000000 0x00000000]
pop r4, r3
[U] R4 = MEM[++R3] = 0x0000000C
[CACHE I LINE 3 READ HIT @ 0x0000003C]
[SET 0: VALID, AGE 0, DATA 0x64000023 0x10000841 0x64000083 0x98000080]
[SET 1: INVALID, AGE 0, DATA 0x00000000 0x00000000 0x00000000 0x00000000]
ret r4
[F] PC = R4 << 2 = 0x00000030
[CACHE I LINE 3 READ HIT @ 0x00000030]
[SET 0: VALID, AGE 0, DATA 0x64000023 0x10000841 0x64000083 0x98000080]
[SET 1: INVALID, AGE 0, DATA 0x00000000 0x00000000 0x00000000 0x00000000]
[CACHE D LINE 0 READ HIT @ 0x0000008C]
[SET 0: VALID, AGE 0, DATA 0x0000000C 0x00000005 0x0000000C 0x00000006]
[SET 1: INVALID, AGE 0, DATA 0x00000000 0x00000000 0x00000000 0x00000000]
pop r1, r3
[U] R1 = MEM[++R3] = 0x00000006
[CACHE I LINE 3 READ HIT @ 0x00000034]
[SET 0: VALID, AGE 0, DATA 0x64000023 0x10000841 0x64000083 0x98000080]
[SET 1: INVALID, AGE 0, DATA 0x00000000 0x00000000 0x00000000 0x00000000]
mul r2, r2, r1
[U] FR = 0x00000001, ER = 0x00000000, R2 = R2 * R1 = 0x000002D0
[CACHE I LINE 3 READ HIT @ 0x00000038]
[SET 0: VALID, AGE 0, DATA 0x64000023 0x10000841 0x64000083 0x98000080]
[SET 1: INVALID, AGE 0, DATA 0x00000000 0x00000000 0x00000000 0x00000000]
[CACHE D LINE 1 READ MISS @ 0x00000090]
[SET 0: INVALID, AGE 0, DATA 0x00000000 0x00000000 0x00000000 0x00000000]
[SET 1: INVALID, AGE 0, DATA 0x00000000 0x00000000 0x00000000 0x00000000]
pop r4, r3
[U] R4 = MEM[++R3] = 0x0000000C
[CACHE I LINE 3 READ HIT @ 0x0000003C]
[SET 0: VALID, AGE 0, DATA 0x64000023 0x10000841 0x64000083 0x98000080]
[SET 1: INVALID, AGE 0, DATA 0x00000000 0x00000000 0x00000000 0x00000000]
ret r4
[F] PC = R4 << 2 = 0x00000030
[CACHE I LINE 3 READ HIT @ 0x00000030]
[SET 0: VALID, AGE 0, DATA 0x64000023 0x10000841 0x64000083 0x98000080]
[SET 1: INVALID, AGE 0, DATA 0x00000000 0x00000000 0x00000000 0x00000000]
[CACHE D LINE 1 READ HIT @ 0x00000094]
[SET 0: VALID, AGE 0, DATA 0x0000000C 0x00000007 0x0000000C 0x00000008]
[SET 1: INVALID, AGE 0, DATA 0x00000000 0x00000000 0x00000000 0x00000000]
pop r1, r3
[U] R1 = MEM[++R3] = 0x00000007
[CACHE I LINE 3 READ HIT @ 0x00000034]
[SET 0: VALID, AGE 0, DATA 0x64000023 0x10000841 0x64000083 0x98000080]
[SET 1: INVALID, AGE 0, DATA 0x00000000 0x00000000 0x00000000 0x00000000]
mul r2, r2, r1
[U] FR = 0x00000001, ER = 0x00000000, R2 = R2 * R1 = 0x000013B0
[CACHE I LINE 3 READ HIT @ 0x00000038]
[SET 0: VALID, AGE 0, DATA 0x64000023 0x10000841 0x64000083 0x98000080]
[SET 1: INVALID, AGE 0, DATA 0x00000000 0x00000000 0x00000000 0x00000000]
[CACHE D LINE 1 READ HIT @ 0x00000098]
[SET 0: VALID, AGE 0, DATA 0x0000000C 0x00000007 0x0000000C 0x00000008]
[SET 1: INVALID, AGE 0, DATA 0x00000000 0x00000000 0x00000000 0x00000000]
pop r4, r3
[U] R4 = MEM[++R3] = 0x0000000C
[CACHE I LINE 3 READ HIT @ 0x0000003C]
[SET 0: VALID, AGE 0, DATA 0x64000023 0x10000841 0x64000083 0x98000080]
[SET 1: INVALID, AGE 0, DATA 0x00000000 0x00000000 0x00000000 0x00000000]
ret r4
[F] PC = R4 << 2 = 0x00000030
[CACHE I LINE 3 READ HIT @ 0x00000030]
[SET 0: VALID, AGE 0, DATA 0x64000023 0x10000841 0x64000083 0x98000080]
[SET 1: INVALID, AGE 0, DATA 0x00000000 0x00000000 0x00000000 0x00000000]
[CACHE D LINE 1 READ HIT @ 0x0000009C]
[SET 0: VALID, AGE 0, DATA 0x0000000C 0x00000007 0x0000000C 0x00000008]
[SET 1: INVALID, AGE 0, DATA 0x00000000 0x00000000 0x00000000 0x00000000]
pop r1, r3
[U] R1 = MEM[++R3] = 0x00000008
[CACHE I LINE 3 READ HIT @ 0x00000034]
[SET 0: VALID, AGE 0, DATA 0x64000023 0x10000841 0x64000083 0x98000080]
[SET 1: INVALID, AGE 0, DATA 0x00000000 0x00000000 0x00000000 0x00000000]
mul r2, r2, r1
[U] FR = 0x00000001, ER = 0x00000000, R2 = R2 * R1 = 0x00009D80
[CACHE I LINE 3 READ HIT @ 0x00000038]
[SET 0: VALID, AGE 0, DATA 0x64000023 0x10000841 0x64000083 0x98000080]
[SET 1: INVALID, AGE 0, DATA 0x00000000 0x00000000 0x00000000 0x00000000]
[CACHE D LINE 2 READ MISS @ 0x000000A0]
[SET 0: INVALID, AGE 0, DATA 0x00000000 0x00000000 0x00000000 0x00000000]
[SET 1: INVALID, AGE 0, DATA 0x00000000 0x00000000 0x00000000 0x00000000]
pop r4, r3
[U] R4 = MEM[++R3] = 0x0000000C
[CACHE I LINE 3 READ HIT @ 0x0000003C]
[SET 0: VALID, AGE 0, DATA 0x64000023 0x10000841 0x64000083 0x98000080]
[SET 1: INVALID, AGE 0, DATA 0x00000000 0x00000000 0x00000000 0x00000000]
ret r4
[F] PC = R4 << 2 = 0x00000030
[CACHE I LINE 3 READ HIT @ 0x00000030]
[SET 0: VALID, AGE 0, DATA 0x64000023 0x10000841 0x64000083 0x98000080]
[SET 1: INVALID, AGE 0, DATA 0x00000000 0x00000000 0x00000000 0x00000000]
[CACHE D LINE 2 READ HIT @ 0x000000A4]
[SET 0: VALID, AGE 0, DATA 0x0000000C 0x00000009 0x0000000C 0x0000000A]
[SET 1: INVALID, AGE 0, DATA 0x00000000 0x00000000 0x00000000 0x00000000]
pop r1, r3
[U] R1 = MEM[++R3] = 0x00000009
[CACHE I LINE 3 READ HIT @ 0x00000034]
[SET 0: VALID, AGE 0, DATA 0x64000023 0x10000841 0x64000083 0x98000080]
[SET 1: INVALID, AGE 0, DATA 0x00000000 0x00000000 0x00000000 0x00000000]
mul r2, r2, r1
[U] FR = 0x00000001, ER = 0x00000000, R2 = R2 * R1 = 0x00058980
[CACHE I LINE 3 READ HIT @ 0x00000038]
[SET 0: VALID, AGE 0, DATA 0x64000023 0x10000841 0x64000083 0x98000080]
[SET 1: INVALID, AGE 0, DATA 0x00000000 0x00000000 0x00000000 0x00000000]
[CACHE D LINE 2 READ HIT @ 0x000000A8]
[SET 0: VALID, AGE 0, DATA 0x0000000C 0x00000009 0x0000000C 0x0000000A]
[SET 1: INVALID, AGE 0, DATA 0x00000000 0x00000000 0x00000000 0x00000000]
pop r4, r3
[U] R4 = MEM[++R3] = 0x0000000C
[CACHE I LINE 3 READ HIT @ 0x0000003C]
[SET 0: VALID, AGE 0, DATA 0x64000023 0x10000841 0x64000083 0x98000080]
[SET 1: INVALID, AGE 0, DATA 0x00000000 0x00000000 0x00000000 0x00000000]
ret r4
[F] PC = R4 << 2 = 0x00000030
[CACHE I LINE 3 READ HIT @ 0x00000030]
[SET 0: VALID, AGE 0, DATA 0x64000023 0x10000841 0x64000083 0x98000080]
[SET 1: INVALID, AGE 0, DATA 0x00000000 0x00000000 0x00000000 0x00000000]
[CACHE D LINE 2 READ HIT @ 0x000000AC]
[SET 0: VALID, AGE 0, DATA 0x0000000C 0x00000009 0x0000000C 0x0000000A]
[SET 1: INVALID, AGE 0, DATA 0x00000000 0x00000000 0x00000000 0x00000000]
pop r1, r3
[U] R1 = MEM[++R3] = 0x0000000A
[CACHE I LINE 3 READ HIT @ 0x00000034]
[SET 0: VALID, AGE 0, DATA 0x64000023 0x10000841 0x64000083 0x98000080]
[SET 1: INVALID, AGE 0, DATA 0x00000000 0x00000000 0x00000000 0x00000000]
mul r2, r2, r1
[U] FR = 0x00000001, ER = 0x00000000, R2 = R2 * R1 = 0x00375F00
[CACHE I LINE 3 READ HIT @ 0x00000038]
[SET 0: VALID, AGE 0, DATA 0x64000023 0x10000841 0x64000083 0x98000080]
[SET 1: INVALID, AGE 0, DATA 0x00000000 0x00000000 0x00000000 0x00000000]
[CACHE D LINE 3 READ MISS @ 0x000000B0]
[SET 0: INVALID, AGE 0, DATA 0x00000000 0x00000000 0x00000000 0x00000000]
[SET 1: INVALID, AGE 0, DATA 0x00000000 0x00000000 0x00000000 0x00000000]
pop r4, r3
[U] R4 = MEM[++R3] = 0x00000015
[CACHE I LINE 3 READ HIT @ 0x0000003C]
[SET 0: VALID, AGE 0, DATA 0x64000023 0x10000841 0x64000083 0x98000080]
[SET 1: INVALID, AGE 0, DATA 0x00000000 0x00000000 0x00000000 0x00000000]
ret r4
[F] PC = R4 << 2 = 0x00000054
[CACHE I LINE 5 READ HIT @ 0x00000054]
[SET 0: VALID, AGE 0, DATA 0x94001080 0x58005C02 0xFC000000 0x00000000]
[SET 1: INVALID, AGE 0, DATA 0x00000000 0x00000000 0x00000000 0x00000000]
[CACHE D LINE 5 WRITE HIT @ 0x0000005C]
[SET 0: VALID, AGE 0, DATA 0x94001080 0x58005C02 0xFC000000 0x00000000]
[SET 1: INVALID, AGE 0, DATA 0x00000000 0x00000000 0x00000000 0x00000000]
stw r0, 0x0017, r2
[F] MEM[(R0 + 0x0017) << 2] = R2 = 0x00375F00
[CACHE I LINE 5 READ HIT @ 0x00000058]
[SET 0: VALID, AGE 0, DATA 0x94001080 0x58005C02 0xFC000000 0x00000000]
[SET 1: INVALID, AGE 0, DATA 0x00000000 0x00000000 0x00000000 0x00000000]
int 0
[S] CR = 0x00000000, PC = 0x00000000
[END OF SIMULATION]
[CACHE D STATISTICS] #Hit = 15 (36%), #Miss = 27 (64%)
[CACHE I STATISTICS] #Hit = 107 (95%), #Miss = 6 (5%)

