[START OF SIMULATION]
[CACHE I LINE 0 READ MISS @ 0x00000000]
[SET 0: INVALID, AGE 0, DATA 0x00000000 0x00000000 0x00000000 0x00000000]
[SET 1: INVALID, AGE 0, DATA 0x00000000 0x00000000 0x00000000 0x00000000]
call r0, r0, 0x0005
[F] R0 = (PC + 4) >> 2 = 0x00000000, PC = (R0 + 0x0005) << 2 = 0x00000014
[CACHE I LINE 1 READ MISS @ 0x00000014]
[SET 0: INVALID, AGE 0, DATA 0x00000000 0x00000000 0x00000000 0x00000000]
[SET 1: INVALID, AGE 0, DATA 0x00000000 0x00000000 0x00000000 0x00000000]
addi r1, r0, 64
[F] FR = 0x00000000, R1 = R0 + 0x0040 = 0x00000040
[CACHE I LINE 1 READ HIT @ 0x00000018]
[SET 0: VALID, AGE 0, DATA 0xFC000064 0x04010020 0x40030C61 0x50004020]
[SET 1: INVALID, AGE 0, DATA 0x00000000 0x00000000 0x00000000 0x00000000]
or fr, fr, r1
[U] FR = FR | R1 = 0x00000040
[CACHE I LINE 1 READ HIT @ 0x0000001C]
[SET 0: VALID, AGE 0, DATA 0xFC000064 0x04010020 0x40030C61 0x50004020]
[SET 1: INVALID, AGE 0, DATA 0x00000000 0x00000000 0x00000000 0x00000000]
[CACHE D LINE 4 READ MISS @ 0x00000040]
[SET 0: INVALID, AGE 0, DATA 0x00000000 0x00000000 0x00000000 0x00000000]
[SET 1: INVALID, AGE 0, DATA 0x00000000 0x00000000 0x00000000 0x00000000]
ldw r1, r0, 0x0010
[F] R1 = MEM[(R0 + 0x0010) << 2] = 0x00002020
[CACHE I LINE 2 READ MISS @ 0x00000020]
[SET 0: INVALID, AGE 0, DATA 0x00000000 0x00000000 0x00000000 0x00000000]
[SET 1: INVALID, AGE 0, DATA 0x00000000 0x00000000 0x00000000 0x00000000]
addi r1, r0, 100
[F] FR = 0x00000040, R1 = R0 + 0x0064 = 0x00000064
[CACHE I LINE 2 READ HIT @ 0x00000024]
[SET 0: VALID, AGE 0, DATA 0x04019020 0x04000440 0x2800085E 0x40000422]
[SET 1: INVALID, AGE 0, DATA 0x00000000 0x00000000 0x00000000 0x00000000]
addi r2, r0, 1
[F] FR = 0x00000040, R2 = R0 + 0x0001 = 0x00000001
[CACHE I LINE 2 READ HIT @ 0x00000028]
[SET 0: VALID, AGE 0, DATA 0x04019020 0x04000440 0x2800085E 0x40000422]
[SET 1: INVALID, AGE 0, DATA 0x00000000 0x00000000 0x00000000 0x00000000]
shl r2, r2, 30
[U] ER = 0x00000000, R2 = R2 << 31 = 0x80000000
[CACHE I LINE 2 READ HIT @ 0x0000002C]
[SET 0: VALID, AGE 0, DATA 0x04019020 0x04000440 0x2800085E 0x40000422]
[SET 1: INVALID, AGE 0, DATA 0x00000000 0x00000000 0x00000000 0x00000000]
or r1, r1, r2
[U] R1 = R1 | R2 = 0x80000064
[CACHE I LINE 3 READ MISS @ 0x00000030]
[SET 0: INVALID, AGE 0, DATA 0x00000000 0x00000000 0x00000000 0x00000000]
[SET 1: INVALID, AGE 0, DATA 0x00000000 0x00000000 0x00000000 0x00000000]
[CACHE D LINE 4 READ HIT @ 0x00000040]
[SET 0: VALID, AGE 0, DATA 0x00002020 0x94001400 0x9C0013FE 0xFC000000]
[SET 1: INVALID, AGE 0, DATA 0x00000000 0x00000000 0x00000000 0x00000000]
ldw r2, r0, 0x0010
[F] R2 = MEM[(R0 + 0x0010) << 2] = 0x00002020
[CACHE I LINE 3 READ HIT @ 0x00000034]
[SET 0: VALID, AGE 0, DATA 0x50004040 0x58000041 0x6800000E 0xFC000000]
[SET 1: INVALID, AGE 0, DATA 0x00000000 0x00000000 0x00000000 0x00000000]
stw r2, 0x0000, r1
[F] MEM[(R2 + 0x0000) << 2] = R1 = 0x80000064
[CACHE I LINE 3 READ HIT @ 0x00000038]
[SET 0: VALID, AGE 0, DATA 0x50004040 0x58000041 0x6800000E 0xFC000000]
[SET 1: INVALID, AGE 0, DATA 0x00000000 0x00000000 0x00000000 0x00000000]
bun 0x0000000E
[S] PC = 0x00000038
[CACHE I LINE 3 READ HIT @ 0x00000038]
[SET 0: VALID, AGE 0, DATA 0x50004040 0x58000041 0x6800000E 0xFC000000]
[SET 1: INVALID, AGE 0, DATA 0x00000000 0x00000000 0x00000000 0x00000000]
bun 0x0000000E
[S] PC = 0x00000038
[CACHE I LINE 3 READ HIT @ 0x00000038]
[SET 0: VALID, AGE 0, DATA 0x50004040 0x58000041 0x6800000E 0xFC000000]
[SET 1: INVALID, AGE 0, DATA 0x00000000 0x00000000 0x00000000 0x00000000]
bun 0x0000000E
[S] PC = 0x00000038
[CACHE I LINE 3 READ HIT @ 0x00000038]
[SET 0: VALID, AGE 0, DATA 0x50004040 0x58000041 0x6800000E 0xFC000000]
[SET 1: INVALID, AGE 0, DATA 0x00000000 0x00000000 0x00000000 0x00000000]
bun 0x0000000E
[S] PC = 0x00000038
[CACHE I LINE 3 READ HIT @ 0x00000038]
[SET 0: VALID, AGE 0, DATA 0x50004040 0x58000041 0x6800000E 0xFC000000]
[SET 1: INVALID, AGE 0, DATA 0x00000000 0x00000000 0x00000000 0x00000000]
bun 0x0000000E
[S] PC = 0x00000038
[CACHE I LINE 3 READ HIT @ 0x00000038]
[SET 0: VALID, AGE 0, DATA 0x50004040 0x58000041 0x6800000E 0xFC000000]
[SET 1: INVALID, AGE 0, DATA 0x00000000 0x00000000 0x00000000 0x00000000]
bun 0x0000000E
[S] PC = 0x00000038
[CACHE I LINE 3 READ HIT @ 0x00000038]
[SET 0: VALID, AGE 0, DATA 0x50004040 0x58000041 0x6800000E 0xFC000000]
[SET 1: INVALID, AGE 0, DATA 0x00000000 0x00000000 0x00000000 0x00000000]
bun 0x0000000E
[S] PC = 0x00000038
[CACHE I LINE 3 READ HIT @ 0x00000038]
[SET 0: VALID, AGE 0, DATA 0x50004040 0x58000041 0x6800000E 0xFC000000]
[SET 1: INVALID, AGE 0, DATA 0x00000000 0x00000000 0x00000000 0x00000000]
bun 0x0000000E
[S] PC = 0x00000038
[CACHE I LINE 3 READ HIT @ 0x00000038]
[SET 0: VALID, AGE 0, DATA 0x50004040 0x58000041 0x6800000E 0xFC000000]
[SET 1: INVALID, AGE 0, DATA 0x00000000 0x00000000 0x00000000 0x00000000]
bun 0x0000000E
[S] PC = 0x00000038
[CACHE I LINE 3 READ HIT @ 0x00000038]
[SET 0: VALID, AGE 0, DATA 0x50004040 0x58000041 0x6800000E 0xFC000000]
[SET 1: INVALID, AGE 0, DATA 0x00000000 0x00000000 0x00000000 0x00000000]
bun 0x0000000E
[S] PC = 0x00000038
[CACHE I LINE 3 READ HIT @ 0x00000038]
[SET 0: VALID, AGE 0, DATA 0x50004040 0x58000041 0x6800000E 0xFC000000]
[SET 1: INVALID, AGE 0, DATA 0x00000000 0x00000000 0x00000000 0x00000000]
bun 0x0000000E
[S] PC = 0x00000038
[CACHE I LINE 3 READ HIT @ 0x00000038]
[SET 0: VALID, AGE 0, DATA 0x50004040 0x58000041 0x6800000E 0xFC000000]
[SET 1: INVALID, AGE 0, DATA 0x00000000 0x00000000 0x00000000 0x00000000]
bun 0x0000000E
[S] PC = 0x00000038
[CACHE I LINE 3 READ HIT @ 0x00000038]
[SET 0: VALID, AGE 0, DATA 0x50004040 0x58000041 0x6800000E 0xFC000000]
[SET 1: INVALID, AGE 0, DATA 0x00000000 0x00000000 0x00000000 0x00000000]
bun 0x0000000E
[S] PC = 0x00000038
[CACHE I LINE 3 READ HIT @ 0x00000038]
[SET 0: VALID, AGE 0, DATA 0x50004040 0x58000041 0x6800000E 0xFC000000]
[SET 1: INVALID, AGE 0, DATA 0x00000000 0x00000000 0x00000000 0x00000000]
bun 0x0000000E
[S] PC = 0x00000038
[CACHE I LINE 3 READ HIT @ 0x00000038]
[SET 0: VALID, AGE 0, DATA 0x50004040 0x58000041 0x6800000E 0xFC000000]
[SET 1: INVALID, AGE 0, DATA 0x00000000 0x00000000 0x00000000 0x00000000]
bun 0x0000000E
[S] PC = 0x00000038
[CACHE I LINE 3 READ HIT @ 0x00000038]
[SET 0: VALID, AGE 0, DATA 0x50004040 0x58000041 0x6800000E 0xFC000000]
[SET 1: INVALID, AGE 0, DATA 0x00000000 0x00000000 0x00000000 0x00000000]
bun 0x0000000E
[S] PC = 0x00000038
[CACHE I LINE 3 READ HIT @ 0x00000038]
[SET 0: VALID, AGE 0, DATA 0x50004040 0x58000041 0x6800000E 0xFC000000]
[SET 1: INVALID, AGE 0, DATA 0x00000000 0x00000000 0x00000000 0x00000000]
bun 0x0000000E
[S] PC = 0x00000038
[CACHE I LINE 3 READ HIT @ 0x00000038]
[SET 0: VALID, AGE 0, DATA 0x50004040 0x58000041 0x6800000E 0xFC000000]
[SET 1: INVALID, AGE 0, DATA 0x00000000 0x00000000 0x00000000 0x00000000]
bun 0x0000000E
[S] PC = 0x00000038
[CACHE I LINE 3 READ HIT @ 0x00000038]
[SET 0: VALID, AGE 0, DATA 0x50004040 0x58000041 0x6800000E 0xFC000000]
[SET 1: INVALID, AGE 0, DATA 0x00000000 0x00000000 0x00000000 0x00000000]
bun 0x0000000E
[S] PC = 0x00000038
[CACHE I LINE 3 READ HIT @ 0x00000038]
[SET 0: VALID, AGE 0, DATA 0x50004040 0x58000041 0x6800000E 0xFC000000]
[SET 1: INVALID, AGE 0, DATA 0x00000000 0x00000000 0x00000000 0x00000000]
bun 0x0000000E
[S] PC = 0x00000038
[CACHE I LINE 3 READ HIT @ 0x00000038]
[SET 0: VALID, AGE 0, DATA 0x50004040 0x58000041 0x6800000E 0xFC000000]
[SET 1: INVALID, AGE 0, DATA 0x00000000 0x00000000 0x00000000 0x00000000]
bun 0x0000000E
[S] PC = 0x00000038
[CACHE I LINE 3 READ HIT @ 0x00000038]
[SET 0: VALID, AGE 0, DATA 0x50004040 0x58000041 0x6800000E 0xFC000000]
[SET 1: INVALID, AGE 0, DATA 0x00000000 0x00000000 0x00000000 0x00000000]
bun 0x0000000E
[S] PC = 0x00000038
[CACHE I LINE 3 READ HIT @ 0x00000038]
[SET 0: VALID, AGE 0, DATA 0x50004040 0x58000041 0x6800000E 0xFC000000]
[SET 1: INVALID, AGE 0, DATA 0x00000000 0x00000000 0x00000000 0x00000000]
bun 0x0000000E
[S] PC = 0x00000038
[CACHE I LINE 3 READ HIT @ 0x00000038]
[SET 0: VALID, AGE 0, DATA 0x50004040 0x58000041 0x6800000E 0xFC000000]
[SET 1: INVALID, AGE 0, DATA 0x00000000 0x00000000 0x00000000 0x00000000]
bun 0x0000000E
[S] PC = 0x00000038
[CACHE I LINE 3 READ HIT @ 0x00000038]
[SET 0: VALID, AGE 0, DATA 0x50004040 0x58000041 0x6800000E 0xFC000000]
[SET 1: INVALID, AGE 0, DATA 0x00000000 0x00000000 0x00000000 0x00000000]
bun 0x0000000E
[S] PC = 0x00000038
[CACHE I LINE 3 READ HIT @ 0x00000038]
[SET 0: VALID, AGE 0, DATA 0x50004040 0x58000041 0x6800000E 0xFC000000]
[SET 1: INVALID, AGE 0, DATA 0x00000000 0x00000000 0x00000000 0x00000000]
bun 0x0000000E
[S] PC = 0x00000038
[CACHE I LINE 3 READ HIT @ 0x00000038]
[SET 0: VALID, AGE 0, DATA 0x50004040 0x58000041 0x6800000E 0xFC000000]
[SET 1: INVALID, AGE 0, DATA 0x00000000 0x00000000 0x00000000 0x00000000]
bun 0x0000000E
[S] PC = 0x00000038
[CACHE I LINE 3 READ HIT @ 0x00000038]
[SET 0: VALID, AGE 0, DATA 0x50004040 0x58000041 0x6800000E 0xFC000000]
[SET 1: INVALID, AGE 0, DATA 0x00000000 0x00000000 0x00000000 0x00000000]
bun 0x0000000E
[S] PC = 0x00000038
[CACHE I LINE 3 READ HIT @ 0x00000038]
[SET 0: VALID, AGE 0, DATA 0x50004040 0x58000041 0x6800000E 0xFC000000]
[SET 1: INVALID, AGE 0, DATA 0x00000000 0x00000000 0x00000000 0x00000000]
bun 0x0000000E
[S] PC = 0x00000038
[CACHE I LINE 3 READ HIT @ 0x00000038]
[SET 0: VALID, AGE 0, DATA 0x50004040 0x58000041 0x6800000E 0xFC000000]
[SET 1: INVALID, AGE 0, DATA 0x00000000 0x00000000 0x00000000 0x00000000]
bun 0x0000000E
[S] PC = 0x00000038
[CACHE I LINE 3 READ HIT @ 0x00000038]
[SET 0: VALID, AGE 0, DATA 0x50004040 0x58000041 0x6800000E 0xFC000000]
[SET 1: INVALID, AGE 0, DATA 0x00000000 0x00000000 0x00000000 0x00000000]
bun 0x0000000E
[S] PC = 0x00000038
[CACHE I LINE 3 READ HIT @ 0x00000038]
[SET 0: VALID, AGE 0, DATA 0x50004040 0x58000041 0x6800000E 0xFC000000]
[SET 1: INVALID, AGE 0, DATA 0x00000000 0x00000000 0x00000000 0x00000000]
bun 0x0000000E
[S] PC = 0x00000038
[CACHE I LINE 3 READ HIT @ 0x00000038]
[SET 0: VALID, AGE 0, DATA 0x50004040 0x58000041 0x6800000E 0xFC000000]
[SET 1: INVALID, AGE 0, DATA 0x00000000 0x00000000 0x00000000 0x00000000]
bun 0x0000000E
[S] PC = 0x00000038
[CACHE I LINE 3 READ HIT @ 0x00000038]
[SET 0: VALID, AGE 0, DATA 0x50004040 0x58000041 0x6800000E 0xFC000000]
[SET 1: INVALID, AGE 0, DATA 0x00000000 0x00000000 0x00000000 0x00000000]
bun 0x0000000E
[S] PC = 0x00000038
[CACHE I LINE 3 READ HIT @ 0x00000038]
[SET 0: VALID, AGE 0, DATA 0x50004040 0x58000041 0x6800000E 0xFC000000]
[SET 1: INVALID, AGE 0, DATA 0x00000000 0x00000000 0x00000000 0x00000000]
bun 0x0000000E
[S] PC = 0x00000038
[CACHE I LINE 3 READ HIT @ 0x00000038]
[SET 0: VALID, AGE 0, DATA 0x50004040 0x58000041 0x6800000E 0xFC000000]
[SET 1: INVALID, AGE 0, DATA 0x00000000 0x00000000 0x00000000 0x00000000]
bun 0x0000000E
[S] PC = 0x00000038
[CACHE I LINE 3 READ HIT @ 0x00000038]
[SET 0: VALID, AGE 0, DATA 0x50004040 0x58000041 0x6800000E 0xFC000000]
[SET 1: INVALID, AGE 0, DATA 0x00000000 0x00000000 0x00000000 0x00000000]
bun 0x0000000E
[S] PC = 0x00000038
[CACHE I LINE 3 READ HIT @ 0x00000038]
[SET 0: VALID, AGE 0, DATA 0x50004040 0x58000041 0x6800000E 0xFC000000]
[SET 1: INVALID, AGE 0, DATA 0x00000000 0x00000000 0x00000000 0x00000000]
bun 0x0000000E
[S] PC = 0x00000038
[CACHE I LINE 3 READ HIT @ 0x00000038]
[SET 0: VALID, AGE 0, DATA 0x50004040 0x58000041 0x6800000E 0xFC000000]
[SET 1: INVALID, AGE 0, DATA 0x00000000 0x00000000 0x00000000 0x00000000]
bun 0x0000000E
[S] PC = 0x00000038
[CACHE I LINE 3 READ HIT @ 0x00000038]
[SET 0: VALID, AGE 0, DATA 0x50004040 0x58000041 0x6800000E 0xFC000000]
[SET 1: INVALID, AGE 0, DATA 0x00000000 0x00000000 0x00000000 0x00000000]
bun 0x0000000E
[S] PC = 0x00000038
[CACHE I LINE 3 READ HIT @ 0x00000038]
[SET 0: VALID, AGE 0, DATA 0x50004040 0x58000041 0x6800000E 0xFC000000]
[SET 1: INVALID, AGE 0, DATA 0x00000000 0x00000000 0x00000000 0x00000000]
bun 0x0000000E
[S] PC = 0x00000038
[CACHE I LINE 3 READ HIT @ 0x00000038]
[SET 0: VALID, AGE 0, DATA 0x50004040 0x58000041 0x6800000E 0xFC000000]
[SET 1: INVALID, AGE 0, DATA 0x00000000 0x00000000 0x00000000 0x00000000]
bun 0x0000000E
[S] PC = 0x00000038
[CACHE I LINE 3 READ HIT @ 0x00000038]
[SET 0: VALID, AGE 0, DATA 0x50004040 0x58000041 0x6800000E 0xFC000000]
[SET 1: INVALID, AGE 0, DATA 0x00000000 0x00000000 0x00000000 0x00000000]
bun 0x0000000E
[S] PC = 0x00000038
[CACHE I LINE 3 READ HIT @ 0x00000038]
[SET 0: VALID, AGE 0, DATA 0x50004040 0x58000041 0x6800000E 0xFC000000]
[SET 1: INVALID, AGE 0, DATA 0x00000000 0x00000000 0x00000000 0x00000000]
bun 0x0000000E
[S] PC = 0x00000038
[CACHE I LINE 3 READ HIT @ 0x00000038]
[SET 0: VALID, AGE 0, DATA 0x50004040 0x58000041 0x6800000E 0xFC000000]
[SET 1: INVALID, AGE 0, DATA 0x00000000 0x00000000 0x00000000 0x00000000]
bun 0x0000000E
[S] PC = 0x00000038
[CACHE I LINE 3 READ HIT @ 0x00000038]
[SET 0: VALID, AGE 0, DATA 0x50004040 0x58000041 0x6800000E 0xFC000000]
[SET 1: INVALID, AGE 0, DATA 0x00000000 0x00000000 0x00000000 0x00000000]
bun 0x0000000E
[S] PC = 0x00000038
[CACHE I LINE 3 READ HIT @ 0x00000038]
[SET 0: VALID, AGE 0, DATA 0x50004040 0x58000041 0x6800000E 0xFC000000]
[SET 1: INVALID, AGE 0, DATA 0x00000000 0x00000000 0x00000000 0x00000000]
bun 0x0000000E
[S] PC = 0x00000038
[CACHE I LINE 3 READ HIT @ 0x00000038]
[SET 0: VALID, AGE 0, DATA 0x50004040 0x58000041 0x6800000E 0xFC000000]
[SET 1: INVALID, AGE 0, DATA 0x00000000 0x00000000 0x00000000 0x00000000]
bun 0x0000000E
[S] PC = 0x00000038
[CACHE I LINE 3 READ HIT @ 0x00000038]
[SET 0: VALID, AGE 0, DATA 0x50004040 0x58000041 0x6800000E 0xFC000000]
[SET 1: INVALID, AGE 0, DATA 0x00000000 0x00000000 0x00000000 0x00000000]
bun 0x0000000E
[S] PC = 0x00000038
[CACHE I LINE 3 READ HIT @ 0x00000038]
[SET 0: VALID, AGE 0, DATA 0x50004040 0x58000041 0x6800000E 0xFC000000]
[SET 1: INVALID, AGE 0, DATA 0x00000000 0x00000000 0x00000000 0x00000000]
bun 0x0000000E
[S] PC = 0x00000038
[CACHE I LINE 3 READ HIT @ 0x00000038]
[SET 0: VALID, AGE 0, DATA 0x50004040 0x58000041 0x6800000E 0xFC000000]
[SET 1: INVALID, AGE 0, DATA 0x00000000 0x00000000 0x00000000 0x00000000]
bun 0x0000000E
[S] PC = 0x00000038
[CACHE I LINE 3 READ HIT @ 0x00000038]
[SET 0: VALID, AGE 0, DATA 0x50004040 0x58000041 0x6800000E 0xFC000000]
[SET 1: INVALID, AGE 0, DATA 0x00000000 0x00000000 0x00000000 0x00000000]
bun 0x0000000E
[S] PC = 0x00000038
[CACHE I LINE 3 READ HIT @ 0x00000038]
[SET 0: VALID, AGE 0, DATA 0x50004040 0x58000041 0x6800000E 0xFC000000]
[SET 1: INVALID, AGE 0, DATA 0x00000000 0x00000000 0x00000000 0x00000000]
bun 0x0000000E
[S] PC = 0x00000038
[CACHE I LINE 3 READ HIT @ 0x00000038]
[SET 0: VALID, AGE 0, DATA 0x50004040 0x58000041 0x6800000E 0xFC000000]
[SET 1: INVALID, AGE 0, DATA 0x00000000 0x00000000 0x00000000 0x00000000]
bun 0x0000000E
[S] PC = 0x00000038
[CACHE I LINE 3 READ HIT @ 0x00000038]
[SET 0: VALID, AGE 0, DATA 0x50004040 0x58000041 0x6800000E 0xFC000000]
[SET 1: INVALID, AGE 0, DATA 0x00000000 0x00000000 0x00000000 0x00000000]
bun 0x0000000E
[S] PC = 0x00000038
[CACHE I LINE 3 READ HIT @ 0x00000038]
[SET 0: VALID, AGE 0, DATA 0x50004040 0x58000041 0x6800000E 0xFC000000]
[SET 1: INVALID, AGE 0, DATA 0x00000000 0x00000000 0x00000000 0x00000000]
bun 0x0000000E
[S] PC = 0x00000038
[CACHE I LINE 3 READ HIT @ 0x00000038]
[SET 0: VALID, AGE 0, DATA 0x50004040 0x58000041 0x6800000E 0xFC000000]
[SET 1: INVALID, AGE 0, DATA 0x00000000 0x00000000 0x00000000 0x00000000]
bun 0x0000000E
[S] PC = 0x00000038
[CACHE I LINE 3 READ HIT @ 0x00000038]
[SET 0: VALID, AGE 0, DATA 0x50004040 0x58000041 0x6800000E 0xFC000000]
[SET 1: INVALID, AGE 0, DATA 0x00000000 0x00000000 0x00000000 0x00000000]
bun 0x0000000E
[S] PC = 0x00000038
[CACHE I LINE 3 READ HIT @ 0x00000038]
[SET 0: VALID, AGE 0, DATA 0x50004040 0x58000041 0x6800000E 0xFC000000]
[SET 1: INVALID, AGE 0, DATA 0x00000000 0x00000000 0x00000000 0x00000000]
bun 0x0000000E
[S] PC = 0x00000038
[CACHE I LINE 3 READ HIT @ 0x00000038]
[SET 0: VALID, AGE 0, DATA 0x50004040 0x58000041 0x6800000E 0xFC000000]
[SET 1: INVALID, AGE 0, DATA 0x00000000 0x00000000 0x00000000 0x00000000]
bun 0x0000000E
[S] PC = 0x00000038
[CACHE I LINE 3 READ HIT @ 0x00000038]
[SET 0: VALID, AGE 0, DATA 0x50004040 0x58000041 0x6800000E 0xFC000000]
[SET 1: INVALID, AGE 0, DATA 0x00000000 0x00000000 0x00000000 0x00000000]
bun 0x0000000E
[S] PC = 0x00000038
[CACHE I LINE 3 READ HIT @ 0x00000038]
[SET 0: VALID, AGE 0, DATA 0x50004040 0x58000041 0x6800000E 0xFC000000]
[SET 1: INVALID, AGE 0, DATA 0x00000000 0x00000000 0x00000000 0x00000000]
bun 0x0000000E
[S] PC = 0x00000038
[CACHE I LINE 3 READ HIT @ 0x00000038]
[SET 0: VALID, AGE 0, DATA 0x50004040 0x58000041 0x6800000E 0xFC000000]
[SET 1: INVALID, AGE 0, DATA 0x00000000 0x00000000 0x00000000 0x00000000]
bun 0x0000000E
[S] PC = 0x00000038
[CACHE I LINE 3 READ HIT @ 0x00000038]
[SET 0: VALID, AGE 0, DATA 0x50004040 0x58000041 0x6800000E 0xFC000000]
[SET 1: INVALID, AGE 0, DATA 0x00000000 0x00000000 0x00000000 0x00000000]
bun 0x0000000E
[S] PC = 0x00000038
[CACHE I LINE 3 READ HIT @ 0x00000038]
[SET 0: VALID, AGE 0, DATA 0x50004040 0x58000041 0x6800000E 0xFC000000]
[SET 1: INVALID, AGE 0, DATA 0x00000000 0x00000000 0x00000000 0x00000000]
bun 0x0000000E
[S] PC = 0x00000038
[CACHE I LINE 3 READ HIT @ 0x00000038]
[SET 0: VALID, AGE 0, DATA 0x50004040 0x58000041 0x6800000E 0xFC000000]
[SET 1: INVALID, AGE 0, DATA 0x00000000 0x00000000 0x00000000 0x00000000]
bun 0x0000000E
[S] PC = 0x00000038
[CACHE I LINE 3 READ HIT @ 0x00000038]
[SET 0: VALID, AGE 0, DATA 0x50004040 0x58000041 0x6800000E 0xFC000000]
[SET 1: INVALID, AGE 0, DATA 0x00000000 0x00000000 0x00000000 0x00000000]
bun 0x0000000E
[S] PC = 0x00000038
[CACHE I LINE 3 READ HIT @ 0x00000038]
[SET 0: VALID, AGE 0, DATA 0x50004040 0x58000041 0x6800000E 0xFC000000]
[SET 1: INVALID, AGE 0, DATA 0x00000000 0x00000000 0x00000000 0x00000000]
bun 0x0000000E
[S] PC = 0x00000038
[CACHE I LINE 3 READ HIT @ 0x00000038]
[SET 0: VALID, AGE 0, DATA 0x50004040 0x58000041 0x6800000E 0xFC000000]
[SET 1: INVALID, AGE 0, DATA 0x00000000 0x00000000 0x00000000 0x00000000]
bun 0x0000000E
[S] PC = 0x00000038
[CACHE I LINE 3 READ HIT @ 0x00000038]
[SET 0: VALID, AGE 0, DATA 0x50004040 0x58000041 0x6800000E 0xFC000000]
[SET 1: INVALID, AGE 0, DATA 0x00000000 0x00000000 0x00000000 0x00000000]
bun 0x0000000E
[S] PC = 0x00000038
[CACHE I LINE 3 READ HIT @ 0x00000038]
[SET 0: VALID, AGE 0, DATA 0x50004040 0x58000041 0x6800000E 0xFC000000]
[SET 1: INVALID, AGE 0, DATA 0x00000000 0x00000000 0x00000000 0x00000000]
bun 0x0000000E
[S] PC = 0x00000038
[CACHE I LINE 3 READ HIT @ 0x00000038]
[SET 0: VALID, AGE 0, DATA 0x50004040 0x58000041 0x6800000E 0xFC000000]
[SET 1: INVALID, AGE 0, DATA 0x00000000 0x00000000 0x00000000 0x00000000]
bun 0x0000000E
[S] PC = 0x00000038
[CACHE I LINE 3 READ HIT @ 0x00000038]
[SET 0: VALID, AGE 0, DATA 0x50004040 0x58000041 0x6800000E 0xFC000000]
[SET 1: INVALID, AGE 0, DATA 0x00000000 0x00000000 0x00000000 0x00000000]
bun 0x0000000E
[S] PC = 0x00000038
[CACHE I LINE 3 READ HIT @ 0x00000038]
[SET 0: VALID, AGE 0, DATA 0x50004040 0x58000041 0x6800000E 0xFC000000]
[SET 1: INVALID, AGE 0, DATA 0x00000000 0x00000000 0x00000000 0x00000000]
bun 0x0000000E
[S] PC = 0x00000038
[CACHE I LINE 3 READ HIT @ 0x00000038]
[SET 0: VALID, AGE 0, DATA 0x50004040 0x58000041 0x6800000E 0xFC000000]
[SET 1: INVALID, AGE 0, DATA 0x00000000 0x00000000 0x00000000 0x00000000]
bun 0x0000000E
[S] PC = 0x00000038
[CACHE I LINE 3 READ HIT @ 0x00000038]
[SET 0: VALID, AGE 0, DATA 0x50004040 0x58000041 0x6800000E 0xFC000000]
[SET 1: INVALID, AGE 0, DATA 0x00000000 0x00000000 0x00000000 0x00000000]
bun 0x0000000E
[S] PC = 0x00000038
[CACHE I LINE 3 READ HIT @ 0x00000038]
[SET 0: VALID, AGE 0, DATA 0x50004040 0x58000041 0x6800000E 0xFC000000]
[SET 1: INVALID, AGE 0, DATA 0x00000000 0x00000000 0x00000000 0x00000000]
bun 0x0000000E
[S] PC = 0x00000038
[CACHE I LINE 3 READ HIT @ 0x00000038]
[SET 0: VALID, AGE 0, DATA 0x50004040 0x58000041 0x6800000E 0xFC000000]
[SET 1: INVALID, AGE 0, DATA 0x00000000 0x00000000 0x00000000 0x00000000]
bun 0x0000000E
[S] PC = 0x00000038
[CACHE I LINE 3 READ HIT @ 0x00000038]
[SET 0: VALID, AGE 0, DATA 0x50004040 0x58000041 0x6800000E 0xFC000000]
[SET 1: INVALID, AGE 0, DATA 0x00000000 0x00000000 0x00000000 0x00000000]
bun 0x0000000E
[S] PC = 0x00000038
[CACHE I LINE 3 READ HIT @ 0x00000038]
[SET 0: VALID, AGE 0, DATA 0x50004040 0x58000041 0x6800000E 0xFC000000]
[SET 1: INVALID, AGE 0, DATA 0x00000000 0x00000000 0x00000000 0x00000000]
bun 0x0000000E
[S] PC = 0x00000038
[CACHE I LINE 3 READ HIT @ 0x00000038]
[SET 0: VALID, AGE 0, DATA 0x50004040 0x58000041 0x6800000E 0xFC000000]
[SET 1: INVALID, AGE 0, DATA 0x00000000 0x00000000 0x00000000 0x00000000]
bun 0x0000000E
[S] PC = 0x00000038
[CACHE I LINE 3 READ HIT @ 0x00000038]
[SET 0: VALID, AGE 0, DATA 0x50004040 0x58000041 0x6800000E 0xFC000000]
[SET 1: INVALID, AGE 0, DATA 0x00000000 0x00000000 0x00000000 0x00000000]
bun 0x0000000E
[S] PC = 0x00000038
[CACHE I LINE 3 READ HIT @ 0x00000038]
[SET 0: VALID, AGE 0, DATA 0x50004040 0x58000041 0x6800000E 0xFC000000]
[SET 1: INVALID, AGE 0, DATA 0x00000000 0x00000000 0x00000000 0x00000000]
bun 0x0000000E
[S] PC = 0x00000038
[CACHE I LINE 3 READ HIT @ 0x00000038]
[SET 0: VALID, AGE 0, DATA 0x50004040 0x58000041 0x6800000E 0xFC000000]
[SET 1: INVALID, AGE 0, DATA 0x00000000 0x00000000 0x00000000 0x00000000]
bun 0x0000000E
[S] PC = 0x00000038
[CACHE I LINE 3 READ HIT @ 0x00000038]
[SET 0: VALID, AGE 0, DATA 0x50004040 0x58000041 0x6800000E 0xFC000000]
[SET 1: INVALID, AGE 0, DATA 0x00000000 0x00000000 0x00000000 0x00000000]
bun 0x0000000E
[S] PC = 0x00000038
[CACHE I LINE 3 READ HIT @ 0x00000038]
[SET 0: VALID, AGE 0, DATA 0x50004040 0x58000041 0x6800000E 0xFC000000]
[SET 1: INVALID, AGE 0, DATA 0x00000000 0x00000000 0x00000000 0x00000000]
bun 0x0000000E
[S] PC = 0x00000038
[CACHE I LINE 3 READ HIT @ 0x00000038]
[SET 0: VALID, AGE 0, DATA 0x50004040 0x58000041 0x6800000E 0xFC000000]
[SET 1: INVALID, AGE 0, DATA 0x00000000 0x00000000 0x00000000 0x00000000]
bun 0x0000000E
[S] PC = 0x00000038
[CACHE I LINE 3 READ HIT @ 0x00000038]
[SET 0: VALID, AGE 0, DATA 0x50004040 0x58000041 0x6800000E 0xFC000000]
[SET 1: INVALID, AGE 0, DATA 0x00000000 0x00000000 0x00000000 0x00000000]
bun 0x0000000E
[S] PC = 0x00000038
[CACHE I LINE 3 READ HIT @ 0x00000038]
[SET 0: VALID, AGE 0, DATA 0x50004040 0x58000041 0x6800000E 0xFC000000]
[SET 1: INVALID, AGE 0, DATA 0x00000000 0x00000000 0x00000000 0x00000000]
bun 0x0000000E
[S] PC = 0x00000038
[CACHE I LINE 3 READ HIT @ 0x00000038]
[SET 0: VALID, AGE 0, DATA 0x50004040 0x58000041 0x6800000E 0xFC000000]
[SET 1: INVALID, AGE 0, DATA 0x00000000 0x00000000 0x00000000 0x00000000]
bun 0x0000000E
[S] PC = 0x00000038
[CACHE I LINE 3 READ HIT @ 0x00000038]
[SET 0: VALID, AGE 0, DATA 0x50004040 0x58000041 0x6800000E 0xFC000000]
[SET 1: INVALID, AGE 0, DATA 0x00000000 0x00000000 0x00000000 0x00000000]
bun 0x0000000E
[S] PC = 0x00000038
[CACHE I LINE 3 READ HIT @ 0x00000038]
[SET 0: VALID, AGE 0, DATA 0x50004040 0x58000041 0x6800000E 0xFC000000]
[SET 1: INVALID, AGE 0, DATA 0x00000000 0x00000000 0x00000000 0x00000000]
bun 0x0000000E
[S] PC = 0x00000038
[CACHE I LINE 3 READ HIT @ 0x00000038]
[SET 0: VALID, AGE 0, DATA 0x50004040 0x58000041 0x6800000E 0xFC000000]
[SET 1: INVALID, AGE 0, DATA 0x00000000 0x00000000 0x00000000 0x00000000]
bun 0x0000000E
[S] PC = 0x00000038
[CACHE I LINE 3 READ HIT @ 0x00000038]
[SET 0: VALID, AGE 0, DATA 0x50004040 0x58000041 0x6800000E 0xFC000000]
[SET 1: INVALID, AGE 0, DATA 0x00000000 0x00000000 0x00000000 0x00000000]
bun 0x0000000E
[S] PC = 0x00000038
[CACHE I LINE 3 READ HIT @ 0x00000038]
[SET 0: VALID, AGE 0, DATA 0x50004040 0x58000041 0x6800000E 0xFC000000]
[SET 1: INVALID, AGE 0, DATA 0x00000000 0x00000000 0x00000000 0x00000000]
bun 0x0000000E
[S] PC = 0x00000038
[CACHE I LINE 3 READ HIT @ 0x00000038]
[SET 0: VALID, AGE 0, DATA 0x50004040 0x58000041 0x6800000E 0xFC000000]
[SET 1: INVALID, AGE 0, DATA 0x00000000 0x00000000 0x00000000 0x00000000]
bun 0x0000000E
[S] PC = 0x00000038
[CACHE I LINE 3 READ HIT @ 0x00000038]
[SET 0: VALID, AGE 0, DATA 0x50004040 0x58000041 0x6800000E 0xFC000000]
[SET 1: INVALID, AGE 0, DATA 0x00000000 0x00000000 0x00000000 0x00000000]
bun 0x0000000E
[S] PC = 0x00000038
[CACHE I LINE 3 READ HIT @ 0x00000038]
[SET 0: VALID, AGE 0, DATA 0x50004040 0x58000041 0x6800000E 0xFC000000]
[SET 1: INVALID, AGE 0, DATA 0x00000000 0x00000000 0x00000000 0x00000000]
bun 0x0000000E
[S] PC = 0x00000038
[CACHE I LINE 3 READ HIT @ 0x00000038]
[SET 0: VALID, AGE 0, DATA 0x50004040 0x58000041 0x6800000E 0xFC000000]
[SET 1: INVALID, AGE 0, DATA 0x00000000 0x00000000 0x00000000 0x00000000]
bun 0x0000000E
[S] PC = 0x00000038
[CACHE I LINE 3 READ HIT @ 0x00000038]
[SET 0: VALID, AGE 0, DATA 0x50004040 0x58000041 0x6800000E 0xFC000000]
[SET 1: INVALID, AGE 0, DATA 0x00000000 0x00000000 0x00000000 0x00000000]
bun 0x0000000E
[S] PC = 0x00000038
[HARDWARE INTERRUPTION 1]
[CACHE I LINE 0 READ HIT @ 0x00000004]
[SET 0: VALID, AGE 0, DATA 0x94001400 0x9C0013FE 0xFC000000 0xFC000000]
[SET 1: INVALID, AGE 0, DATA 0x00000000 0x00000000 0x00000000 0x00000000]
isr r31, r30, 0x0004
[F] R31 = IPC >> 2 = 0x0000000E, R30 = CR = 0xE1AC04DA, PC = 0x00000010
[CACHE I LINE 1 READ HIT @ 0x00000010]
[SET 0: VALID, AGE 0, DATA 0xFC000064 0x04010020 0x40030C61 0x50004020]
[SET 1: INVALID, AGE 0, DATA 0x00000000 0x00000000 0x00000000 0x00000000]
int 100
[S] CR = 0x00000064, PC = 0x0000000C
[SOFTWARE INTERRUPTION]
[CACHE I LINE 0 READ HIT @ 0x0000000C]
[SET 0: VALID, AGE 0, DATA 0x94001400 0x9C0013FE 0xFC000000 0xFC000000]
[SET 1: INVALID, AGE 0, DATA 0x00000000 0x00000000 0x00000000 0x00000000]
int 0
[S] CR = 0x00000000, PC = 0x00000000
[END OF SIMULATION]
[CACHE D STATISTICS] #Hit = 1 (50%), #Miss = 1 (50%)
[CACHE I STATISTICS] #Hit = 109 (96%), #Miss = 4 (4%)

