[START OF SIMULATION]
bun 0x00000004
[S] PC = 0x00000010
addi r1, r0, 1
[F] FR = 0x00000000, R1 = R0 + 0x0001 = 0x00000001
addi r2, r0, 2
[F] FR = 0x00000000, R2 = R0 + 0x0002 = 0x00000002
cmp r1, r2
[U] FR = 0x00000002
blt 0x00000009
[S] PC = 0x00000024
addi r11, r0, 1
[F] FR = 0x00000002, R11 = R0 + 0x0001 = 0x00000001
cmp r2, r1
[U] FR = 0x00000004
blt 0x0000000E
[S] PC = 0x00000030
addi r12, r0, 1
[F] FR = 0x00000004, R12 = R0 + 0x0001 = 0x00000001
bun 0x0000000F
[S] PC = 0x0000003C
int 0
[S] CR = 0x00000000, PC = 0x00000000
[END OF SIMULATION]
